[2016.03.28-13.15.38:557][  0]Log file open, 03/28/16 09:15:38
[2016.03.28-13.15.38:557][  0]LogInit:Display: Running engine for game: Flight
[2016.03.28-13.15.38:557][  0]LogPlatformFile: Not using cached read wrapper
[2016.03.28-13.15.38:557][  0]LogInit:Display: RandInit(-263354530) SRandInit(-263354528).
[2016.03.28-13.15.38:557][  0]LogTaskGraph: Started task graph with 4 named threads and 7 total threads.
[2016.03.28-13.15.38:557][  0]LogStats: Stats thread started at 0.148314
[2016.03.28-13.15.38:557][  0]LogInit: Version: 4.10.4-2872498+++depot+UE4-Releases+4.10
[2016.03.28-13.15.38:557][  0]LogInit: API Version: 2758231
[2016.03.28-13.15.38:557][  0]LogInit: Compiled (64-bit): Feb 18 2016 15:47:04
[2016.03.28-13.15.38:557][  0]LogInit: Compiled with Visual C++: 19.00.23026.00
[2016.03.28-13.15.38:557][  0]LogInit: Build Configuration: Development
[2016.03.28-13.15.38:557][  0]LogInit: Branch Name: ++depot+UE4-Releases+4.10
[2016.03.28-13.15.38:557][  0]LogInit: Command line: 
[2016.03.28-13.15.38:557][  0]LogInit: Base directory: C:/Program Files/Epic Games/4.10/Engine/Binaries/Win64/
[2016.03.28-13.15.38:557][  0]LogInit: Rocket: 1
[2016.03.28-13.15.38:572][  0]LogInit: Using libcurl 7.41.0
[2016.03.28-13.15.38:572][  0]LogInit:  - built for x86_64-pc-win32
[2016.03.28-13.15.38:572][  0]LogInit:  - supports SSL with WinSSL
[2016.03.28-13.15.38:572][  0]LogInit:  - other features:
[2016.03.28-13.15.38:572][  0]LogInit:      CURL_VERSION_SSL
[2016.03.28-13.15.38:572][  0]LogInit:      CURL_VERSION_IPV6
[2016.03.28-13.15.38:572][  0]LogInit:      CURL_VERSION_ASYNCHDNS
[2016.03.28-13.15.38:572][  0]LogInit:      CURL_VERSION_LARGEFILE
[2016.03.28-13.15.38:572][  0]LogInit:      CURL_VERSION_IDN
[2016.03.28-13.15.38:572][  0]LogInit:  CurlRequestOptions (configurable via config and command line):
[2016.03.28-13.15.38:572][  0]LogInit:  - bVerifyPeer = true  - Libcurl will verify peer certificate
[2016.03.28-13.15.38:572][  0]LogInit:  - bUseHttpProxy = false  - Libcurl will NOT use HTTP proxy
[2016.03.28-13.15.38:572][  0]LogInit:  - bDontReuseConnections = false  - Libcurl will reuse connections
[2016.03.28-13.15.38:572][  0]LogInit:  - CertBundlePath = nullptr  - Libcurl will use whatever was configured at build time.
[2016.03.28-13.15.38:603][  0]LogInit: Presizing for 0 objects not considered by GC, pre-allocating 0 bytes.
[2016.03.28-13.15.38:603][  0]LogInit: Object subsystem initialized
[2016.03.28-13.15.38:603][  0]LogInit: Selected Device Profile: [Windows]
[2016.03.28-13.15.38:603][  0]LogInit: Applying CVar settings loaded from the selected device profile: [Windows]
[2016.03.28-13.15.38:619][  0]LogInit: Computer: C401IT33
[2016.03.28-13.15.38:619][  0]LogInit: User: bbailey
[2016.03.28-13.15.38:619][  0]LogInit: CPU Page size=4096, Cores=4
[2016.03.28-13.15.38:619][  0]LogInit: High frequency timer resolution =3.507714 MHz
[2016.03.28-13.15.38:619][  0]LogMemory: Memory total: Physical=15.9GB (16GB approx)
[2016.03.28-13.15.38:619][  0]LogMemory: Platform Memory Stats for Windows
[2016.03.28-13.15.38:619][  0]LogMemory: Process Physical Memory: 58.40 MB used, 58.40 MB peak
[2016.03.28-13.15.38:619][  0]LogMemory: Process Virtual Memory: 58.05 MB used, 58.05 MB peak
[2016.03.28-13.15.38:619][  0]LogMemory: Physical Memory: 5630.41 MB used, 16326.03 MB total
[2016.03.28-13.15.38:619][  0]LogMemory: Virtual Memory: 350.84 MB used, 8388608.00 MB total
[2016.03.28-13.15.38:639][  0]LogTextLocalizationManager: No specific translations for ('en-CA') exist, so ('en') translations will be used.
[2016.03.28-13.15.38:949][  0]LogD3D11RHI: Found D3D11 adapter 0: NVIDIA Quadro K620 (Feature Level 11_0)
[2016.03.28-13.15.38:949][  0]LogD3D11RHI: Adapter has 1993MB of dedicated video memory, 0MB of dedicated system memory, and 7907MB of shared system memory, 1 output[s]
[2016.03.28-13.15.38:949][  0]LogD3D11RHI: Chosen D3D11 Adapter Id = 0
[2016.03.28-13.15.38:953][  0]LogD3D11RHI: !Direct3DDevice
[2016.03.28-13.15.38:953][  0]LogRHI: Texture pool is 1361 MB (70% of 1945 MB)
[2016.03.28-13.15.38:963][  0]LogD3D11RHI: Async texture creation enabled
[2016.03.28-13.15.38:977][  0]LogShaderCompilers: Guid format shader working directory is -12 characters bigger than the processId version (../../../../../../Users/bbailey/Documents/Flat-Flight/Flight/Intermediate/Shaders/WorkingDirectory/7544/).
[2016.03.28-13.15.38:977][  0]LogShaderCompilers: Cleaned the shader compiler working directory 'C:/Users/bbailey/AppData/Local/Temp/UnrealShaderWorkingDir/3D24F73044B8EE6FC6DE8788DAF0FF78/'.
[2016.03.28-13.15.38:977][  0]LogShaderCompilers:Display: Using Local Shader Compiler.
[2016.03.28-13.15.39:563][  0]LogTemp:Display: Loaded TP AllDesktopTargetPlatform
[2016.03.28-13.15.39:571][  0]LogTemp:Display: Loaded TP WindowsClientTargetPlatform
[2016.03.28-13.15.39:579][  0]LogTemp:Display: Loaded TP WindowsNoEditorTargetPlatform
[2016.03.28-13.15.39:588][  0]LogTemp:Display: Loaded TP WindowsServerTargetPlatform
[2016.03.28-13.15.39:598][  0]LogTemp:Display: Loaded TP WindowsTargetPlatform
[2016.03.28-13.15.39:604][  0]LogTemp:Display: Loaded TP AndroidTargetPlatform
[2016.03.28-13.15.39:608][  0]LogTemp:Display: Loaded TP Android_ASTCTargetPlatform
[2016.03.28-13.15.39:612][  0]LogTemp:Display: Loaded TP Android_ATCTargetPlatform
[2016.03.28-13.15.39:616][  0]LogTemp:Display: Loaded TP Android_DXTTargetPlatform
[2016.03.28-13.15.39:621][  0]LogTemp:Display: Loaded TP Android_ETC1TargetPlatform
[2016.03.28-13.15.39:625][  0]LogTemp:Display: Loaded TP Android_ETC2TargetPlatform
[2016.03.28-13.15.39:635][  0]LogTemp:Display: Loaded TP Android_MultiTargetPlatform
[2016.03.28-13.15.39:635][  0]LogTemp:Display: Loaded TP Android_PVRTCTargetPlatform
[2016.03.28-13.15.39:637][  0]LogTemp:Display: Loaded TP HTML5TargetPlatform
[2016.03.28-13.15.39:660][  0]LogTemp:Display: Loaded TP IOSTargetPlatform
[2016.03.28-13.15.39:664][  0]LogTemp:Display: Loaded TP LinuxNoEditorTargetPlatform
[2016.03.28-13.15.39:668][  0]LogTemp:Display: Loaded TP LinuxServerTargetPlatform
[2016.03.28-13.15.39:673][  0]LogTemp:Display: Loaded TP LinuxTargetPlatform
[2016.03.28-13.15.39:673][  0]LogTargetPlatformManager:Display: Building Assets For Windows
[2016.03.28-13.15.39:808][  0]LogDerivedDataCache:Display: Max Cache Size: 512 MB
[2016.03.28-13.15.39:858][  0]LogDerivedDataCache: Loaded boot cache 0.05s 64MB C:/Users/bbailey/AppData/Local/UnrealEngine/4.10/DerivedDataCache/Boot.ddc.
[2016.03.28-13.15.39:858][  0]LogDerivedDataCache:Display: Loaded Boot cache: C:/Users/bbailey/AppData/Local/UnrealEngine/4.10/DerivedDataCache/Boot.ddc
[2016.03.28-13.15.39:859][  0]LogDerivedDataCache: FDerivedDataBackendGraph:  Pak pak cache file ../../../../../../Users/bbailey/Documents/Flat-Flight/Flight/DerivedDataCache/DDC.ddp not found, will not use a pak cache.
[2016.03.28-13.15.39:859][  0]LogDerivedDataCache: Unable to find inner node Pak for hierarchical cache Hierarchy.
[2016.03.28-13.15.39:859][  0]LogDerivedDataCache: FDerivedDataBackendGraph:  CompressedPak pak cache file ../../../../../../Users/bbailey/Documents/Flat-Flight/Flight/DerivedDataCache/Compressed.ddp not found, will not use a pak cache.
[2016.03.28-13.15.39:859][  0]LogDerivedDataCache: Unable to find inner node CompressedPak for hierarchical cache Hierarchy.
[2016.03.28-13.15.39:903][  0]LogDerivedDataCache:Display: Pak cache opened for reading ../../../Engine/DerivedDataCache/Compressed.ddp.
[2016.03.28-13.15.39:915][  0]LogDerivedDataCache: Using Local data cache path C:/Users/bbailey/AppData/Local/UnrealEngine/Common/DerivedDataCache: Writable
[2016.03.28-13.15.40:033][  0]LogCollisionProfile:Warning: Profile (Player) - Custom Channel Name = 'Bullet' hasn't been found
[2016.03.28-13.15.40:033][  0]LogCollisionProfile:Warning: Profile (Enemy) - Custom Channel Name = 'Bullet' hasn't been found
[2016.03.28-13.15.40:033][  0]LogCollisionProfile:Warning: Profile (Enemy) - Custom Channel Name = 'GameTraceChannel5' hasn't been found
[2016.03.28-13.15.40:033][  0]LogCollisionProfile:Warning: Profile (Enemy) - Custom Channel Name = 'GameTraceChannel6' hasn't been found
[2016.03.28-13.15.40:033][  0]LogCollisionProfile:Warning: Profile (PickUps) - Custom Channel Name = 'GameTraceChannel5' hasn't been found
[2016.03.28-13.15.40:034][  0]LogCollisionProfile:Warning: Profile (PickUps) - Custom Channel Name = 'GameTraceChannel6' hasn't been found
[2016.03.28-13.15.40:034][  0]LogCollisionProfile:Warning: Profile (PlayerBullets) - Custom Channel Name = 'GameTraceChannel6' hasn't been found
[2016.03.28-13.15.40:034][  0]LogCollisionProfile:Warning: Profile (EnemyBullets) - Custom Channel Name = 'GameTraceChannel6' hasn't been found
[2016.03.28-13.15.40:037][  0]LogInit: Selected Device Profile: [Windows]
[2016.03.28-13.15.40:037][  0]LogContentStreaming: Texture pool size is 0.000000MB
[2016.03.28-13.15.40:068][  0]LogMeshUtilities: No automatic mesh reduction module available
[2016.03.28-13.15.40:069][  0]LogMeshUtilities: No automatic mesh merging module available
[2016.03.28-13.15.40:320][  0]LogInit: WinSock: version 1.1 (2.2), MaxSocks=32767, MaxUdp=65467
[2016.03.28-13.15.41:076][  0]UdpMessaging: Initializing bridge on interface 0.0.0.0:0 to multicast group 230.0.0.1:6666.
[2016.03.28-13.15.41:639][  0]LogAssetRegistry: FAssetRegistry took 0.0106 seconds to start up
[2016.03.28-13.15.41:860][  0]SourceControl: Info Source control is disabled
[2016.03.28-13.15.41:882][  0]SourceControl: Info Source control is disabled
[2016.03.28-13.15.41:893][  0]SourceControl: Info Source control is disabled
[2016.03.28-13.15.41:905][  0]SourceControl: Info Source control is disabled
[2016.03.28-13.15.42:126][  0]LogObj: 30737 objects as part of root set at end of initial load.
[2016.03.28-13.15.42:126][  0]LogUObjectAllocator: 7143808 out of 0 bytes used by permanent object pool.
[2016.03.28-13.15.42:187][  0]LogEngine: Initializing Engine...
[2016.03.28-13.15.42:189][  0]OCULUS: Info: 03/28/16 13:15:42: [CAPI] LibOVR module is located at C:\Windows\system32\LibOVRRT64_0_8.dll

[2016.03.28-13.15.42:189][  0]OCULUS: Info: 03/28/16 13:15:42: [IPC] Call Stats for SetInitialState : x1: C2S=15.9648, S2C=3.42103, Runtime=35.9208 (microseconds) C2Ssize=80, S2Csize=81 (bytes)

[2016.03.28-13.15.42:189][  0]OCULUS: Info: 03/28/16 13:15:42: [IPC] Call Stats for IsLatencyTesterAvailable : x1: C2S=7.69732, S2C=1.9956, Runtime=0.855258 (microseconds) C2Ssize=33, S2Csize=18 (bytes)

[2016.03.28-13.15.42:202][  0]LogHMD: SteamVR failed to initialize.  Err: 110
[2016.03.28-13.15.42:305][  0]LogAIModule: Creating AISystem for world NewWorld
[2016.03.28-13.15.42:310][  0]LogInit: XAudio2 using 'Speakers / Headphones (Realtek High Definition Audio)' : 2 channels at 48 kHz using 32 bits per sample (channel mask 0x3)
[2016.03.28-13.15.42:378][  0]LogInit: FAudioDevice initialized.
[2016.03.28-13.15.42:408][  0]LogDerivedDataCache: Saved boot cache 0.03s 64MB C:/Users/bbailey/AppData/Local/UnrealEngine/4.10/DerivedDataCache/Boot.ddc.
[2016.03.28-13.15.42:414][  0]LogInit: Texture streaming: Enabled
[2016.03.28-13.15.42:425][  0]LogAnalytics: Creating configured Analytics provider AnalyticsET
[2016.03.28-13.15.42:425][  0]LogAnalytics: [UEEditor.Rocket.Release] APIServer = http://et2.epicgames.com/ET2/. AppVersion = 4.10.4-2872498+++depot+UE4-Releases+4.10
[2016.03.28-13.15.42:425][  0]LogAnalytics: [UEEditor.Rocket.Release] SetUserId 58709fb747ec5d3c40d8f3b51c8df47e|bccdf9c3033b4357bb93aaf6cd9ec9c0|b399840a-6214-4cdc-89af-39f57a6d8d1f
[2016.03.28-13.15.42:425][  0]LogAnalytics: [UEEditor.Rocket.Release] AnalyticsET::StartSession
[2016.03.28-13.15.42:437][  0]LogInit: Transaction tracking system initialized
[2016.03.28-13.15.42:497][  0]BlueprintLog: New page: Editor Load
[2016.03.28-13.15.42:705][  0]LocalizationService: Info Localization service is disabled
[2016.03.28-13.15.42:822][  0]LogConsoleResponse:Display: 
[2016.03.28-13.15.42:917][  0]LogCook:Display: Done creating registry. It took  0.00s.
[2016.03.28-13.15.43:014][  0]LogFileCache: Scanning file cache for directory 'C:/Users/bbailey/Documents/Flat-Flight/Flight/Content/' took 0.01s
[2016.03.28-13.15.43:014][  0]SourceControl: Info Source control is disabled
[2016.03.28-13.15.43:014][  0]Cmd: MAP LOAD FILE="../../../../../../Users/bbailey/Documents/Flat-Flight/Flight/Content/Maps/MapWithPowerUps.umap" TEMPLATE=0 SHOWPROGRESS=1 FEATURELEVEL=3
[2016.03.28-13.15.43:015][  0]LightingResults: New page: Lighting Build
[2016.03.28-13.15.43:019][  0]MapCheck: New page: Map Check
[2016.03.28-13.15.43:019][  0]LightingResults: New page: Lighting Build
[2016.03.28-13.15.43:028][  0]LogParticles: Destroying 0 GPU particle simulations for FXSystem 0x00000000266976A0
[2016.03.28-13.15.43:242][  0]LogAIModule: Creating AISystem for world MapWithPowerUps
[2016.03.28-13.15.43:245][  0]LogEditorServer: Finished looking for orphan Actors (0.000 secs)
[2016.03.28-13.15.43:246][  0]Cmd: MAP CHECKDEP NOCLEARLOG
[2016.03.28-13.15.43:297][  0]MapCheck: Info Map check complete: 0 Error(s), 0 Warning(s), took 50.001ms to complete.
[2016.03.28-13.15.43:297][  0]LogFileHelpers: Loading map 'MapWithPowerUps' took 0.283
[2016.03.28-13.15.43:382][  0]LogCollectionManager: Loaded 0 collections in 0.001812 seconds
[2016.03.28-13.15.43:422][  0]LogFileCache: Scanning file cache for directory 'C:/Users/bbailey/Documents/Flat-Flight/Flight/Saved/Collections/' took 0.01s
[2016.03.28-13.15.43:422][  0]LogFileCache: Scanning file cache for directory 'C:/Users/bbailey/Documents/Flat-Flight/Flight/Content/Developers/bbailey/Collections/' took 0.01s
[2016.03.28-13.15.43:422][  0]LogFileCache: Scanning file cache for directory 'C:/Users/bbailey/Documents/Flat-Flight/Flight/Content/Collections/' took 0.01s
[2016.03.28-13.15.43:422][  0]LogCollectionManager: Rebuilt the GUID cache for 0 collections in 0.000002 seconds
[2016.03.28-13.15.43:429][  0]LogContentBrowser: Native class hierarchy populated in 0.0076 seconds. Added 1921 classes and 343 folders.
[2016.03.28-13.15.43:441][  0]LogContentBrowser: Native class hierarchy updated for 'WidgetCarousel' in 0.0021 seconds. Added 0 classes and 0 folders.
[2016.03.28-13.15.43:478][  0]LogContentBrowser: Native class hierarchy updated for 'AddContentDialog' in 0.0022 seconds. Added 0 classes and 0 folders.
[2016.03.28-13.15.43:490][  0]LogContentBrowser: Native class hierarchy updated for 'SceneOutliner' in 0.0022 seconds. Added 1 classes and 2 folders.
[2016.03.28-13.15.43:507][  0]LogCrashTracker: Crashtracker disabled due to settings.
[2016.03.28-13.15.43:510][  0]LogUObjectGlobals:Warning: Failed to find object 'Class None.'
[2016.03.28-13.15.43:531][  0]LogLoad: Full Startup: 5.70 seconds (BP compile: 0.06 seconds)
[2016.03.28-13.15.43:540][  0]LogOcInput: OculusInput is initialized. Init status 0. Runtime version: 0.8.0.0
[2016.03.28-13.15.43:582][  0]LogContentStreaming: Texture pool size now 1000 MB
[2016.03.28-13.15.43:696][  0]LogRenderer: Reallocating scene render targets to support 1208x572 (Frame:2).
[2016.03.28-13.15.43:737][  1]LogFileCache: Retrieving MD5 hashes for directory 'C:/Users/bbailey/Documents/Flat-Flight/Flight/Content/' took 0.19s
[2016.03.28-13.15.43:825][  3]LogAssetRegistry: Asset discovery search completed in 2.1971 seconds
[2016.03.28-13.15.43:825][  3]LogCollectionManager: Rebuilt the object cache for 0 collections in 0.000001 seconds (found 0 objects)
[2016.03.28-13.15.43:826][  3]LogCollectionManager: Fixed up redirectors for 0 collections in 0.000069 seconds (updated 0 objects)
[2016.03.28-13.15.45:277][105]LogPlayLevel: PlayLevel: No blueprints needed recompiling
[2016.03.28-13.15.45:277][105]PIE: New page: PIE session: MapWithPowerUps (Mar 28, 2016, 5:15:45 AM)
[2016.03.28-13.15.45:278][105]LogPlayLevel: Creating play world package: /Game/Maps/UEDPIE_0_MapWithPowerUps
[2016.03.28-13.15.45:281][105]LogPlayLevel: PIE: StaticDuplicateObject took: (0.003501s)
[2016.03.28-13.15.45:282][105]LogAIModule: Creating AISystem for world MapWithPowerUps
[2016.03.28-13.15.45:282][105]LogPlayLevel: PIE: World Init took: (0.001033s)
[2016.03.28-13.15.45:283][105]LogPlayLevel: PIE: Created PIE world by copying editor world from /Game/Maps/MapWithPowerUps.MapWithPowerUps to /Game/Maps/UEDPIE_0_MapWithPowerUps.MapWithPowerUps (0.005028s)
[2016.03.28-13.15.45:299][105]LogInit: XAudio2 using 'Speakers / Headphones (Realtek High Definition Audio)' : 2 channels at 48 kHz using 32 bits per sample (channel mask 0x3)
[2016.03.28-13.15.45:307][105]LogInit: FAudioDevice initialized.
[2016.03.28-13.15.45:353][105]LogWorld: Game class is 'FlightGameMode'
[2016.03.28-13.15.45:355][105]LogWorld: Bringing World /Game/Maps/UEDPIE_0_MapWithPowerUps.MapWithPowerUps up for play (max tick rate 0) at 2016.03.28-09.15.45
[2016.03.28-13.15.45:355][105]LogActor:Warning: GameSession /Game/Maps/UEDPIE_0_MapWithPowerUps.MapWithPowerUps:PersistentLevel.GameSession_0 has natively added scene component(s), but none of them were set as the actor's RootComponent - picking one arbitrarily
[2016.03.28-13.15.45:355][105]LogActor:Warning: GameNetworkManager /Game/Maps/UEDPIE_0_MapWithPowerUps.MapWithPowerUps:PersistentLevel.GameNetworkManager_0 has natively added scene component(s), but none of them were set as the actor's RootComponent - picking one arbitrarily
[2016.03.28-13.15.45:355][105]LogWorld: Bringing up level for play took: 0.001751
[2016.03.28-13.15.45:357][105]PIE: Info Play in editor start time for /Game/Maps/UEDPIE_0_MapWithPowerUps 0.37
[2016.03.28-13.15.50:924][644]LogSpawn:Warning: SpawnActor failed because the spawned actor IsPendingKill
[2016.03.28-13.16.11:148][615]LogSpawn:Warning: SpawnActor failed because the spawned actor IsPendingKill
[2016.03.28-13.16.27:543][206]LogParticles: Destroying 0 GPU particle simulations for FXSystem 0x0000000004130AE0
[2016.03.28-13.28.31:584][602]AssetReimport: New page: Outstanding source content changes 5:28:31 AM
[2016.03.28-13.28.31:587][602]LogFactory: FactoryCreateBinary: Texture with ReimportTextureFactory (0 0 C:/Users/bbailey/Documents/Flat-Flight/Flight/Content/Textures/piq_133269_400x400.png)
[2016.03.28-13.28.31:611][603]LogFactory: FactoryCreateBinary: Texture with ReimportTextureFactory (0 0 C:/Users/bbailey/Documents/Flat-Flight/Flight/Content/Textures/a_little_heart_by_tylernocks-d63c4e0.png)
[2016.03.28-13.28.31:643][603]Cmd: OBJ SAVEPACKAGE PACKAGE="/Game/Textures/piq_133269_400x400" FILE="../../../../../../Users/bbailey/Documents/Flat-Flight/Flight/Content/Textures/piq_133269_400x400.uasset" SILENT=true
[2016.03.28-13.28.31:669][603]LogSavePackage: Save=13.046389ms
[2016.03.28-13.28.31:670][603]LogSavePackage: Moving '../../../../../../Users/bbailey/Documents/Flat-Flight/Flight/Saved/piq_133269_400x4004AE5061741D5A65B255498B0D62F16B1.tmp' to '../../../../../../Users/bbailey/Documents/Flat-Flight/Flight/Content/Textures/piq_133269_400x400.uasset'
[2016.03.28-13.28.31:671][603]LogSavePackage: Total save time: 26.341375ms
[2016.03.28-13.28.31:672][603]LogSavePackage:Display: Finished SavePackage ../../../../../../Users/bbailey/Documents/Flat-Flight/Flight/Content/Textures/piq_133269_400x400.uasset
[2016.03.28-13.28.31:684][603]LogSavePackage: Save=3.618596ms
[2016.03.28-13.28.31:684][603]LogSavePackage: Moving '../../../../../../Users/bbailey/Documents/Flat-Flight/Flight/Saved/a_little_heart_by_tylernocks-d63c4e03429604E4506541D6F2679908A6E9139.tmp' to '../../../../../../Users/bbailey/Documents/Flat-Flight/Flight/Content/Textures/a_little_heart_by_tylernocks-d63c4e0.uasset'
[2016.03.28-13.28.31:687][603]LogSavePackage: Total save time: 6.104261ms
[2016.03.28-13.28.31:687][603]LogSavePackage:Display: Finished SavePackage ../../../../../../Users/bbailey/Documents/Flat-Flight/Flight/Content/Textures/a_little_heart_by_tylernocks-d63c4e0.uasset
[2016.03.28-13.28.34:695][820]AssetReimport: Info Importing new asset /Game/Textures/piq_133269_400x400.
[2016.03.28-13.28.34:695][820]AssetReimport: Info Importing new asset /Game/Textures/a_little_heart_by_tylernocks-d63c4e0.
[2016.03.28-13.33.15:641][857]Cmd: OBJ SAVEPACKAGE PACKAGE="/Game/Textures/Shield" FILE="../../../../../../Users/bbailey/Documents/Flat-Flight/Flight/Content/Textures/Shield.uasset" SILENT=true
[2016.03.28-13.33.15:649][857]LogSavePackage: Save=6.1