[2016.03.28-13.01.51:830][  0]Log file open, 03/28/16 09:01:51
[2016.03.28-13.01.51:830][  0]LogInit:Display: Running engine for game: Flight
[2016.03.28-13.01.51:830][  0]LogPlatformFile: Not using cached read wrapper
[2016.03.28-13.01.51:830][  0]LogInit:Display: RandInit(1131612429) SRandInit(1131612432).
[2016.03.28-13.01.51:830][  0]LogTaskGraph: Started task graph with 4 named threads and 7 total threads.
[2016.03.28-13.01.51:830][  0]LogStats: Stats thread started at 0.138366
[2016.03.28-13.01.51:830][  0]LogInit: Version: 4.10.4-2872498+++depot+UE4-Releases+4.10
[2016.03.28-13.01.51:830][  0]LogInit: API Version: 2758231
[2016.03.28-13.01.51:830][  0]LogInit: Compiled (64-bit): Feb 18 2016 15:47:04
[2016.03.28-13.01.51:830][  0]LogInit: Compiled with Visual C++: 19.00.23026.00
[2016.03.28-13.01.51:830][  0]LogInit: Build Configuration: Development
[2016.03.28-13.01.51:830][  0]LogInit: Branch Name: ++depot+UE4-Releases+4.10
[2016.03.28-13.01.51:830][  0]LogInit: Command line: 
[2016.03.28-13.01.51:830][  0]LogInit: Base directory: C:/Program Files/Epic Games/4.10/Engine/Binaries/Win64/
[2016.03.28-13.01.51:830][  0]LogInit: Rocket: 1
[2016.03.28-13.01.51:845][  0]LogInit: Using libcurl 7.41.0
[2016.03.28-13.01.51:845][  0]LogInit:  - built for x86_64-pc-win32
[2016.03.28-13.01.51:845][  0]LogInit:  - supports SSL with WinSSL
[2016.03.28-13.01.51:845][  0]LogInit:  - other features:
[2016.03.28-13.01.51:846][  0]LogInit:      CURL_VERSION_SSL
[2016.03.28-13.01.51:846][  0]LogInit:      CURL_VERSION_IPV6
[2016.03.28-13.01.51:846][  0]LogInit:      CURL_VERSION_ASYNCHDNS
[2016.03.28-13.01.51:846][  0]LogInit:      CURL_VERSION_LARGEFILE
[2016.03.28-13.01.51:846][  0]LogInit:      CURL_VERSION_IDN
[2016.03.28-13.01.51:846][  0]LogInit:  CurlRequestOptions (configurable via config and command line):
[2016.03.28-13.01.51:846][  0]LogInit:  - bVerifyPeer = true  - Libcurl will verify peer certificate
[2016.03.28-13.01.51:846][  0]LogInit:  - bUseHttpProxy = false  - Libcurl will NOT use HTTP proxy
[2016.03.28-13.01.51:846][  0]LogInit:  - bDontReuseConnections = false  - Libcurl will reuse connections
[2016.03.28-13.01.51:846][  0]LogInit:  - CertBundlePath = nullptr  - Libcurl will use whatever was configured at build time.
[2016.03.28-13.01.51:873][  0]LogInit: Presizing for 0 objects not considered by GC, pre-allocating 0 bytes.
[2016.03.28-13.01.51:880][  0]LogInit: Object subsystem initialized
[2016.03.28-13.01.51:881][  0]LogInit: Selected Device Profile: [Windows]
[2016.03.28-13.01.51:881][  0]LogInit: Applying CVar settings loaded from the selected device profile: [Windows]
[2016.03.28-13.01.51:891][  0]LogInit: Computer: C401IT33
[2016.03.28-13.01.51:891][  0]LogInit: User: bbailey
[2016.03.28-13.01.51:891][  0]LogInit: CPU Page size=4096, Cores=4
[2016.03.28-13.01.51:891][  0]LogInit: High frequency timer resolution =3.507714 MHz
[2016.03.28-13.01.51:891][  0]LogMemory: Memory total: Physical=15.9GB (16GB approx)
[2016.03.28-13.01.51:892][  0]LogMemory: Platform Memory Stats for Windows
[2016.03.28-13.01.51:892][  0]LogMemory: Process Physical Memory: 58.40 MB used, 58.40 MB peak
[2016.03.28-13.01.51:892][  0]LogMemory: Process Virtual Memory: 58.06 MB used, 58.06 MB peak
[2016.03.28-13.01.51:892][  0]LogMemory: Physical Memory: 5800.05 MB used, 16326.03 MB total
[2016.03.28-13.01.51:892][  0]LogMemory: Virtual Memory: 350.84 MB used, 8388608.00 MB total
[2016.03.28-13.01.51:950][  0]LogTextLocalizationManager: No specific translations for ('en-CA') exist, so ('en') translations will be used.
[2016.03.28-13.01.52:317][  0]LogD3D11RHI: Found D3D11 adapter 0: NVIDIA Quadro K620 (Feature Level 11_0)
[2016.03.28-13.01.52:317][  0]LogD3D11RHI: Adapter has 1993MB of dedicated video memory, 0MB of dedicated system memory, and 7907MB of shared system memory, 1 output[s]
[2016.03.28-13.01.52:317][  0]LogD3D11RHI: Chosen D3D11 Adapter Id = 0
[2016.03.28-13.01.52:321][  0]LogD3D11RHI: !Direct3DDevice
[2016.03.28-13.01.52:321][  0]LogRHI: Texture pool is 1361 MB (70% of 1945 MB)
[2016.03.28-13.01.52:331][  0]LogD3D11RHI: Async texture creation enabled
[2016.03.28-13.01.52:345][  0]LogShaderCompilers: Guid format shader working directory is -12 characters bigger than the processId version (../../../../../../Users/bbailey/Documents/Flat-Flight/Flight/Intermediate/Shaders/WorkingDirectory/5140/).
[2016.03.28-13.01.52:346][  0]LogShaderCompilers: Cleaned the shader compiler working directory 'C:/Users/bbailey/AppData/Local/Temp/UnrealShaderWorkingDir/2D447F4845DF84F50FF1C7B04B1FBDA9/'.
[2016.03.28-13.01.52:346][  0]LogShaderCompilers:Display: Using Local Shader Compiler.
[2016.03.28-13.01.52:951][  0]LogTemp:Display: Loaded TP AllDesktopTargetPlatform
[2016.03.28-13.01.52:960][  0]LogTemp:Display: Loaded TP WindowsClientTargetPlatform
[2016.03.28-13.01.52:968][  0]LogTemp:Display: Loaded TP WindowsNoEditorTargetPlatform
[2016.03.28-13.01.52:977][  0]LogTemp:Display: Loaded TP WindowsServerTargetPlatform
[2016.03.28-13.01.52:986][  0]LogTemp:Display: Loaded TP WindowsTargetPlatform
[2016.03.28-13.01.52:991][  0]LogTemp:Display: Loaded TP AndroidTargetPlatform
[2016.03.28-13.01.52:995][  0]LogTemp:Display: Loaded TP Android_ASTCTargetPlatform
[2016.03.28-13.01.53:000][  0]LogTemp:Display: Loaded TP Android_ATCTargetPlatform
[2016.03.28-13.01.53:005][  0]LogTemp:Display: Loaded TP Android_DXTTargetPlatform
[2016.03.28-13.01.53:010][  0]LogTemp:Display: Loaded TP Android_ETC1TargetPlatform
[2016.03.28-13.01.53:015][  0]LogTemp:Display: Loaded TP Android_ETC2TargetPlatform
[2016.03.28-13.01.53:025][  0]LogTemp:Display: Loaded TP Android_MultiTargetPlatform
[2016.03.28-13.01.53:025][  0]LogTemp:Display: Loaded TP Android_PVRTCTargetPlatform
[2016.03.28-13.01.53:028][  0]LogTemp:Display: Loaded TP HTML5TargetPlatform
[2016.03.28-13.01.53:053][  0]LogTemp:Display: Loaded TP IOSTargetPlatform
[2016.03.28-13.01.53:060][  0]LogTemp:Display: Loaded TP LinuxNoEditorTargetPlatform
[2016.03.28-13.01.53:068][  0]LogTemp:Display: Loaded TP LinuxServerTargetPlatform
[2016.03.28-13.01.53:076][  0]LogTemp:Display: Loaded TP LinuxTargetPlatform
[2016.03.28-13.01.53:076][  0]LogTargetPlatformManager:Display: Building Assets For Windows
[2016.03.28-13.01.53:272][  0]LogDerivedDataCache:Display: Max Cache Size: 512 MB
[2016.03.28-13.01.53:331][  0]LogDerivedDataCache: Loaded boot cache 0.06s 65MB C:/Users/bbailey/AppData/Local/UnrealEngine/4.10/DerivedDataCache/Boot.ddc.
[2016.03.28-13.01.53:331][  0]LogDerivedDataCache:Display: Loaded Boot cache: C:/Users/bbailey/AppData/Local/UnrealEngine/4.10/DerivedDataCache/Boot.ddc
[2016.03.28-13.01.53:331][  0]LogDerivedDataCache: FDerivedDataBackendGraph:  Pak pak cache file ../../../../../../Users/bbailey/Documents/Flat-Flight/Flight/DerivedDataCache/DDC.ddp not found, will not use a pak cache.
[2016.03.28-13.01.53:331][  0]LogDerivedDataCache: Unable to find inner node Pak for hierarchical cache Hierarchy.
[2016.03.28-13.01.53:332][  0]LogDerivedDataCache: FDerivedDataBackendGraph:  CompressedPak pak cache file ../../../../../../Users/bbailey/Documents/Flat-Flight/Flight/DerivedDataCache/Compressed.ddp not found, will not use a pak cache.
[2016.03.28-13.01.53:332][  0]LogDerivedDataCache: Unable to find inner node CompressedPak for hierarchical cache Hierarchy.
[2016.03.28-13.01.53:401][  0]LogDerivedDataCache:Display: Pak cache opened for reading ../../../Engine/DerivedDataCache/Compressed.ddp.
[2016.03.28-13.01.53:412][  0]LogDerivedDataCache: Using Local data cache path C:/Users/bbailey/AppData/Local/UnrealEngine/Common/DerivedDataCache: Writable
[2016.03.28-13.01.53:561][  0]LogCollisionProfile:Warning: Profile (Player) - Custom Channel Name = 'Bullet' hasn't been found
[2016.03.28-13.01.53:561][  0]LogCollisionProfile:Warning: Profile (Enemy) - Custom Channel Name = 'Bullet' hasn't been found
[2016.03.28-13.01.53:561][  0]LogCollisionProfile:Warning: Profile (Enemy) - Custom Channel Name = 'GameTraceChannel5' hasn't been found
[2016.03.28-13.01.53:561][  0]LogCollisionProfile:Warning: Profile (Enemy) - Custom Channel Name = 'GameTraceChannel6' hasn't been found
[2016.03.28-13.01.53:561][  0]LogCollisionProfile:Warning: Profile (PickUps) - Custom Channel Name = 'GameTraceChannel5' hasn't been found
[2016.03.28-13.01.53:561][  0]LogCollisionProfile:Warning: Profile (PickUps) - Custom Channel Name = 'GameTraceChannel6' hasn't been found
[2016.03.28-13.01.53:561][  0]LogCollisionProfile:Warning: Profile (PlayerBullets) - Custom Channel Name = 'GameTraceChannel6' hasn't been found
[2016.03.28-13.01.53:561][  0]LogCollisionProfile:Warning: Profile (EnemyBullets) - Custom Channel Name = 'GameTraceChannel6' hasn't been found
[2016.03.28-13.01.53:564][  0]LogInit: Selected Device Profile: [Windows]
[2016.03.28-13.01.53:565][  0]LogContentStreaming: Texture pool size is 0.000000MB
[2016.03.28-13.01.53:600][  0]LogMeshUtilities: No automatic mesh reduction module available
[2016.03.28-13.01.53:600][  0]LogMeshUtilities: No automatic mesh merging module available
[2016.03.28-13.01.53:869][  0]LogInit: WinSock: version 1.1 (2.2), MaxSocks=32767, MaxUdp=65467
[2016.03.28-13.01.54:692][  0]UdpMessaging: Initializing bridge on interface 0.0.0.0:0 to multicast group 230.0.0.1:6666.
[2016.03.28-13.01.55:365][  0]LogAssetRegistry: FAssetRegistry took 0.0110 seconds to start up
[2016.03.28-13.01.55:614][  0]SourceControl: Info Source control is disabled
[2016.03.28-13.01.55:639][  0]SourceControl: Info Source control is disabled
[2016.03.28-13.01.55:650][  0]SourceControl: Info Source control is disabled
[2016.03.28-13.01.55:664][  0]SourceControl: Info Source control is disabled
[2016.03.28-13.01.55:899][  0]LogObj: 30736 objects as part of root set at end of initial load.
[2016.03.28-13.01.55:899][  0]LogUObjectAllocator: 7143664 out of 0 bytes used by permanent object pool.
[2016.03.28-13.01.55:965][  0]LogEngine: Initializing Engine...
[2016.03.28-13.01.55:968][  0]OCULUS: Info: 03/28/16 13:01:55: [CAPI] LibOVR module is located at C:\Windows\system32\LibOVRRT64_0_8.dll

[2016.03.28-13.01.55:968][  0]OCULUS: Info: 03/28/16 13:01:55: [IPC] Call Stats for SetInitialState : x1: C2S=33.3551, S2C=4.27629, Runtime=67.2803 (microseconds) C2Ssize=80, S2Csize=81 (bytes)

[2016.03.28-13.01.55:969][  0]OCULUS: Info: 03/28/16 13:01:55: [IPC] Call Stats for IsLatencyTesterAvailable : x1: C2S=14.2543, S2C=2.56577, Runtime=0.855258 (microseconds) C2Ssize=33, S2Csize=18 (bytes)

[2016.03.28-13.01.55:981][  0]LogHMD: SteamVR failed to initialize.  Err: 110
[2016.03.28-13.01.56:094][  0]LogAIModule: Creating AISystem for world NewWorld
[2016.03.28-13.01.56:101][  0]LogInit: XAudio2 using 'Speakers / Headphones (Realtek High Definition Audio)' : 2 channels at 48 kHz using 32 bits per sample (channel mask 0x3)
[2016.03.28-13.01.56:171][  0]LogInit: FAudioDevice initialized.
[2016.03.28-13.01.56:206][  0]LogDerivedDataCache: Saved boot cache 0.04s 65MB C:/Users/bbailey/AppData/Local/UnrealEngine/4.10/DerivedDataCache/Boot.ddc.
[2016.03.28-13.01.56:213][  0]LogInit: Texture streaming: Enabled
[2016.03.28-13.01.56:232][  0]LogAnalytics: Creating configured Analytics provider AnalyticsET
[2016.03.28-13.01.56:232][  0]LogAnalytics: [UEEditor.Rocket.Release] APIServer = http://et2.epicgames.com/ET2/. AppVersion = 4.10.4-2872498+++depot+UE4-Releases+4.10
[2016.03.28-13.01.56:232][  0]LogAnalytics: [UEEditor.Rocket.Release] SetUserId 58709fb747ec5d3c40d8f3b51c8df47e|bccdf9c3033b4357bb93aaf6cd9ec9c0|b399840a-6214-4cdc-89af-39f57a6d8d1f
[2016.03.28-13.01.56:232][  0]LogAnalytics: [UEEditor.Rocket.Release] AnalyticsET::StartSession
[2016.03.28-13.01.56:247][  0]LogInit: Transaction tracking system initialized
[2016.03.28-13.01.56:342][  0]BlueprintLog: New page: Editor Load
[2016.03.28-13.01.56:633][  0]LocalizationService: Info Localization service is disabled
[2016.03.28-13.01.56:768][  0]LogConsoleResponse:Display: 
[2016.03.28-13.01.56:866][  0]LogCook:Display: Done creating registry. It took  0.00s.
[2016.03.28-13.01.56:964][  0]LogFileCache: Scanning file cache for directory 'C:/Users/bbailey/Documents/Flat-Flight/Flight/Content/' took 0.01s
[2016.03.28-13.01.56:964][  0]SourceControl: Info Source control is disabled
[2016.03.28-13.01.56:964][  0]Cmd: MAP LOAD FILE="../../../../../../Users/bbailey/Documents/Flat-Flight/Flight/Content/Maps/MapWithPowerUps.umap" TEMPLATE=0 SHOWPROGRESS=1 FEATURELEVEL=3
[2016.03.28-13.01.56:965][  0]LightingResults: New page: Lighting Build
[2016.03.28-13.01.56:969][  0]MapCheck: New page: Map Check
[2016.03.28-13.01.56:970][  0]LightingResults: New page: Lighting Build
[2016.03.28-13.01.56:981][  0]LogParticles: Destroying 0 GPU particle simulations for FXSystem 0x000000002660F6A0
[2016.03.28-13.01.57:214][  0]LogAIModule: Creating AISystem for world MapWithPowerUps
[2016.03.28-13.01.57:220][  0]LogEditorServer: Finished looking for orphan Actors (0.000 secs)
[2016.03.28-13.01.57:221][  0]Cmd: MAP CHECKDEP NOCLEARLOG
[2016.03.28-13.01.57:271][  0]MapCheck: Info Map check complete: 0 Error(s), 0 Warning(s), took 50.545ms to complete.
[2016.03.28-13.01.57:272][  0]LogFileHelpers: Loading map 'MapWithPowerUps' took 0.307
[2016.03.28-13.01.57:364][  0]LogCollectionManager: Loaded 0 collections in 0.001802 seconds
[2016.03.28-13.01.57:405][  0]LogFileCache: Scanning file cache for directory 'C:/Users/bbailey/Documents/Flat-Flight/Flight/Saved/Collections/' took 0.01s
[2016.03.28-13.01.57:405][  0]LogFileCache: Scanning file cache for directory 'C:/Users/bbailey/Documents/Flat-Flight/Flight/Content/Developers/bbailey/Collections/' took 0.01s
[2016.03.28-13.01.57:405][  0]LogFileCache: Scanning file cache for directory 'C:/Users/bbailey/Documents/Flat-Flight/Flight/Content/Collections/' took 0.01s
[2016.03.28-13.01.57:405][  0]LogCollectionManager: Rebuilt the GUID cache for 0 collections in 0.000001 seconds
[2016.03.28-13.01.57:413][  0]LogContentBrowser: Native class hierarchy populated in 0.0076 seconds. Added 1921 classes and 343 folders.
[2016.03.28-13.01.57:426][  0]LogContentBrowser: Native class hierarchy updated for 'WidgetCarousel' in 0.0025 seconds. Added 0 classes and 0 folders.
[2016.03.28-13.01.57:461][  0]LogContentBrowser: Native class hierarchy updated for 'AddContentDialog' in 0.0022 seconds. Added 0 classes and 0 folders.
[2016.03.28-13.01.57:474][  0]LogContentBrowser: Native class hierarchy updated for 'SceneOutliner' in 0.0021 seconds. Added 1 classes and 2 folders.
[2016.03.28-13.01.57:491][  0]LogCrashTracker: Crashtracker disabled due to settings.
[2016.03.28-13.01.57:528][  0]LogLoad: Full Startup: 6.53 seconds (BP compile: 0.06 seconds)
[2016.03.28-13.01.57:537][  0]LogOcInput: OculusInput is initialized. Init status 0. Runtime version: 0.8.0.0
[2016.03.28-13.01.57:582][  0]LogContentStreaming: Texture pool size now 1000 MB
[2016.03.28-13.01.57:709][  0]LogRenderer: Reallocating scene render targets to support 1208x572 (Frame:2).
[2016.03.28-13.01.57:752][  1]LogFileCache: Retrieving MD5 hashes for directory 'C:/Users/bbailey/Documents/Flat-Flight/Flight/Content/' took 0.20s
[2016.03.28-13.01.57:882][  4]LogAssetRegistry: Asset discovery search completed in 2.5282 seconds
[2016.03.28-13.01.57:882][  4]LogCollectionManager: Rebuilt the object cache for 0 collections in 0.000001 seconds (found 0 objects)
[2016.03.28-13.01.57:883][  4]LogCollectionManager: Fixed up redirectors for 0 collections in 0.000080 seconds (updated 0 objects)
[2016.03.28-13.01.59:915][151]LogPlayLevel: PlayLevel: No blueprints needed recompiling
[2016.03.28-13.01.59:916][151]PIE: New page: PIE session: MapWithPowerUps (Mar 28, 2016, 5:01:59 AM)
[2016.03.28-13.01.59:916][151]LogPlayLevel: Creating play world package: /Game/Maps/UEDPIE_0_MapWithPowerUps
[2016.03.28-13.01.59:919][151]LogPlayLevel: PIE: StaticDuplicateObject took: (0.003464s)
[2016.03.28-13.01.59:920][151]LogAIModule: Creating AISystem for world MapWithPowerUps
[2016.03.28-13.01.59:920][151]LogPlayLevel: PIE: World Init took: (0.000759s)
[2016.03.28-13.01.59:920][151]LogPlayLevel: PIE: Created PIE world by copying editor world from /Game/Maps/MapWithPowerUps.MapWithPowerUps to /Game/Maps/UEDPIE_0_MapWithPowerUps.MapWithPowerUps (0.004847s)
[2016