[2016.04.19-18.54.11:991][  0]Log file open, 04/19/16 14:54:11
[2016.04.19-18.54.11:991][  0]LogInit:Display: Running engine for game: Flight
[2016.04.19-18.54.11:991][  0]LogPlatformFile: Not using cached read wrapper
[2016.04.19-18.54.11:991][  0]LogInit:Display: RandInit(1025594732) SRandInit(1025594734).
[2016.04.19-18.54.11:991][  0]LogTaskGraph: Started task graph with 4 named threads and 7 total threads.
[2016.04.19-18.54.11:991][  0]LogStats: Stats thread started at 0.544632
[2016.04.19-18.54.11:991][  0]LogInit: Version: 4.10.4-2872498+++depot+UE4-Releases+4.10
[2016.04.19-18.54.11:991][  0]LogInit: API Version: 2758231
[2016.04.19-18.54.11:991][  0]LogInit: Compiled (64-bit): Feb 18 2016 15:47:04
[2016.04.19-18.54.11:991][  0]LogInit: Compiled with Visual C++: 19.00.23026.00
[2016.04.19-18.54.11:991][  0]LogInit: Build Configuration: Development
[2016.04.19-18.54.11:991][  0]LogInit: Branch Name: ++depot+UE4-Releases+4.10
[2016.04.19-18.54.11:991][  0]LogInit: Command line: 
[2016.04.19-18.54.11:991][  0]LogInit: Base directory: C:/Program Files/Epic Games/4.10/Engine/Binaries/Win64/
[2016.04.19-18.54.11:991][  0]LogInit: Rocket: 1
[2016.04.19-18.54.12:001][  0]LogInit: Using libcurl 7.41.0
[2016.04.19-18.54.12:001][  0]LogInit:  - built for x86_64-pc-win32
[2016.04.19-18.54.12:001][  0]LogInit:  - supports SSL with WinSSL
[2016.04.19-18.54.12:001][  0]LogInit:  - other features:
[2016.04.19-18.54.12:002][  0]LogInit:      CURL_VERSION_SSL
[2016.04.19-18.54.12:002][  0]LogInit:      CURL_VERSION_IPV6
[2016.04.19-18.54.12:002][  0]LogInit:      CURL_VERSION_ASYNCHDNS
[2016.04.19-18.54.12:002][  0]LogInit:      CURL_VERSION_LARGEFILE
[2016.04.19-18.54.12:002][  0]LogInit:      CURL_VERSION_IDN
[2016.04.19-18.54.12:002][  0]LogInit:  CurlRequestOptions (configurable via config and command line):
[2016.04.19-18.54.12:002][  0]LogInit:  - bVerifyPeer = true  - Libcurl will verify peer certificate
[2016.04.19-18.54.12:002][  0]LogInit:  - bUseHttpProxy = false  - Libcurl will NOT use HTTP proxy
[2016.04.19-18.54.12:002][  0]LogInit:  - bDontReuseConnections = false  - Libcurl will reuse connections
[2016.04.19-18.54.12:002][  0]LogInit:  - CertBundlePath = nullptr  - Libcurl will use whatever was configured at build time.
[2016.04.19-18.54.12:014][  0]LogInit: Presizing for 0 objects not considered by GC, pre-allocating 0 bytes.
[2016.04.19-18.54.12:019][  0]LogInit: Object subsystem initialized
[2016.04.19-18.54.12:020][  0]LogInit: Selected Device Profile: [Windows]
[2016.04.19-18.54.12:020][  0]LogInit: Applying CVar settings loaded from the selected device profile: [Windows]
[2016.04.19-18.54.12:027][  0]LogInit: Computer: WORKSTN01-PC
[2016.04.19-18.54.12:027][  0]LogInit: User: WorkStn01
[2016.04.19-18.54.12:027][  0]LogInit: CPU Page size=4096, Cores=4
[2016.04.19-18.54.12:027][  0]LogInit: High frequency timer resolution =2.338398 MHz
[2016.04.19-18.54.12:027][  0]LogMemory: Memory total: Physical=7.9GB (8GB approx)
[2016.04.19-18.54.12:027][  0]LogMemory: Platform Memory Stats for Windows
[2016.04.19-18.54.12:027][  0]LogMemory: Process Physical Memory: 59.26 MB used, 59.26 MB peak
[2016.04.19-18.54.12:028][  0]LogMemory: Process Virtual Memory: 58.25 MB used, 58.25 MB peak
[2016.04.19-18.54.12:028][  0]LogMemory: Physical Memory: 4088.66 MB used, 8077.06 MB total
[2016.04.19-18.54.12:028][  0]LogMemory: Virtual Memory: 348.85 MB used, 8388608.00 MB total
[2016.04.19-18.54.12:647][  0]LogTextLocalizationManager: No specific translations for ('en-CA') exist, so ('en') translations will be used.
[2016.04.19-18.54.13:253][  0]LogD3D11RHI: Found D3D11 adapter 0: NVIDIA GeForce GTX 765M  (Feature Level 11_0)
[2016.04.19-18.54.13:253][  0]LogD3D11RHI: Adapter has 1989MB of dedicated video memory, 0MB of dedicated system memory, and 2048MB of shared system memory, 1 output[s]
[2016.04.19-18.54.13:288][  0]LogD3D11RHI: Found D3D11 adapter 1: NVIDIA GeForce GTX 765M  (Feature Level 11_0)
[2016.04.19-18.54.13:288][  0]LogD3D11RHI: Adapter has 1989MB of dedicated video memory, 0MB of dedicated system memory, and 2048MB of shared system memory, 0 output[s]
[2016.04.19-18.54.13:288][  0]LogD3D11RHI: Chosen D3D11 Adapter Id = 0
[2016.04.19-18.54.13:297][  0]LogD3D11RHI: !Direct3DDevice
[2016.04.19-18.54.13:297][  0]LogRHI: Texture pool is 1361 MB (70% of 1945 MB)
[2016.04.19-18.54.13:335][  0]LogD3D11RHI: Async texture creation enabled
[2016.04.19-18.54.13:351][  0]LogShaderCompilers: Guid format shader working directory is -14 characters bigger than the processId version (../../../../../../Users/WorkStn01/Documents/Flat-Flight/Flight/Intermediate/Shaders/WorkingDirectory/11520/).
[2016.04.19-18.54.13:351][  0]LogShaderCompilers: Cleaned the shader compiler working directory 'C:/Users/WORKST~1/AppData/Local/Temp/UnrealShaderWorkingDir/B03754B8400C8B7DBFD267AA1507773E/'.
[2016.04.19-18.54.13:351][  0]LogShaderCompilers:Display: Using Local Shader Compiler.
[2016.04.19-18.54.14:147][  0]LogTemp:Display: Loaded TP AllDesktopTargetPlatform
[2016.04.19-18.54.14:157][  0]LogTemp:Display: Loaded TP WindowsClientTargetPlatform
[2016.04.19-18.54.14:165][  0]LogTemp:Display: Loaded TP WindowsNoEditorTargetPlatform
[2016.04.19-18.54.14:174][  0]LogTemp:Display: Loaded TP WindowsServerTargetPlatform
[2016.04.19-18.54.14:182][  0]LogTemp:Display: Loaded TP WindowsTargetPlatform
[2016.04.19-18.54.14:190][  0]LogTemp:Display: Loaded TP AndroidTargetPlatform
[2016.04.19-18.54.14:197][  0]LogTemp:Display: Loaded TP Android_ASTCTargetPlatform
[2016.04.19-18.54.14:203][  0]LogTemp:Display: Loaded TP Android_ATCTargetPlatform
[2016.04.19-18.54.14:210][  0]LogTemp:Display: Loaded TP Android_DXTTargetPlatform
[2016.04.19-18.54.14:215][  0]LogTemp:Display: Loaded TP Android_ETC1TargetPlatform
[2016.04.19-18.54.14:222][  0]LogTemp:Display: Loaded TP Android_ETC2TargetPlatform
[2016.04.19-18.54.14:235][  0]LogTemp:Display: Loaded TP Android_MultiTargetPlatform
[2016.04.19-18.54.14:235][  0]LogTemp:Display: Loaded TP Android_PVRTCTargetPlatform
[2016.04.19-18.54.14:237][  0]LogTemp:Display: Loaded TP HTML5TargetPlatform
[2016.04.19-18.54.14:260][  0]LogTemp:Display: Loaded TP IOSTargetPlatform
[2016.04.19-18.54.14:266][  0]LogTemp:Display: Loaded TP LinuxNoEditorTargetPlatform
[2016.04.19-18.54.14:273][  0]LogTemp:Display: Loaded TP LinuxServerTargetPlatform
[2016.04.19-18.54.14:278][  0]LogTemp:Display: Loaded TP LinuxTargetPlatform
[2016.04.19-18.54.14:278][  0]LogTargetPlatformManager:Display: Building Assets For Windows
[2016.04.19-18.54.14:410][  0]LogDerivedDataCache:Display: Max Cache Size: 512 MB
[2016.04.19-18.54.14:584][  0]LogDerivedDataCache: Loaded boot cache 0.17s 158MB C:/Users/WorkStn01/AppData/Local/UnrealEngine/4.10/DerivedDataCache/Boot.ddc.
[2016.04.19-18.54.14:584][  0]LogDerivedDataCache:Display: Loaded Boot cache: C:/Users/WorkStn01/AppData/Local/UnrealEngine/4.10/DerivedDataCache/Boot.ddc
[2016.04.19-18.54.14:584][  0]LogDerivedDataCache: FDerivedDataBackendGraph:  Pak pak cache file ../../../../../../Users/WorkStn01/Documents/Flat-Flight/Flight/DerivedDataCache/DDC.ddp not found, will not use a pak cache.
[2016.04.19-18.54.14:584][  0]LogDerivedDataCache: Unable to find inner node Pak for hierarchical cache Hierarchy.
[2016.04.19-18.54.14:584][  0]LogDerivedDataCache: FDerivedDataBackendGraph:  CompressedPak pak cache file ../../../../../../Users/WorkStn01/Documents/Flat-Flight/Flight/DerivedDataCache/Compressed.ddp not found, will not use a pak cache.
[2016.04.19-18.54.14:584][  0]LogDerivedDataCache: Unable to find inner node CompressedPak for hierarchical cache Hierarchy.
[2016.04.19-18.54.14:664][  0]LogDerivedDataCache:Display: Pak cache opened for reading ../../../Engine/DerivedDataCache/Compressed.ddp.
[2016.04.19-18.54.14:676][  0]LogDerivedDataCache: Using Local data cache path C:/Users/WorkStn01/AppData/Local/UnrealEngine/Common/DerivedDataCache: Writable
[2016.04.19-18.54.14:845][  0]LogCollisionProfile:Warning: Profile (Enemy) - Custom Channel Name = 'GameTraceChannel7' hasn't been found
[2016.04.19-18.54.14:845][  0]LogCollisionProfile:Warning: Profile (PickUps) - Custom Channel Name = 'GameTraceChannel5' hasn't been found
[2016.04.19-18.54.14:845][  0]LogCollisionProfile:Warning: Profile (PickUps) - Custom Channel Name = 'GameTraceChannel6' hasn't been found
[2016.04.19-18.54.14:845][  0]LogCollisionProfile:Warning: Profile (PickUps) - Custom Channel Name = 'GameTraceChannel7' hasn't been found
[2016.04.19-18.54.14:845][  0]LogCollisionProfile:Warning: Profile (PlayerBullets) - Custom Channel Name = 'GameTraceChannel7' hasn't been found
[2016.04.19-18.54.14:845][  0]LogCollisionProfile:Warning: Profile (EnemyBullets) - Custom Channel Name = 'GameTraceChannel7' hasn't been found
[2016.04.19-18.54.14:845][  0]LogCollisionProfile:Warning: Profile (PlayerBounaries) - Custom Channel Name = 'GameTraceChannel7' hasn't been found
[2016.04.19-18.54.14:850][  0]LogInit: Selected Device Profile: [Windows]
[2016.04.19-18.54.14:850][  0]LogContentStreaming: Texture pool size is 0.000000MB
[2016.04.19-18.54.14:887][  0]LogMeshUtilities: No automatic mesh reduction module available
[2016.04.19-18.54.14:887][  0]LogMeshUtilities: No automatic mesh merging module available
[2016.04.19-18.54.15:224][  0]LogInit: WinSock: version 1.1 (2.2), MaxSocks=32767, MaxUdp=65467
[2016.04.19-18.54.16:037][  0]UdpMessaging: Initializing bridge on interface 0.0.0.0:0 to multicast group 230.0.0.1:6666.
[2016.04.19-18.54.17:145][  0]LogAssetRegistry: FAssetRegistry took 0.0114 seconds to start up
[2016.04.19-18.54.17:334][  0]SourceControl: Info Source control is disabled
[2016.04.19-18.54.17:386][  0]SourceControl: Info Source control is disabled
[2016.04.19-18.54.17:396][  0]SourceControl: Info Source control is disabled
[2016.04.19-18.54.17:411][  0]SourceControl: Info Source control is disabled
[2016.04.19-18.54.17:634][  0]LogObj: 32969 objects as part of root set at end of initial load.
[2016.04.19-18.54.17:634][  0]LogUObjectAllocator: 7990336 out of 0 bytes used by permanent object pool.
[2016.04.19-18.54.17:696][  0]LogEngine: Initializing Engine...
[2016.04.19-18.54.17:699][  0]LogHMD: Can't find Oculus library dev build: is proper Runtime installed? Version: 0.8.0.0
[2016.04.19-18.54.17:701][  0]LogHMD: SteamVR failed to initialize.  Err: 110
[2016.04.19-18.54.17:825][  0]LogAIModule: Creating AISystem for world NewWorld
[2016.04.19-18.54.17:834][  0]LogInit: XAudio2 using 'Speakers / Headphones (Realtek High Definition Audio)' : 2 channels at 48 kHz using 32 bits per sample (channel mask 0x3)
[2016.04.19-18.54.17:868][  0]LogInit: FAudioDevice initialized.
[2016.04.19-18.54.17:989][  0]LogDerivedDataCache: Saved boot cache 0.12s 158MB C:/Users/WorkStn01/AppData/Local/UnrealEngine/4.10/DerivedDataCache/Boot.ddc.
[2016.04.19-18.54.18:002][  0]LogInit: Texture streaming: Enabled
[2016.04.19-18.54.18:012][  0]LogAnalytics: Creating configured Analytics provider AnalyticsET
[2016.04.19-18.54.18:012][  0]LogAnalytics: [UEEditor.Rocket.Release] APIServer = http://et2.epicgames.com/ET2/. AppVersion = 4.10.4-2872498+++depot+UE4-Releases+4.10
[2016.04.19-18.54.18:012][  0]LogAnalytics: [UEEditor.Rocket.Release] SetUserId aab1c9e84744c8b1a0d59d9dae797f80|0c864fd4cc424c58afb2485ebb2cf40e|788e601b-5fe5-40f5-a8e1-dc164a2026cf
[2016.04.19-18.54.18:012][  0]LogAnalytics: [UEEditor.Rocket.Release] AnalyticsET::StartSession
[2016.04.19-18.54.18:023][  0]LogInit: Transaction tracking system initialized
[2016.04.19-18.54.18:070][  0]BlueprintLog: New page: Editor Load
[2016.04.19-18.54.18:227][  0]LocalizationService: Info Localization service is disabled
[2016.04.19-18.54.18:949][  0]LogConsoleResponse:Display: 
[2016.04.19-18.54.19:067][  0]LogCook:Display: Done creating registry. It took  0.00s.
[2016.04.19-18.54.19:137][  0]LogFileCache: Scanning file cache for directory 'C:/Users/WorkStn01/Documents/Flat-Flight/Flight/Content/' took 0.02s
[2016.04.19-18.54.19:138][  0]SourceControl: Info Source control is disabled
[2016.04.19-18.54.19:138][  0]Cmd: MAP LOAD FILE="../../../../../../Users/WorkStn01/Documents/Flat-Flight/Flight/Content/Maps/MapWithPowerUps.umap" TEMPLATE=0 SHOWPROGRESS=1 FEATURELEVEL=3
[2016.04.19-18.54.19:138][  0]LightingResults: New page: Lighting Build
[2016.04.19-18.54.19:143][  0]MapCheck: New page: Map Check
[2016.04.19-18.54.19:143][  0]LightingResults: New page: Lighting Build
[2016.04.19-18.54.19:162][  0]LogParticles: Destroying 0 GPU particle simulations for FXSystem 0x0000000039A82AC0
[2016.04.19-18.54.19:497][  0]LogAIModule: Creating AISystem for world MapWithPowerUps
[2016.04.19-18.54.19:511][  0]LogEditorServer: Finished looking for orphan Actors (0.000 secs)
[2016.04.19-18.54.19:512][  0]Cmd: MAP CHECKDEP NOCLEARLOG
[2016.04.19-18.54.19:587][  0]MapCheck: Info Map check complete: 0 Error(s), 0 Warning(s), took 74.775ms to complete.
[2016.04.19-18.54.19:587][  0]LogFileHelpers: Loading map 'MapWithPowerUps' took 0.450
[2016.04.19-18.54.19:686][  0]LogCollectionManager: Loaded 0 collections in 0.001311 seconds
[2016.04.19-18.54.19:729][  0]LogFileCache: Scanning file cache for directory 'C:/Users/WorkStn01/Documents/Flat-Flight/Flight/Saved/Collections/' took 0.01s
[2016.04.19-18.54.19:729][  0]LogFileCache: Scanning file cache for directory 'C:/Users/WorkStn01/Documents/Flat-Flight/Flight/Content/Developers/WorkStn01/Collections/' took 0.01s
[2016.04.19-18.54.19:729][  0]LogFileCache: Scanning file cache for directory 'C:/Users/WorkStn01/Documents/Flat-Flight/Flight/Content/Collections/' took 0.01s
[2016.04.19-18.54.19:729][  0]LogCollectionManager: Rebuilt the GUID cache for 0 collections in 0.000002 seconds
[2016.04.19-18.54.19:743][  0]LogContentBrowser: Native class hierarchy populated in 0.0138 seconds. Added 1930 classes and 343 folders.
[2016.04.19-18.54.19:756][  0]LogContentBrowser: Native class hierarchy updated for 'WidgetCarousel' in 0.0031 seconds. Added 0 classes and 0 folders.
[2016.04.19-18.54.19:800][  0]LogContentBrowser: Native class hierarchy updated for 'AddContentDialog' in 0.0030 seconds. Added 0 classes and 0 folders.
[2016.04.19-18.54.19:808][  0]LogContentBrowser: Native class hierarchy updated for 'SceneOutliner' in 0.0031 seconds. Added 1 classes and 2 folders.
[2016.04.19-18.54.19:824][  0]LogCrashTracker: Crashtracker disabled due to settings.
[2016.04.19-18.54.19:827][  0]LogUObjectGlobals:Warning: Failed to find object 'Class None.'
[2016.04.19-18.54.19:850][  0]LogLoad: Full Startup: 9.09 seconds (BP compile: 0.11 seconds)
[2016.04.19-18.54.19:861][  0]LogOcInput: Can't find Oculus library dev build: is proper Runtime installed? Version: 0.8.0.0
[2016.04.19-18.54.19:924][  0]LogContentStreaming: Texture pool size now 200 MB
[2016.04.19-18.54.20:081][  0]LogRenderer: Reallocating scene render targets to support 1004x456 (Frame:2).
[2016.04.19-18.54.20:259][  4]LogAssetRegistry: Asset discovery search completed in 3.1253 seconds
[2016.04.19-18.54.20:259][  4]LogCollectionManager: Rebuilt the object cache for 0 collections in 0.000001 seconds (found 0 objects)
[2016.04.19-18.54.20:259][  4]LogCollectionManager: Fixed up redirectors for 0 collections in 0.000112 seconds (updated 0 objects)
[2016.04.19-18.54.22:891][295]LogBlueprintUserMessages: Early PlayInEditor Detection: Level '/Game/Maps/MapWithPowerUps.MapWithPowerUps:PersistentLevel' has LevelScriptBlueprint '/Game/Maps/MapWithPowerUps.MapWithPowerUps:PersistentLevel.MapWithPowerUps' with GeneratedClass '/Game/Maps/MapWithPowerUps.MapWithPowerUps_C' with ClassGeneratedBy '/Game/Maps/MapWithPowerUps.MapWithPowerUps:PersistentLevel.MapWithPowerUps'
[2016.04.19-18.54.22:891][295]LogPlayLevel: PlayLevel: No blueprints needed recompiling
[2016.04.19-18.54.22:891][295]PIE: New page: PIE session: MapWithPowerUps (Apr 19, 2016, 10:54:22 AM)
[2016.04.19-18.54.22:891][295]LogPlayLevel: Creating play world package: /Game/Maps/UEDPIE_0_MapWithPowerUps
[2016.04.19-18.54.22:898][295]LogPlayLevel: PIE: StaticDuplicateObject took: (0.006673s)
[2016.04.19-18.54.22:899][295]LogAIModule: Creating AISystem for world MapWithPowerUps
[2016.04.19-18.54.22:900][295]LogPlayLevel: PIE: World Init took: (0.001297s)
[2016.04.19-18.54.22:900][295]Lo