[2016.03.28-12.45.25:790][  0]Log file open, 03/28/16 08:45:25
[2016.03.28-12.45.25:790][  0]LogInit:Display: Running engine for game: Flight
[2016.03.28-12.45.25:790][  0]LogPlatformFile: Not using cached read wrapper
[2016.03.28-12.45.25:790][  0]LogInit:Display: RandInit(1968021654) SRandInit(1968021656).
[2016.03.28-12.45.25:790][  0]LogTaskGraph: Started task graph with 4 named threads and 7 total threads.
[2016.03.28-12.45.25:791][  0]LogStats: Stats thread started at 0.664333
[2016.03.28-12.45.25:791][  0]LogInit: Version: 4.10.4-2872498+++depot+UE4-Releases+4.10
[2016.03.28-12.45.25:791][  0]LogInit: API Version: 2758231
[2016.03.28-12.45.25:791][  0]LogInit: Compiled (64-bit): Feb 18 2016 15:47:04
[2016.03.28-12.45.25:791][  0]LogInit: Compiled with Visual C++: 19.00.23026.00
[2016.03.28-12.45.25:791][  0]LogInit: Build Configuration: Development
[2016.03.28-12.45.25:791][  0]LogInit: Branch Name: ++depot+UE4-Releases+4.10
[2016.03.28-12.45.25:791][  0]LogInit: Command line: 
[2016.03.28-12.45.25:791][  0]LogInit: Base directory: C:/Program Files/Epic Games/4.10/Engine/Binaries/Win64/
[2016.03.28-12.45.25:791][  0]LogInit: Rocket: 1
[2016.03.28-12.45.25:830][  0]LogInit: Using libcurl 7.41.0
[2016.03.28-12.45.25:831][  0]LogInit:  - built for x86_64-pc-win32
[2016.03.28-12.45.25:831][  0]LogInit:  - supports SSL with WinSSL
[2016.03.28-12.45.25:831][  0]LogInit:  - other features:
[2016.03.28-12.45.25:831][  0]LogInit:      CURL_VERSION_SSL
[2016.03.28-12.45.25:831][  0]LogInit:      CURL_VERSION_IPV6
[2016.03.28-12.45.25:831][  0]LogInit:      CURL_VERSION_ASYNCHDNS
[2016.03.28-12.45.25:831][  0]LogInit:      CURL_VERSION_LARGEFILE
[2016.03.28-12.45.25:831][  0]LogInit:      CURL_VERSION_IDN
[2016.03.28-12.45.25:832][  0]LogInit:  CurlRequestOptions (configurable via config and command line):
[2016.03.28-12.45.25:833][  0]LogInit:  - bVerifyPeer = true  - Libcurl will verify peer certificate
[2016.03.28-12.45.25:833][  0]LogInit:  - bUseHttpProxy = false  - Libcurl will NOT use HTTP proxy
[2016.03.28-12.45.25:833][  0]LogInit:  - bDontReuseConnections = false  - Libcurl will reuse connections
[2016.03.28-12.45.25:833][  0]LogInit:  - CertBundlePath = nullptr  - Libcurl will use whatever was configured at build time.
[2016.03.28-12.45.25:864][  0]LogInit: Presizing for 0 objects not considered by GC, pre-allocating 0 bytes.
[2016.03.28-12.45.25:875][  0]LogInit: Object subsystem initialized
[2016.03.28-12.45.25:889][  0]LogInit: Selected Device Profile: [Windows]
[2016.03.28-12.45.25:889][  0]LogInit: Applying CVar settings loaded from the selected device profile: [Windows]
[2016.03.28-12.45.25:906][  0]LogInit: Computer: C401IT33
[2016.03.28-12.45.25:906][  0]LogInit: User: bbailey
[2016.03.28-12.45.25:906][  0]LogInit: CPU Page size=4096, Cores=4
[2016.03.28-12.45.25:906][  0]LogInit: High frequency timer resolution =3.507714 MHz
[2016.03.28-12.45.25:906][  0]LogMemory: Memory total: Physical=15.9GB (16GB approx)
[2016.03.28-12.45.25:907][  0]LogMemory: Platform Memory Stats for Windows
[2016.03.28-12.45.25:907][  0]LogMemory: Process Physical Memory: 57.48 MB used, 57.48 MB peak
[2016.03.28-12.45.25:907][  0]LogMemory: Process Virtual Memory: 61.03 MB used, 61.03 MB peak
[2016.03.28-12.45.25:907][  0]LogMemory: Physical Memory: 4773.84 MB used, 16326.03 MB total
[2016.03.28-12.45.25:907][  0]LogMemory: Virtual Memory: 353.84 MB used, 8388608.00 MB total
[2016.03.28-12.45.26:163][  0]LogTextLocalizationManager: No specific translations for ('en-CA') exist, so ('en') translations will be used.
[2016.03.28-12.45.26:761][  0]LogD3D11RHI: Found D3D11 adapter 0: NVIDIA Quadro K620 (Feature Level 11_0)
[2016.03.28-12.45.26:761][  0]LogD3D11RHI: Adapter has 1993MB of dedicated video memory, 0MB of dedicated system memory, and 7907MB of shared system memory, 1 output[s]
[2016.03.28-12.45.26:761][  0]LogD3D11RHI: Chosen D3D11 Adapter Id = 0
[2016.03.28-12.45.26:765][  0]LogD3D11RHI: !Direct3DDevice
[2016.03.28-12.45.26:766][  0]LogRHI: Texture pool is 1361 MB (70% of 1945 MB)
[2016.03.28-12.45.26:776][  0]LogD3D11RHI: Async texture creation enabled
[2016.03.28-12.45.26:814][  0]LogShaderCompilers: Guid format shader working directory is -12 characters bigger than the processId version (../../../../../../Users/bbailey/Documents/Flat-Flight/Flight/Intermediate/Shaders/WorkingDirectory/5912/).
[2016.03.28-12.45.26:814][  0]LogShaderCompilers: Cleaned the shader compiler working directory 'C:/Users/bbailey/AppData/Local/Temp/UnrealShaderWorkingDir/5DCB7B634908CB015E16CA8846D71AD5/'.
[2016.03.28-12.45.26:815][  0]LogShaderCompilers:Display: Using Local Shader Compiler.
[2016.03.28-12.45.27:728][  0]LogTemp:Display: Loaded TP AllDesktopTargetPlatform
[2016.03.28-12.45.27:737][  0]LogTemp:Display: Loaded TP WindowsClientTargetPlatform
[2016.03.28-12.45.27:747][  0]LogTemp:Display: Loaded TP WindowsNoEditorTargetPlatform
[2016.03.28-12.45.27:756][  0]LogTemp:Display: Loaded TP WindowsServerTargetPlatform
[2016.03.28-12.45.27:765][  0]LogTemp:Display: Loaded TP WindowsTargetPlatform
[2016.03.28-12.45.27:773][  0]LogTemp:Display: Loaded TP AndroidTargetPlatform
[2016.03.28-12.45.27:779][  0]LogTemp:Display: Loaded TP Android_ASTCTargetPlatform
[2016.03.28-12.45.27:786][  0]LogTemp:Display: Loaded TP Android_ATCTargetPlatform
[2016.03.28-12.45.27:792][  0]LogTemp:Display: Loaded TP Android_DXTTargetPlatform
[2016.03.28-12.45.27:798][  0]LogTemp:Display: Loaded TP Android_ETC1TargetPlatform
[2016.03.28-12.45.27:804][  0]LogTemp:Display: Loaded TP Android_ETC2TargetPlatform
[2016.03.28-12.45.27:816][  0]LogTemp:Display: Loaded TP Android_MultiTargetPlatform
[2016.03.28-12.45.27:816][  0]LogTemp:Display: Loaded TP Android_PVRTCTargetPlatform
[2016.03.28-12.45.27:819][  0]LogTemp:Display: Loaded TP HTML5TargetPlatform
[2016.03.28-12.45.27:863][  0]LogTemp:Display: Loaded TP IOSTargetPlatform
[2016.03.28-12.45.27:869][  0]LogTemp:Display: Loaded TP LinuxNoEditorTargetPlatform
[2016.03.28-12.45.27:875][  0]LogTemp:Display: Loaded TP LinuxServerTargetPlatform
[2016.03.28-12.45.27:883][  0]LogTemp:Display: Loaded TP LinuxTargetPlatform
[2016.03.28-12.45.27:883][  0]LogTargetPlatformManager:Display: Building Assets For Windows
[2016.03.28-12.45.28:150][  0]LogDerivedDataCache:Display: Max Cache Size: 512 MB
[2016.03.28-12.45.28:150][  0]LogDerivedDataCache:Display: Starting with empty Boot cache
[2016.03.28-12.45.28:150][  0]LogDerivedDataCache: FDerivedDataBackendGraph:  Pak pak cache file ../../../../../../Users/bbailey/Documents/Flat-Flight/Flight/DerivedDataCache/DDC.ddp not found, will not use a pak cache.
[2016.03.28-12.45.28:150][  0]LogDerivedDataCache: Unable to find inner node Pak for hierarchical cache Hierarchy.
[2016.03.28-12.45.28:150][  0]LogDerivedDataCache: FDerivedDataBackendGraph:  CompressedPak pak cache file ../../../../../../Users/bbailey/Documents/Flat-Flight/Flight/DerivedDataCache/Compressed.ddp not found, will not use a pak cache.
[2016.03.28-12.45.28:150][  0]LogDerivedDataCache: Unable to find inner node CompressedPak for hierarchical cache Hierarchy.
[2016.03.28-12.45.28:210][  0]LogDerivedDataCache:Display: Pak cache opened for reading ../../../Engine/DerivedDataCache/Compressed.ddp.
[2016.03.28-12.45.28:221][  0]LogDerivedDataCache: Using Local data cache path C:/Users/bbailey/AppData/Local/UnrealEngine/Common/DerivedDataCache: Writable
[2016.03.28-12.45.30:209][  0]LogCollisionProfile:Warning: Profile (Player) - Custom Channel Name = 'Bullet' hasn't been found
[2016.03.28-12.45.30:209][  0]LogCollisionProfile:Warning: Profile (Enemy) - Custom Channel Name = 'Bullet' hasn't been found
[2016.03.28-12.45.30:209][  0]LogCollisionProfile:Warning: Profile (Enemy) - Custom Channel Name = 'GameTraceChannel5' hasn't been found
[2016.03.28-12.45.30:210][  0]LogCollisionProfile:Warning: Profile (Enemy) - Custom Channel Name = 'GameTraceChannel6' hasn't been found
[2016.03.28-12.45.30:210][  0]LogCollisionProfile:Warning: Profile (PickUps) - Custom Channel Name = 'GameTraceChannel5' hasn't been found
[2016.03.28-12.45.30:210][  0]LogCollisionProfile:Warning: Profile (PickUps) - Custom Channel Name = 'GameTraceChannel6' hasn't been found
[2016.03.28-12.45.30:210][  0]LogCollisionProfile:Warning: Profile (PlayerBullets) - Custom Channel Name = 'GameTraceChannel6' hasn't been found
[2016.03.28-12.45.30:210][  0]LogCollisionProfile:Warning: Profile (EnemyBullets) - Custom Channel Name = 'GameTraceChannel6' hasn't been found
[2016.03.28-12.45.30:235][  0]LogInit: Selected Device Profile: [Windows]
[2016.03.28-12.45.30:239][  0]LogContentStreaming: Texture pool size is 0.000000MB
[2016.03.28-12.45.30:359][  0]LogMeshUtilities: No automatic mesh reduction module available
[2016.03.28-12.45.30:359][  0]LogMeshUtilities: No automatic mesh merging module available
[2016.03.28-12.45.31:291][  0]LogInit: WinSock: version 1.1 (2.2), MaxSocks=32767, MaxUdp=65467
[2016.03.28-12.45.33:440][  0]UdpMessaging: Initializing bridge on interface 0.0.0.0:0 to multicast group 230.0.0.1:6666.
[2016.03.28-12.45.34:069][  0]LogMaterial: Missing cached shader map for material mat35, compiling. 
[2016.03.28-12.45.34:087][  0]LogMaterial: Missing cached shader map for material mat34, compiling. 
[2016.03.28-12.45.34:093][  0]LogMaterial: Missing cached shader map for material mat33, compiling. 
[2016.03.28-12.45.34:100][  0]LogMaterial: Missing cached shader map for material mat32, compiling. 
[2016.03.28-12.45.34:107][  0]LogMaterial: Missing cached shader map for material mat105, compiling. 
[2016.03.28-12.45.34:114][  0]LogMaterial: Missing cached shader map for material mat107, compiling. 
[2016.03.28-12.45.34:127][  0]LogMaterial: Missing cached shader map for material mat121, compiling. 
[2016.03.28-12.45.34:141][  0]LogMaterial: Missing cached shader map for material mat120, compiling. 
[2016.03.28-12.45.34:149][  0]LogMaterial: Missing cached shader map for material mat12, compiling. 
[2016.03.28-12.45.34:157][  0]LogMaterial: Missing cached shader map for material mat119, compiling. 
[2016.03.28-12.45.34:165][  0]LogMaterial: Missing cached shader map for material mat0, compiling. 
[2016.03.28-12.45.34:172][  0]LogStaticMesh: Building static mesh pirateships...
[2016.03.28-12.45.36:560][  0]LogStaticMesh: Built static mesh [2.388577.2s] /Game/Meshes/PirateShip/pirateships.pirateships
[2016.03.28-12.45.36:846][  0]LogTexture:Display: Building textures: DamageTaken (AutoDXT)
[2016.03.28-12.45.37:005][  0]LogAudioDerivedData:Display: Building compressed audio format OGG wave ShieldFaded...
[2016.03.28-12.45.37:161][  0]LogAudioDerivedData:Display: Building compressed audio format OGG wave PlayerDeath...
[2016.03.28-12.45.37:228][  0]LogAudioDerivedData:Display: Building compressed audio format OGG wave ChangeWeapons...
[2016.03.28-12.45.37:282][  0]LogMaterial: Missing cached shader map for material mat126, compiling. 
[2016.03.28-12.45.37:290][  0]LogMaterial: Missing cached shader map for material mat125, compiling. 
[2016.03.28-12.45.37:298][  0]LogMaterial: Missing cached shader map for material mat124, compiling. 
[2016.03.28-12.45.37:306][  0]LogMaterial: Missing cached shader map for material mat123, compiling. 
[2016.03.28-12.45.37:314][  0]LogMaterial: Missing cached shader map for material mat122, compiling. 
[2016.03.28-12.45.37:322][  0]LogMaterial: Missing cached shader map for material mat31, compiling. 
[2016.03.28-12.45.37:329][  0]LogMaterial: Missing cached shader map for material mat30, compiling. 
[2016.03.28-12.45.37:337][  0]LogMaterial: Missing cached shader map for material mat3, compiling. 
[2016.03.28-12.45.37:345][  0]LogMaterial: Missing cached shader map for material mat29, compiling. 
[2016.03.28-12.45.37:353][  0]LogMaterial: Missing cached shader map for material mat28, compiling. 
[2016.03.28-12.45.37:360][  0]LogMaterial: Missing cached shader map for material mat27, compiling. 
[2016.03.28-12.45.37:369][  0]LogMaterial: Missing cached shader map for material mat26, compiling. 
[2016.03.28-12.45.37:376][  0]LogMaterial: Missing cached shader map for material mat25, compiling. 
[2016.03.28-12.45.37:384][  0]LogMaterial: Missing cached shader map for material mat24, compiling. 
[2016.03.28-12.45.37:392][  0]LogMaterial: Missing cached shader map for material mat23, compiling. 
[2016.03.28-12.45.37:400][  0]LogMaterial: Missing cached shader map for material mat22, compiling. 
[2016.03.28-12.45.37:408][  0]LogMaterial: Missing cached shader map for material mat21, compiling. 
[2016.03.28-12.45.37:416][  0]LogMaterial: Missing cached shader map for material mat20, compiling. 
[2016.03.28-12.45.37:424][  0]LogMaterial: Missing cached shader map for material mat2, compiling. 
[2016.03.28-12.45.37:433][  0]LogMaterial: Missing cached shader map for material mat19, compiling. 
[2016.03.28-12.45.37:440][  0]LogMaterial: Missing cached shader map for material mat18, compiling. 
[2016.03.28-12.45.37:449][  0]LogMaterial: Missing cached shader map for material mat17, compiling. 
[2016.03.28-12.45.37:457][  0]LogMaterial: Missing cached shader map for material mat16, compiling. 
[2016.03.28-12.45.37:465][  0]LogMaterial: Missing cached shader map for material mat114, compiling. 
[2016.03.28-12.45.37:473][  0]LogMaterial: Missing cached shader map for material mat113, compiling. 
[2016.03.28-12.45.37:482][  0]LogMaterial: Missing cached shader map for material mat112, compiling. 
[2016.03.28-12.45.37:490][  0]LogMaterial: Missing cached shader map for material mat111, compiling. 
[2016.03.28-12.45.37:499][  0]LogMaterial: Missing cached shader map for material mat110, compiling. 
[2016.03.28-12.45.37:508][  0]LogMaterial: Missing cached shader map for material mat11, compiling. 
[2016.03.28-12.45.37:517][  0]LogMaterial: Missing cached shader map for material mat109, compiling. 
[2016.03.28-12.45.37:525][  0]LogMaterial: Missing cached shader map for material mat108, compiling. 
[2016.03.28-12.45.37:534][  0]LogMaterial: Missing cached shader map for material mat15, compiling. 
[2016.03.28-12.45.37:543][  0]LogMaterial: Missing cached shader map for material mat14, compiling. 
[2016.03.28-12.45.37:552][  0]LogMaterial: Missing cached shader map for material mat131, compiling. 
[2016.03.28-12.45.37:560][  0]LogMaterial: Missing cached shader map for material mat130, compiling. 
[2016.03.28-12.45.37:569][  0]LogMaterial: Missing cached shader map for material mat13, compiling. 
[2016.03.28-12.45.37:577][  0]LogMaterial: Missing cached shader map for material mat129, compiling. 
[2016.03.28-12.45.37:586][  0]LogMaterial: Missing cached shader map for material mat128, compiling. 
[2016.03.28-12.45.37:595][  0]LogMaterial: Missing cached shader map for material mat127, compiling. 
[2016.03.28-12.45.37:604][  0]LogMaterial: Missing cached shader map for material mat118, compiling. 
[2016.03.28-12.45.37:612][  0]LogMaterial: Missing cached shader map for material mat117, compiling. 
[2016.03.28-12.45.37:621][  0]LogMaterial: Missing cached shader map for material mat116, compiling. 
[2016.03.28-12.45.37:630][  0]LogMaterial: Missing cached shader map for material mat115, compiling. 
[2016.03.28-12.45.37:638][  0]LogMaterial: Missing cached shader map for material mat102, compiling. 
[2016.03.28-12.45.37:647][  0]LogMaterial: Missing cached shader map for material mat101, compiling. 
[2016.03.28-12.45.37:656][  0]LogMaterial: Missing cached shader map for material mat10, compiling. 
[2016.03.28-12.45.37:665][  0]LogMaterial: Missing cached shader map for material mat1, compiling. 
[2016.03.28-12.45.37:675][  0]LogMaterial: Missing cached shader map for material mat4, compiling. 
[2016.03.28-12.45.37:684][  0]LogMaterial: Missing cached shader map for material mat39, compiling. 
[2016.03.28-12.45.37:693][  0]LogMaterial: Missing cached shader map for material mat38, compiling. 
[2016.03.28-12.45.37:702][  0]LogMaterial: Missing cached shader map for material mat37, compiling. 
[2016.03.28-12.45.37:712][  0]LogMaterial: Missing cached shader map for material mat36, compiling. 
[2016.03.28-12.45.37:721][  0]LogMaterial: Missing cached shader map for material mat43, compiling. 
[2016.03.28-12.45.37:730][  0]LogMaterial: Missing cached shader map for material mat42, compiling. 
[2016.03.28-12.45.37:739][  0]LogMaterial: Missing cached shader map for material mat41, compiling. 
[2016.03.28-12.45.37:748][  0]LogMaterial: Missing cached shader map for material mat40, compiling. 
[2016.03.28-12.45.37:757][  0]LogMaterial: Missing cached shader map for material mat49, compiling. 
[2016.03.28-12.45.37:766][  0]LogMaterial: Missing cached shader map for material mat48, compiling. 
[2016.03.28-12.45.37:774][  0]LogMaterial: Missing cached shader map for material mat47, compiling. 
[2016.03.28-12.45.37:783][  0]LogMaterial: Missing cached shader map for material mat46, compiling. 
[2016.03.28-12.45.37:791][  0]LogMaterial: Missing cached shader map for material mat44, compiling. 
[2016.03.28-12.45.37:800][  0]LogMaterial: Missing cached shader map for material mat52, compiling. 
[2016.03.28-12.45.37:808][  0]LogMaterial: Missing cached shader map for material mat51, compiling. 
[2016.03.28-12.45.37:817][  0]LogMaterial: Missing cached shader map for material mat50, compiling. 
[2016.03.28-12.45.37:825][  0]LogMaterial: Missing cached shader map for material mat5, compiling. 
[2016.03.28-12.45.37:834][  0]LogMaterial: Missing cached shader map for material mat57, compiling. 
[2016.03.28-12.45.37:843][  0]LogMaterial: Missing cached shader map for material mat56, compiling. 
[2016.03.28-12.45.37:851][  0]LogMaterial: Missing cached shader map for material mat55, compiling. 
[2016.03.28-12.45.37:860][  0]LogMaterial: Missing cached shader map for material mat54, compiling. 
[2016.03.28-12.45.37:869][  0]LogMaterial: Missing cached shader map for material mat53, compiling. 
[2016.03.28-12.45.37:878][  0]LogMaterial: Missing cached shader map for material mat60, compiling. 
[2016.03.28-12.45.37:887][  0]LogMaterial: Missing cached shader map for material mat6, compiling. 
[2016.03.28-12.45.37:896][  0]LogMaterial: Missing cached shader map for material mat59, compiling. 
[2016.03.28-12.45.37:905][  0]LogMaterial: Missing cached shader map for material mat58, compiling. 
[2016.03.28-12.45.37:914][  0]LogMaterial: Missing cached shader map for material mat65, compiling. 
[2016.03.28-12.45.37:923][  0]LogMaterial: Missing cached shader map for material mat64, compiling. 
[2016.03.28-12.45.37:932][  0]LogMaterial: Missing cached shader map for material mat63, compiling. 
[2016.03.28-12.45.37:941][  0]LogMaterial: Missing cached shader map for material mat62, compiling. 
[2016.03.28-12.45.37:950][  0]LogMaterial: Missing cached shader map for material mat61, compiling. 
[2016.03.28-12.45.37:959][  0]LogMaterial: Missing cached shader map for material mat7, compiling. 
[2016.03.28-12.45.37:967][  0]LogMaterial: Missing cached shader map for material mat69, compiling. 
[2016.03.28-12.45.37:976][  0]LogMaterial: Missing cached shader map for material mat68, compiling. 
[2016.03.28-12.45.37:986][  0]LogMaterial: Missing cached shader map for material mat66, compiling. 
[2016.03.28-12.45.37:996][  0]LogMaterial: Missing cached shader map for material mat74, compiling. 
[2016.03.28-12.45.38:005][  0]LogMaterial: Missing cached shader map for material mat73, compiling. 
[2016.03.28-12.45.38:014][  0]LogMaterial: Missing cached shader map for material mat72, compiling. 
[2016.03.28-12.45.38:024][  0]LogMaterial: Missing cached shader map for material mat71, compiling. 
[2016.03.28-12.45.38:034][  0]LogMaterial: Missing cached shader map for material mat70, compiling. 
[2016.03.28-12.45.38:043][  0]LogMaterial: Missing cached shader map for material mat78, compiling. 
[2016.03.28-12.45.38:051][  0]LogMaterial: Missing cached shader map for material mat77, compiling. 
[2016.03.28-12.45.38:060][  0]LogMaterial: Missing cached shader map for material mat76, compiling. 
[2016.03.28-12.45.38:069][  0]LogMaterial: Missing cached shader map for material mat75, compiling. 
[2016.03.28-12.45.38:077][  0]LogMaterial: Missing cached shader map for material mat82, compiling. 
[2016.03.28-12.45.38:086][  0]LogMaterial: Missing cached shader map for material mat81, compiling. 
[2016.03.28-12.45.38:096][  0]LogMaterial: Missing cached shader map for material mat80, compiling. 
[2016.03.28-12.45.38:106][  0]LogMaterial: Missing cached shader map for material mat8, compiling. 
[2016.03.28-12.45.38:115][  0]LogMaterial: Missing cached shader map for material mat79, compiling. 
[2016.03.28-12.45.38:126][  0]LogMaterial: Missing cached shader map for material mat87, compiling. 
[2016.03.28-12.45.38:136][  0]LogMaterial: Missing cached shader map for material mat86, compiling. 
[2016.03.28-12.45.38:146][  0]LogMaterial: Missing cached shader map for material mat85, compiling. 
[2016.03.28-12.45.38:155][  0]LogMaterial: Missing cached shader map for material mat84, compiling. 
[2016.03.28-12.45.38:165][  0]LogMaterial: Missing cached shader map for material mat91, compiling. 
[2016.03.28-12.45.38:174][  0]LogMaterial: Missing cached shader map for material mat90, compiling. 
[2016.03.28-12.45.38:184][  0]LogMaterial: Missing cached shader map for material mat9, compiling. 
[2016.03.28-12.45.38:193][  0]LogMaterial: Missing cached shader map for material mat89, compiling. 
[2016.03.28-12.45.38:202][  0]LogMaterial: Missing cached shader map for material mat88, compiling. 
[2016.03.28-12.45.38:211][  0]LogMaterial: Missing cached shader map for material mat95, compiling. 
[2016.03.28-12.45.38:220][  0]LogMaterial: Missing cached shader map for material mat94, compiling. 
[2016.03.28-12.45.38:229][  0]LogMaterial: Missing cached shader map for material mat93, compiling. 
[2016.03.28-12.45.38:238][  0]LogMaterial: Missing cached shader map for material mat92, compiling. 
[2016.03.28-12.45.38:247][  0]LogMaterial: Missing cached shader map for material platnium_shiny, compiling. 
[2016.03.28-12.45.38:255][  0]LogMaterial: Missing cached shader map for material mat99, compiling. 
[2016.03.28-12.45.38:265][  0]LogMaterial: Missing cached shader map for material mat96, compiling. 
[2016.03.28-12.45.38:272][  0]LogAudioDerivedData:Display: Building compressed audio format OGG wave Atlas_Plug_-_Truth_Be_Known...
[2016.03.28-12.45.45:603][  0]LogAudioDerivedData:Display: Building compressed audio format OGG wave Time_Bomb_Short-SoundBible_com-1562499525...
[2016.03.28-12.45.45:709][  0]LogMaterial: Missing cached shader map for material AlphaYellow, compiling. 
[2016.03.28-12.45.45:739][  0]LogAudioDerivedData:Display: Building compressed audio format OGG wave CannonFire...
[2016.03.28-12.45.45:782][  0]LogMaterial: Missing cached shader map for material Black, compiling. 
[2016.03.28-12.45.45:798][  0]LogAudioDerivedData:Display: Building compressed audio format OGG wave Flamethrower...
[2016.03.28-12.45.45:841][  0]LogMaterial: Missing cached shader map for material Red, compiling. 
[2016.03.28-12.45.45:855][  0]LogAudioDerivedData:Display: Building compressed audio format OGG wave Laser...
[2016.03.28-12.45.45:886][  0]LogMaterial: Missing cached shader map for material Blue, compiling. 
[2016.03.28-12.45.45:901][  0]LogAudioDerivedData:Display: Building compressed audio format OGG wave MachineGun...
[2016.03.28-12.45.45:966][  0]LogTexture:Display: Building textures: Cannon (AutoDXT)
[2016.03.28-12.45.45:978][  0]LogTexture:Display: Building textures: Laser (AutoDXT)
[2016.03.28-12.45.45:988][  0]LogTexture:Display: Building textures: Machinegun (AutoDXT)
[2016.03.28-12.45.46:000][  0]LogTexture:Display: Building textures: Flamethrower (AutoDXT)
[2016.03.28-12.45.46:174][  0]LogAssetRegistry: FAssetRegistry took 0.0160 seconds to start up
[2016.03.28-12.45.46:927][  0]SourceControl: Info Source control is disabled
[2016.03.28-12.45.47:021][  0]SourceControl: Info Source control is disabled
[2016.03.28-12.45.47:091][  0]SourceControl: Info Source control is disabled
[2016.03.28-12.45.47:121][  0]SourceControl: Info Source control is disabled
[2016.03.28-12.45.47:918][  0]LogObj: 30736 objects as part of root set at end of initial load.
[2016.03.28-12.45.47:918][  0]LogUObjectAllocator: 7143672 out of 0 bytes used by permanent object pool.
[2016.03.28-12.45.48:093][  0]LogEngine: Initializing Engine...
[2016.03.28-12.45.48:105][  0]OCULUS: Info: 03/28/16 12:45:48: [CAPI] LibOVR module is located at C:\Windows\system32\LibOVRRT64_0_8.dll

[2016.03.28-12.45.48:109][  0]OCULUS: Info: 03/28/16 12:45:48: [IPC] Call Stats for SetInitialState : x1: C2S=19.1008, S2C=4.27629, Runtime=64.7145 (microseconds) C2Ssize=80, S2Csize=81 (bytes)

[2016.03.28-12.45.48:109][  0]OCULUS: Info: 03/28/16 12:45:48: [IPC] Call Stats for IsLatencyTesterAvailable : x1: C2S=7.69732, S2C=19.956, Runtime=0.855258 (microseconds) C2Ssize=33, S2Csize=18 (bytes)

[2016.03.28-12.45.48:147][  0]LogHMD: SteamVR failed to initialize.  Err: 110
[2016.03.28-12.45.48:560][  0]LogAIModule: Creating AISystem for world NewWorld
[2016.03.28-12.45.48:590][  0]LogInit: XAudio2 using 'Speakers / Headphones (Realtek High Definition Audio)' : 2 channels at 48 kHz using 32 bits per sample (channel mask 0x3)
[2016.03.28-12.45.48:728][  0]LogInit: FAudioDevice initialized.
[2016.03.28-12.45.48:757][  0]LogDerivedDataCache: Saved boot cache 0.03s 54MB C:/Users/bbailey/AppData/Local/UnrealEngine/4.10/DerivedDataCache/Boot.ddc.
[2016.03.28-12.45.48:765][  0]LogInit: Texture streaming: Enabled
[2016.03.28-12.45.48:787][  0]LogAnalytics: Creating configured Analytics provider AnalyticsET
[2016.03.28-12.45.48:788][  0]LogAnalytics: [UEEditor.Rocket.Release] APIServer = http://et2.epicgames.com/ET2/. AppVersion = 4.10.4-2872498+++depot+UE4-Releases+4.10
[2016.03.28-12.45.48:788][  0]LogAnalytics: [UEEditor.Rocket.Release] SetUserId 58709fb747ec5d3c40d8f3b51c8df47e|bccdf9c3033b4357bb93aaf6cd9ec9c0|b399840a-6214-4cdc-89af-39f57a6d8d1f
[2016.03.28-12.45.48:789][  0]LogAnalytics: [UEEditor.Rocket.Release] AnalyticsET::StartSession
[2016.03.28-12.45.48:818][  0]LogInit: Transaction tracking system initialized
[2016.03.28-12.45.48:956][  0]BlueprintLog: New page: Editor Load
[2016.03.28-12.45.49:523][  0]LocalizationService: Info Localization service is disabled
[2016.03.28-12.45.49:913][  0]LogConsoleResponse:Display: 
[2016.03.28-12.45.50:196][  0]LogCook:Display: Done creating registry. It took  0.00s.
[2016.03.28-12.45.50:437][  0]LogFileCache: Scanning file cache for directory 'C:/Users/bbailey/Documents/Flat-Flight/Flight/Content/' took 0.02s
[2016.03.28-12.45.50:437][  0]SourceControl: Info Source control is disabled
[2016.03.28-12.45.50:442][  0]Cmd: MAP LOAD FILE="../../../../../../Users/bbailey/Documents/Flat-Flight/Flight/Content/Maps/MapWithPowerUps.umap" TEMPLATE=0 SHOWPROGRESS=1 FEATURELEVEL=3
[2016.03.28-12.45.50:451][  0]LightingResults: New page: Lighting Build
[2016.03.28-12.45.50:471][  0]MapCheck: New page: Map Check
[2016.03.28-12.45.50:471][  0]LightingResults: New page: Lighting Build
[2016.03.28-12.45.50:503][  0]LogParticles: Destroying 0 GPU particle simulations for FXSystem 0x000000003D5C2AC0
[2016.03.28-12.45.50:894][  0]LogAudioDerivedData:Display: Building compressed audio format OGG wave ShieldActivate...
[2016.03.28-12.45.50:920][  0]LogMaterial: Missing cached shader map for material White, compiling. 
[2016.03.28-12.45.50:933][  0]LogMaterial: Missing cached shader map for material Yellow, compiling. 
[2016.03.28-12.45.50:946][  0]LogMaterial: Missing cached shader map for material Grey, compiling. 
[2016.03.28-12.45.50:953][  0]LogAudioDerivedData:Display: Building compressed audio format OGG wave Pickups...
[2016.03.28-12.45.51:100][  0]LogAIModule: Creating AISystem for world MapWithPowerUps
[2016.03.28-12.45.51:220][  0]LogEditorServer: Finished looking for orphan Actors (0.000 secs)
[2016.03.28-12.45.51:222][  0]Cmd: MAP CHECKDEP NOCLEARLOG
[2016.03.28-12.45.51:312][  0]MapCheck: Info Map check complete: 0 Error(s), 0 Warning(s), took 89.207ms to complete.
[2016.03.28-12.45.51:312][  0]LogFileHelpers: Loading map 'MapWithPowerUps' took 0.870
[2016.03.28-12.45.51:564][  0]LogCollectionManager: Loaded 0 collections in 0.002749 seconds
[2016.03.28-12.45.51:628][  0]LogFileCache: Scanning file cache for directory 'C:/Users/bbailey/Documents/Flat-Flight/Flight/Saved/Collections/' took 0.01s
[2016.03.28-12.45.51:628][  0]LogFileCache: Scanning file cache for directory 'C:/Users/bbailey/Documents/Flat-Flight/Flight/Content/Developers/bbailey/Collections/' took 0.01s
[2016.03.28-12.45.51:628][  0]LogFileCache: Scanning file cache for directory 'C:/Users/bbailey/Documents/Flat-Flight/Flight/Content/Collections/' took 0.00s
[2016.03.28-12.45.51:628][  0]LogCollectionManager: Rebuilt the GUID cache for 0 collections in 0.000006 seconds
[2016.03.28-12.45.51:663][  0]LogContentBrowser: Native class hierarchy populated in 0.0177 seconds. Added 1921 classes and 343 folders.
[2016.03.28-12.45.51:696][  0]LogContentBrowser: Native class hierarchy updated for 'WidgetCarousel' in 0.0039 seconds. Added 0 classes and 0 folders.
[2016.03.28-12.45.51:794][  0]LogContentBrowser: Native class hierarchy updated for 'AddContentDialog' in 0.0038 seconds. Added 0 classes and 0 folders.
[2016.03.28-12.45.51:828][  0]LogContentBrowser: Native class hierarchy updated for 'SceneOutliner' in 0.0038 seconds. Added 1 classes and 2 folders.
[2016.03.28-12.45.51:932][  0]LogCrashTracker: Crashtracker disabled due to settings.
[2016.03.28-12.45.52:044][  0]LogLoad: Full Startup: 27.64 seconds (BP compile: 0.16 seconds)
[2016.03.28-12.45.52:053][  0]LogOcInput: OculusInput is initialized. Init status 0. Runtime version: 0.8.0.0
[2016.03.28-12.45.52:210][  0]LogContentStreaming: Texture pool size now 1000 MB
[2016.03.28-12.45.52:428][  0]LogRenderer: Reallocating scene render targets to support 1208x572 (Frame:2).
[2016.03.28-12.45.52:686][  1]LogFileCache: Retrieving MD5 hashes for directory 'C:/Users/bbailey/Documents/Flat-Flight/Flight/Content/' took 0.62s
[2016.03.28-12.45.55:900][227]LogAssetRegistry: Asset discovery search completed in 9.7387 seconds
[2016.03.28-12.45.55:900][227]LogCollectionManager: Rebuilt the object cache for 0 collections in 0.000001 seconds (found 0 objects)
[2016.03.28-12.45.55:900][227]LogCollectionManager: Fixed up redirectors for 0 collections in 0.000382 seconds (updated 0 objects)
[2016.03.28-12.45.58:810][442]LogSynthBenchmark:Display: FSynthBenchmark (V0.95):  requested WorkScale=1.00
[2016.03.28-12.45.58:810][442]LogSynthBenchmark:Display: ===============
[2016.03.28-12.45.58:810][442]LogSynthBenchmark:Display: Main Processor:
[2016.03.28-12.45.58:852][442]LogSynthBenchmark:Display:          ... 0.022368 s/Run 'RayIntersect'
[2016.03.28-12.45.58:852][442]LogSynthBenchmark:Display:          ... 0.019653 s/Run 'Fractal'
[2016.03.28-12.45.58:852][442]LogSynthBenchmark:Display: 
[2016.03.28-12.45.58:852][442]LogSynthBenchmark:Display:   CompiledTarget_x_Bits: 64
[2016.03.28-12.45.58:852][442]LogSynthBenchmark:Display:   UE_BUILD_SHIPPING: 0
[2016.03.28-12.45.58:852][442]LogSynthBenchmark:Display:   UE_BUILD_TEST: 0
[2016.03.28-12.45.58:853][442]LogSynthBenchmark:Display:   UE_BUILD_DEBUG: 0
[2016.03.28-12.45.58:853][442]LogSynthBenchmark:Display:   TotalPhysicalGBRam: 16
[2016.03.28-12.45.58:853][442]LogSynthBenchmark:Display:   NumberOfCores (physical): 4
[2016.03.28-12.45.58:853][442]LogSynthBenchmark:Display:   NumberOfCores (logical): 8
[2016.03.28-12.45.58:853][442]LogSynthBenchmark:Display:   CPU Perf Index 0: 114.5
[2016.03.28-12.45.58:853][442]LogSynthBenchmark:Display:   CPU Perf Index 1: 145.5
[2016.03.28-12.45.58:853][442]LogSynthBenchmark:Display:  
[2016.03.28-12.45.58:853][442]LogSynthBenchmark:Display: Graphics:
[2016.03.28-12.45.58:853][442]LogSynthBenchmark:Display:   Adapter Name: 'NVIDIA Quadro K620'
[2016.03.28-12.45.58:853][442]LogSynthBenchmark:Display:   (On Optimus the name might be wrong, memory should be ok)
[2016.03.28-12.45.58:853][442]LogSynthBenchmark:Display:   Vendor Id: 0x10de
[2016.03.28-12.45.58:853][442]LogSynthBenchmark:Display:   GPU Memory: 1994/0/7908 MB
[2016.03.28-12.45.58:853][442]LogSynthBenchmark:Display:   CPUIndex: 114.5
[2016.03.28-12.45.58:853][442]LogSynthBenchmark:Display:   GPUIndex: -nan(ind)
[2016.03.28-12.45.58:853][442]LogSynthBenchmark:Display: 
[2016.03.28-12.45.58:854][442]LogSynthBenchmark:Display:          ... Total Time: 0.043652 sec
[2016.03.28-12.45.59:119][442]LogWindows:Warning: FWindowsPlatformSurvey::TickSurveyHardware() WinSAT assessment state is out-of-date. Unable to examine some hardware metrics. Run the Windows Experience Index Assessment.
[2016.03.28-12.47.14:473][823]LogPlayLevel: PlayLevel: No blueprints needed recompiling
[2016.03.28-12.47.14:476][823]PIE: New page: PIE session: MapWithPowerUps (Mar 28, 2016, 4:47:14 AM)
[2016.03.28-12.47.14:482][823]LogPlayLevel: Creating play world package: /Game/Maps/UEDPIE_0_MapWithPowerUps
[2016.03.28-12.47.14:487][823]LogPlayLevel: PIE: StaticDuplicateObject took: (0.005262s)
[2016.03.28-12.47.14:488][823]LogAIModule: Creating AISystem for world MapWithPowerUps
[2016.03.28-12.47.14:489][823]LogPlayLevel: PIE: World Init took: (0.002047s)
[2016.03.28-12.47.14:490][823]LogPlayLevel: PIE: Created PIE world by copying editor world from /Game/Maps/MapWithPowerUps.MapWithPowerUps to /Game/Maps/UEDPIE_0_MapWithPowerUps.MapWithPowerUps (0.012542s)
[2016.03.28-12.47.14:520][823]LogInit: XAudio2 using 'Speakers / Headphones (Realtek High Definition Audio)' : 2 channels at 48 kHz using 32 bits per sample (channel mask 0x3)
[2016.03.28-12.47.14:539][823]LogInit: FAudioDevice initialized.
[2016.03.28-12.47.14:593][823]LogWorld: Game class is 'FlightGameMode'
[2016.03.28-12.47.14:598][823]LogWorld: Bringing World /Game/Maps/UEDPIE_0_MapWithPowerUps.MapWithPowerUps up for play (max tick rate 0) at 2016.03.28-08.47.14
[2016.03.28-12.47.14:598][823]LogActor:Warning: GameSession /Game/Maps/UEDPIE_0_MapWithPowerUps.MapWithPowerUps:PersistentLevel.GameSession_0 has natively added scene component(s), but none of them were set as the actor's RootComponent - picking one arbitrarily
[2016.03.28-12.47.14:598][823]LogActor:Warning: GameNetworkManager /Game/Maps/UEDPIE_0_MapWithPowerUps.MapWithPowerUps:PersistentLevel.GameNetworkManager_0 has natively added scene component(s), but none of them were set as the actor's RootComponent - picking one arbitrarily
[2016.03.28-12.47.14:599][823]LogWorld: Bringing up level for play took: 0.003290
[2016.03.28-12.47.14:608][823]PIE: Info Play in editor start time for /Game/Maps/UEDPIE_0_MapWithPowerUps -0.202
[2016.03.28-12.47.18:805][217]LogSpawn:Warning: SpawnActor failed because the spawned actor IsPendingKill
[2016.03.28-12.47.25:151][817]LogSpawn:Warning: SpawnActor failed because the spawned actor IsPendingKill
[2016.03.28-12.47.26:313][927]LogSpawn:Warning: SpawnActor failed because the spawned actor IsPendingKill
[2016.03.28-12.47.35:048][771]LogSpawn:Warning: SpawnActor failed because the spawned actor IsPendingKill
[2016.03.28-12.47.42:673][503]LogSpawn:Warning: SpawnActor failed because the spawned actor IsPendingKill
[2016.03.28-12.47.43:778][608]LogSpawn:Warning: SpawnActor failed because the spawned actor IsPendingKill
[2016.03.28-12.47.57:385][899]LogSpawn:Warning: SpawnActor failed because the spawned actor IsPendingKill
[2016.03.28-12.48.02:082][341]LogParticles: Destroying 0 GPU particle simulations for FXSystem 0x0000000031328AE0
[2016.03.28-12.48.58:443][380]LogPlayLevel: PlayLevel: No blueprints needed recompiling
[2016.03.28-12.48.58:443][380]PIE: New page: PIE session: MapWithPowerUps (Mar 28, 2016, 4:48:58 AM)
[2016.03.28-12.48.58:443][380]LogPlayLevel: Creating play world package: /Game/Maps/UEDPIE_0_MapWithPowerUps
[2016.03.28-12.48.58:446][380]LogPlayLevel: PIE: StaticDuplicateObject took: (0.002901s)
[2016.03.28-12.48.58:447][380]LogAIModule: Creating AISystem for world MapWithPowerUps
[2016.03.28-12.48.58:449][380]LogPlayLevel: PIE: World Init took: (0.002622s)
[2016.03.28-12.48.58:450][380]LogPlayLevel: PIE: Created PIE world by copying editor world from /Game/Maps/MapWithPowerUps.MapWithPowerUps to /Game/Maps/UEDPIE_0_MapWithPowerUps.MapWithPowerUps (0.006151s)
[2016.03.28-12.48.58:462][380]LogInit: XAudio2 using 'Speakers / Headphones (Realtek High Definition Audio)' : 2 channels at 48 kHz using 32 bits per sample (channel mask 0x3)
[2016.03.28-12.48.58:472][380]LogInit: FAudioDevice initialized.
[2016.03.28-12.48.58:503][380]LogWorld: Game class is 'FlightGameMode'
[2016.03.28-12.48.58:505][380]LogWorld: Bringing World /Game/Maps/UEDPIE_0_MapWithPowerUps.MapWithPowerUps up for play (max tick rate 0) at 2016.03.28-08.48.58
[2016.03.28-12.48.58:505][380]LogActor:Warning: GameSession /Game/Maps/UEDPIE_0_MapWithPowerUps.MapWithPowerUps:PersistentLevel.GameSession_1 has natively added scene component(s), but none of them were set as the actor's RootComponent - picking one arbitrarily
[2016.03.28-12.48.58:505][380]LogActor:Warning: GameNetworkManager /Game/Maps/UEDPIE_0_MapWithPowerUps.MapWithPowerUps:PersistentLevel.GameNetworkManager_1 has natively added scene component(s), but none of them were set as the actor's RootComponent - picking one arbitrarily
[2016.03.28-12.48.58:506][380]LogWorld: Bringing up level for play took: 0.001815
[2016.03.28-12.48.58:507][380]PIE: Info Play in editor start time for /Game/Maps/UEDPIE_0_MapWithPowerUps -0.314
[2016.03.28-12.49.04:441][951]LogSpawn:Warning: SpawnActor failed because the spawned actor IsPendingKill
[2016.03.28-12.49.24:459][891]LogSpawn:Warning: SpawnActor failed because the spawned actor IsPendingKill
[2016.03.28-12.49.32:015][617]LogSpawn:Warning: SpawnActor failed because the spawned actor IsPendingKill
[2016.03.28-12.49.33:090][721]LogSpawn:Warning: SpawnActor failed because the spawned actor IsPendingKill
[2016.03.28-12.49.34:180][825]LogSpawn:Warning: SpawnActor failed because the spawned actor IsPendingKill
[2016.03.28-12.49.35:270][929]LogSpawn:Warning: SpawnActor failed because the spawned actor IsPendingKill
[2016.03.28-12.49.36:363][ 34]LogSpawn:Warning: SpawnActor failed because the spawned actor IsPendingKill
[2016.03.28-12.49.37:419][134]LogSpawn:Warning: SpawnActor failed because the spawned actor IsPendingKill
[2016.03.28-12.49.38:656][251]LogSpawn:Warning: SpawnActor failed because the spawned actor IsPendingKill
[2016.03.28-12.49.39:759][355]LogSpawn:Warning: SpawnActor failed because the spawned actor IsPendingKill
[2016.03.28-12.49.40:941][467]LogSpawn:Warning: SpawnActor failed because the spawned actor IsPendingKill
[2016.03.28-12.49.42:002][568]LogSpawn:Warning: SpawnActor failed because the spawned actor IsPendingKill
[2016.03.28-12.49.43:113][674]LogSpawn:Warning: SpawnActor failed because the spawned actor IsPendingKill
[2016.03.28-12.49.44:363][793]LogSpawn:Warning: SpawnActor failed because the spawned actor IsPendingKill
[2016.03.28-12.49.45:550][906]LogSpawn:Warning: SpawnActor failed because the spawned actor IsPendingKill
[2016.03.28-12.49.46:661][ 12]LogSpawn:Warning: SpawnActor failed because the spawned actor IsPendingKill
[2016.03.28-12.49.47:740][115]LogSpawn:Warning: SpawnActor failed because the spawned actor IsPendingKill
[2016.03.28-12.49.48:822][218]LogSpawn:Warning: SpawnActor failed because the spawned actor IsPendingKill
[2016.03.28-12.49.49:848][316]LogSpawn:Warning: SpawnActor failed because the spawned actor IsPendingKill
[2016.03.28-12.49.51:020][428]LogSpawn:Warning: SpawnActor failed because the spawned actor IsPendingKill
[2016.03.28-12.49.52:271][544]LogParticles: Destroying 0 GPU particle simulations for FXSystem 0x000000002CEA5A80
[2016.03.28-12.55.06:291][358]Recompiling Flight...
[2016.03.28-12.55.06:291][358]Launching UnrealBuildTool... [C:/Program Files/Epic Games/4.10/Engine/Binaries/DotNET/UnrealBuildTool.exe Flight -ModuleWithSuffix Flight 2785 Win64 Development -editorrecompile -canskiplink "C:/Users/bbailey/Documents/Flat-Flight/Flight/Flight.uproject" -rocket  -rocket -2015]
[2016.03.28-12.55.06:292][358]Warning: Starting HotReload took  0.0s.
[2016.03.28-12.55.18:566][237]CompilerResultsLog: New page: Compilation - Mar 28, 2016, 4:55:18 AM
[2016.03.28-12.55.18:567][237]CompilerResultsLog: Info Performing full C++ include scan (hot reloading a new target)
[2016.03.28-12.55.18:567][237]CompilerResultsLog: Info Creating makefile for hot reloading Flight (no existing makefile)
[2016.03.28-12.55.18:567][237]CompilerResultsLog: Info Compiling game modules for hot reload
[2016.03.28-12.55.18:567][237]CompilerResultsLog: Info Parsing headers for FlightEditor
[2016.03.28-12.55.18:567][237]CompilerResultsLog: Info   Running UnrealHeaderTool "C:/Users/bbailey/Documents/Flat-Flight/Flight/Flight.uproject" "C:\Users\bbailey\Documents\Flat-Flight\Flight\Intermediate\Build\Win64\FlightEditor\Development\UnrealHeaderTool.manifest" -LogCmds="loginit warning, logexit warning, logdatabase error" -rocket -installed
[2016.03.28-12.55.18:567][237]CompilerResultsLog: Info Reflection code generated for FlightEditor in 6.0260893 seconds
[2016.03.28-12.55.18:567][237]CompilerResultsLog: Info Performing 2 actions (4 in parallel)
[2016.03.28-12.55.18:567][237]CompilerResultsLog: Info PlayerHUD.cpp
[2016.03.28-12.55.18:567][237]CompilerResultsLog: Info [2/2] Link UE4Editor-Flight-2785.dll
[2016.03.28-12.55.18:567][237]CompilerResultsLog:Error: Error LINK : fatal error LNK1181: cannot open input file 'delayimp.lib'
[2016.03.28-12.55.18:567][237]CompilerResultsLog: Info -------- End Detailed Actions Stats -----------------------------------------------------------
[2016.03.28-12.55.18:567][237]CompilerResultsLog: Info ERROR: UBT ERROR: Failed to produce item: C:\Users\bbailey\Documents\Flat-Flight\Flight\Binaries\Win64\UE4Editor-Flight-2785.dll
[2016.03.28-12.55.18:568][237]CompilerResultsLog: Info Total build time: 12.23 seconds
[2016.03.28-12.55.18:568][237]LogMainFrame: MainFrame: Module compiling took 12.278 seconds
[2016.03.28-12.55.18:568][237]Warning: HotReload failed, recompile failed
[2016.03.28-12.59.46:330][280]LogPlayLevel: PlayLevel: No blueprints needed recompiling
[2016.03.28-12.59.46:330][280]PIE: New page: PIE session: MapWithPowerUps (Mar 28, 2016, 4:59:46 AM)
[2016.03.28-12.59.46:330][280]LogPlayLevel: Creating play world package: /Game/Maps/UEDPIE_0_MapWithPowerUps
[2016.03.28-12.59.46:333][280]LogPlayLevel: PIE: StaticDuplicateObject took: (0.002634s)
[2016.03.28-12.59.46:334][280]LogAIModule: Creating AISystem for world MapWithPowerUps
[2016.03.28-12.59.46:334][280]LogPlayLevel: PIE: World Init took: (0.000600s)
[2016.03.28-12.59.46:334][280]LogPlayLevel: PIE: Created PIE world by copying editor world from /Game/Maps/MapWithPowerUps.MapWithPowerUps to /Game/Maps/UEDPIE_0_MapWithPowerUps.MapWithPowerUps (0.003697s)
[2016.03.28-12.59.46:347][280]LogInit: XAudio2 using 'Speakers / Headphones (Realtek High Definition Audio)' : 2 channels at 48 kHz using 32 bits per sample (channel mask 0x3)
[2016.03.28-12.59.46:357][280]LogInit: FAudioDevice initialized.
[2016.03.28-12.59.46:389][280]LogWorld: Game class is 'FlightGameMode'
[2016.03.28-12.59.46:392][280]LogWorld: Bringing World /Game/Maps/UEDPIE_0_MapWithPowerUps.MapWithPowerUps up for play (max tick rate 0) at 2016.03.28-08.59.46
[2016.03.28-12.59.46:392][280]LogActor:Warning: GameSession /Game/Maps/UEDPIE_0_MapWithPowerUps.MapWithPowerUps:PersistentLevel.GameSession_2 has natively added scene component(s), but none of them were set as the actor's RootComponent - picking one arbitrarily
[2016.03.28-12.59.46:392][280]LogActor:Warning: GameNetworkManager /Game/Maps/UEDPIE_0_MapWithPowerUps.MapWithPowerUps:PersistentLevel.GameNetworkManager_2 has natively added scene component(s), but none of them were set as the actor's RootComponent - picking one arbitrarily
[2016.03.28-12.59.46:392][280]LogWorld: Bringing up level for play took: 0.002358
[2016.03.28-12.59.46:394][280]PIE: Info Play in editor start time for /Game/Maps/UEDPIE_0_MapWithPowerUps -0.494
[2016.03.28-12.59.49:098][529]LogParticles: Destroying 0 GPU particle simulations for FXSystem 0x00000000245FF380
[2016.03.28-12.59.51:454][700]Recompiling Flight...
[2016.03.28-12.59.51:454][700]Launching UnrealBuildTool... [C:/Program Files/Epic Games/4.10/Engine/Binaries/DotNET/UnrealBuildTool.exe Flight -ModuleWithSuffix Flight 2249 Win64 Development -editorrecompile -canskiplink "C:/Users/bbailey/Documents/Flat-Flight/Flight/Flight.uproject" -rocket  -rocket -2015]
[2016.03.28-12.59.51:455][700]Warning: Starting HotReload took  0.0s.
[2016.03.28-12.59.52:205][752]CompilerResultsLog: New page: Compilation - Mar 28, 2016, 4:59:52 AM
[2016.03.28-12.59.52:205][752]CompilerResultsLog: Info Compiling game modules for hot reload
[2016.03.28-12.59.52:205][752]CompilerResultsLog: Info Target is up to date.
[2016.03.28-12.59.52:205][752]LogMainFrame: MainFrame: Module compiling took 0.753 seconds
[2016.03.28-12.59.53:770][867]LogPlayLevel: PlayLevel: No blueprints needed recompiling
[2016.03.28-12.59.53:770][867]PIE: New page: PIE session: MapWithPowerUps (Mar 28, 2016, 4:59:53 AM)
[2016.03.28-12.59.53:770][867]LogPlayLevel: Creating play world package: /Game/Maps/UEDPIE_0_MapWithPowerUps
[2016.03.28-12.59.53:774][867]LogPlayLevel: PIE: StaticDuplicateObject took: (0.004114s)
[2016.03.28-12.59.53:775][867]LogAIModule: Creating AISystem for world MapWithPowerUps
[2016.03.28-12.59.53:775][867]LogPlayLevel: PIE: World Init took: (0.000782s)
[2016.03.28-12.59.53:775][867]LogPlayLevel: PIE: Created PIE world by copying editor world from /Game/Maps/MapWithPowerUps.MapWithPowerUps to /Game/Maps/UEDPIE_0_MapWithPowerUps.MapWithPowerUps (0.005370s)
[2016.03.28-12.59.53:794][867]LogInit: XAudio2 using 'Speakers / Headphones (Realtek High Definition Audio)' : 2 channels at 48 kHz using 32 bits per sample (channel mask 0x3)
[2016.03.28-12.59.53:807][867]LogInit: FAudioDevice initialized.
[2016.03.28-12.59.53:844][867]LogWorld: Game class is 'FlightGameMode'
[2016.03.28-12.59.53:847][867]LogWorld: Bringing World /Game/Maps/UEDPIE_0_MapWithPowerUps.MapWithPowerUps up for play (max tick rate 0) at 2016.03.28-08.59.53
[2016.03.28-12.59.53:847][867]LogActor:Warning: GameSession /Game/Maps/UEDPIE_0_MapWithPowerUps.MapWithPowerUps:PersistentLevel.GameSession_3 has natively added scene component(s), but none of them were set as the actor's RootComponent - picking one arbitrarily
[2016.03.28-12.59.53:848][867]LogActor:Warning: GameNetworkManager /Game/Maps/UEDPIE_0_MapWithPowerUps.MapWithPowerUps:PersistentLevel.GameNetworkManager_3 has natively added scene component(s), but none of them were set as the actor's RootComponent - picking one arbitrarily
[2016.03.28-12.59.53:848][867]LogWorld: Bringing up level for play took: 0.002601
[2016.03.28-12.59.53:850][867]PIE: Info Play in editor start time for /Game/Maps/UEDPIE_0_MapWithPowerUps 0.961
[2016.03.28-12.59.55:848][ 49]LogParticles: Destroying 0 GPU particle simulations for FXSystem 0x0000000029DDC400
[2016.03.28-13.00.38:026][311]Recompiling Flight...
[2016.03.28-13.00.38:026][311]Launching UnrealBuildTool... [C:/Program Files/Epic Games/4.10/Engine/Binaries/DotNET/UnrealBuildTool.exe Flight -ModuleWithSuffix Flight 807 Win64 Development -editorrecompile -canskiplink "C:/Users/bbailey/Documents/Flat-Flight/Flight/Flight.uproject" -rocket  -rocket -2015]
[2016.03.28-13.00.38:027][311]Warning: Starting HotReload took  0.0s.
[2016.03.28-13.00.40:809][504]CompilerResultsLog: New page: Compilation - Mar 28, 2016, 5:00:40 AM
[2016.03.28-13.00.40:810][504]CompilerResultsLog: Info Compiling game modules for hot reload
[2016.03.28-13.00.40:810][504]CompilerResultsLog: Info Performing 2 actions (4 in parallel)
[2016.03.28-13.00.40:810][504]CompilerResultsLog: Info PlayerHUD.cpp
[2016.03.28-13.00.40:810][504]CompilerResultsLog: Info [2/2] Link UE4Editor-Flight-807.dll
[2016.03.28-13.00.40:810][504]CompilerResultsLog:Error: Error LINK : fatal error LNK1181: cannot open input file 'delayimp.lib'
[2016.03.28-13.00.40:810][504]CompilerResultsLog: Info -------- End Detailed Actions Stats -----------------------------------------------------------
[2016.03.28-13.00.40:810][504]CompilerResultsLog: Info ERROR: UBT ERROR: Failed to produce item: C:\Users\bbailey\Documents\Flat-Flight\Flight\Binaries\Win64\UE4Editor-Flight-807.dll
[2016.03.28-13.00.40:810][504]CompilerResultsLog: Info Total build time: 2.75 seconds
[2016.03.28-13.00.40:810][504]LogMainFrame: MainFrame: Module compiling took 2.796 seconds
[2016.03.28-13.00.40:810][504]Warning: HotReload failed, recompile failed
[2016.03.28-13.00.42:006][589]Recompiling Flight...
[2016.03.28-13.00.42:007][589]Launching UnrealBuildTool... [C:/Program Files/Epic Games/4.10/Engine/Binaries/DotNET/UnrealBuildTool.exe Flight -ModuleWithSuffix Flight 1316 Win64 Development -editorrecompile -canskiplink "C:/Users/bbailey/Documents/Flat-Flight/Flight/Flight.uproject" -rocket  -rocket -2015]
[2016.03.28-13.00.42:008][589]Warning: Starting HotReload took  0.0s.
[2016.03.28-13.00.42:739][639]CompilerResultsLog: New page: Compilation - Mar 28, 2016, 5:00:42 AM
[2016.03.28-13.00.42:739][639]CompilerResultsLog: Info Compiling game modules for hot reload
[2016.03.28-13.00.42:739][639]CompilerResultsLog: Info Target is up to date.
[2016.03.28-13.00.42:739][639]LogMainFrame: MainFrame: Module compiling took 0.743 seconds
[2016.03.28-13.00.44:405][752]LogPlayLevel: PlayLevel: No blueprints needed recompiling
[2016.03.28-13.00.44:405][752]PIE: New page: PIE session: MapWithPowerUps (Mar 28, 2016, 5:00:44 AM)
[2016.03.28-13.00.44:405][752]LogPlayLevel: Creating play world package: /Game/Maps/UEDPIE_0_MapWithPowerUps
[2016.03.28-13.00.44:409][752]LogPlayLevel: PIE: StaticDuplicateObject took: (0.003808s)
[2016.03.28-13.00.44:410][752]LogAIModule: Creating AISystem for world MapWithPowerUps
[2016.03.28-13.00.44:410][752]LogPlayLevel: PIE: World Init took: (0.000756s)
[2016.03.28-13.00.44:410][752]LogPlayLevel: PIE: Created PIE world by copying editor world from /Game/Maps/MapWithPowerUps.MapWithPowerUps to /Game/Maps/UEDPIE_0_MapWithPowerUps.MapWithPowerUps (0.005237s)
[2016.03.28-13.00.44:427][752]LogInit: XAudio2 using 'Speakers / Headphones (Realtek High Definition Audio)' : 2 channels at 48 kHz using 32 bits per sample (channel mask 0x3)
[2016.03.28-13.00.44:438][752]LogInit: FAudioDevice initialized.
[2016.03.28-13.00.44:482][752]LogWorld: Game class is 'FlightGameMode'
[2016.03.28-13.00.44:485][752]LogWorld: Bringing World /Game/Maps/UEDPIE_0_MapWithPowerUps.MapWithPowerUps up for play (max tick rate 0) at 2016.03.28-09.00.44
[2016.03.28-13.00.44:485][752]LogActor:Warning: GameSession /Game/Maps/UEDPIE_0_MapWithPowerUps.MapWithPowerUps:PersistentLevel.GameSession_4 has natively added scene component(s), but none of them were set as the actor's RootComponent - picking one arbitrarily
[2016.03.28-13.00.44:485][752]LogActor:Warning: GameNetworkManager /Game/Maps/UEDPIE_0_MapWithPowerUps.MapWithPowerUps:PersistentLevel.GameNetworkManager_4 has natively added scene component(s), but none of them were set as the actor's RootComponent - picking one arbitrarily
[2016.03.28-13.00.44:485][752]LogWorld: Bringing up level for play took: 0.002618
[2016.03.28-13.00.44:488][752]PIE: Info Play in editor start time for /Game/Maps/UEDPIE_0_MapWithPowerUps -0.406
[2016.03.28-13.00.46:472][919]LogParticles: Destroying 0 GPU particle simulations for FXSystem 0x0000000024108900
[2016.03.28-13.00.47:922][  8]Cmd: QUIT_EDITOR
[2016.03.28-13.00.48:046][  8]LogExit: Preparing to exit.
[2016.03.28-13.00.48:607][  8]LogExit: Editor shut down
[2016.03.28-13.00.48:607][  8]LogExit: Transaction tracking system shut down
[2016.03.28-13.00.48:612][  8]LogParticles: Destroying 0 GPU particle simulations for FXSystem 0x00000000166CF1A0
[2016.03.28-13.00.48:745][  8]LogParticles: Destroying 0 GPU particle simulations for FXSystem 0x0000000021EA3E20
[2016.03.28-13.00.48:745][  8]LogExit: Object subsystem successfully closed.
[2016.03.28-13.00.48:767][  8]LogD3D11RHI: Shutdown
[2016.03.28-13.00.48:767][  8]LogD3D11RHI: CleanupD3DDevice
[2016.03.28-13.00.48:806][  8]LogD3D11RHI: ~FD3D11DynamicRHI
[2016.03.28-13.00.48:825][  8]LogModuleManager: Shutting down and abandoning module SynthBenchmark (200)
[2016.03.28-13.00.48:825][  8]LogModuleManager: Shutting down and abandoning module CrashTracker (199)
[2016.03.28-13.00.48:826][  8]LogModuleManager: Shutting down and abandoning module SceneOutliner (198)
[2016.03.28-13.00.48:826][  8]LogModuleManager: Shutting down and abandoning module SuperSearch (197)
[2016.03.28-13.00.48:826][  8]LogModuleManager: Shutting down and abandoning