[2016.03.28-13.00.54:885][  0]Log file open, 03/28/16 09:00:54
[2016.03.28-13.00.54:885][  0]LogInit:Display: Running engine for game: Flight
[2016.03.28-13.00.54:885][  0]LogPlatformFile: Not using cached read wrapper
[2016.03.28-13.00.54:885][  0]LogInit:Display: RandInit(931701089) SRandInit(931701091).
[2016.03.28-13.00.54:885][  0]LogTaskGraph: Started task graph with 4 named threads and 7 total threads.
[2016.03.28-13.00.54:885][  0]LogStats: Stats thread started at 0.137477
[2016.03.28-13.00.54:885][  0]LogInit: Version: 4.10.4-2872498+++depot+UE4-Releases+4.10
[2016.03.28-13.00.54:885][  0]LogInit: API Version: 2758231
[2016.03.28-13.00.54:885][  0]LogInit: Compiled (64-bit): Feb 18 2016 15:47:04
[2016.03.28-13.00.54:885][  0]LogInit: Compiled with Visual C++: 19.00.23026.00
[2016.03.28-13.00.54:885][  0]LogInit: Build Configuration: Development
[2016.03.28-13.00.54:885][  0]LogInit: Branch Name: ++depot+UE4-Releases+4.10
[2016.03.28-13.00.54:885][  0]LogInit: Command line: 
[2016.03.28-13.00.54:885][  0]LogInit: Base directory: C:/Program Files/Epic Games/4.10/Engine/Binaries/Win64/
[2016.03.28-13.00.54:885][  0]LogInit: Rocket: 1
[2016.03.28-13.00.54:902][  0]LogInit: Using libcurl 7.41.0
[2016.03.28-13.00.54:902][  0]LogInit:  - built for x86_64-pc-win32
[2016.03.28-13.00.54:903][  0]LogInit:  - supports SSL with WinSSL
[2016.03.28-13.00.54:903][  0]LogInit:  - other features:
[2016.03.28-13.00.54:903][  0]LogInit:      CURL_VERSION_SSL
[2016.03.28-13.00.54:903][  0]LogInit:      CURL_VERSION_IPV6
[2016.03.28-13.00.54:903][  0]LogInit:      CURL_VERSION_ASYNCHDNS
[2016.03.28-13.00.54:903][  0]LogInit:      CURL_VERSION_LARGEFILE
[2016.03.28-13.00.54:903][  0]LogInit:      CURL_VERSION_IDN
[2016.03.28-13.00.54:903][  0]LogInit:  CurlRequestOptions (configurable via config and command line):
[2016.03.28-13.00.54:903][  0]LogInit:  - bVerifyPeer = true  - Libcurl will verify peer certificate
[2016.03.28-13.00.54:903][  0]LogInit:  - bUseHttpProxy = false  - Libcurl will NOT use HTTP proxy
[2016.03.28-13.00.54:903][  0]LogInit:  - bDontReuseConnections = false  - Libcurl will reuse connections
[2016.03.28-13.00.54:903][  0]LogInit:  - CertBundlePath = nullptr  - Libcurl will use whatever was configured at build time.
[2016.03.28-13.00.54:926][  0]LogInit: Presizing for 0 objects not considered by GC, pre-allocating 0 bytes.
[2016.03.28-13.00.54:931][  0]LogInit: Object subsystem initialized
[2016.03.28-13.00.54:932][  0]LogInit: Selected Device Profile: [Windows]
[2016.03.28-13.00.54:932][  0]LogInit: Applying CVar settings loaded from the selected device profile: [Windows]
[2016.03.28-13.00.54:939][  0]LogInit: Computer: C401IT33
[2016.03.28-13.00.54:939][  0]LogInit: User: bbailey
[2016.03.28-13.00.54:939][  0]LogInit: CPU Page size=4096, Cores=4
[2016.03.28-13.00.54:939][  0]LogInit: High frequency timer resolution =3.507714 MHz
[2016.03.28-13.00.54:939][  0]LogMemory: Memory total: Physical=15.9GB (16GB approx)
[2016.03.28-13.00.54:939][  0]LogMemory: Platform Memory Stats for Windows
[2016.03.28-13.00.54:939][  0]LogMemory: Process Physical Memory: 58.39 MB used, 58.39 MB peak
[2016.03.28-13.00.54:939][  0]LogMemory: Process Virtual Memory: 58.05 MB used, 58.05 MB peak
[2016.03.28-13.00.54:939][  0]LogMemory: Physical Memory: 5886.25 MB used, 16326.03 MB total
[2016.03.28-13.00.54:939][  0]LogMemory: Virtual Memory: 350.84 MB used, 8388608.00 MB total
[2016.03.28-13.00.54:994][  0]LogTextLocalizationManager: No specific translations for ('en-CA') exist, so ('en') translations will be used.
[2016.03.28-13.00.55:370][  0]LogD3D11RHI: Found D3D11 adapter 0: NVIDIA Quadro K620 (Feature Level 11_0)
[2016.03.28-13.00.55:370][  0]LogD3D11RHI: Adapter has 1993MB of dedicated video memory, 0MB of dedicated system memory, and 7907MB of shared system memory, 1 output[s]
[2016.03.28-13.00.55:370][  0]LogD3D11RHI: Chosen D3D11 Adapter Id = 0
[2016.03.28-13.00.55:373][  0]LogD3D11RHI: !Direct3DDevice
[2016.03.28-13.00.55:374][  0]LogRHI: Texture pool is 1361 MB (70% of 1945 MB)
[2016.03.28-13.00.55:384][  0]LogD3D11RHI: Async texture creation enabled
[2016.03.28-13.00.55:399][  0]LogShaderCompilers: Guid format shader working directory is -12 characters bigger than the processId version (../../../../../../Users/bbailey/Documents/Flat-Flight/Flight/Intermediate/Shaders/WorkingDirectory/4040/).
[2016.03.28-13.00.55:399][  0]LogShaderCompilers: Cleaned the shader compiler working directory 'C:/Users/bbailey/AppData/Local/Temp/UnrealShaderWorkingDir/002C5BA649762FA7869362837A3E16BB/'.
[2016.03.28-13.00.55:399][  0]LogShaderCompilers:Display: Using Local Shader Compiler.
[2016.03.28-13.00.56:084][  0]LogTemp:Display: Loaded TP AllDesktopTargetPlatform
[2016.03.28-13.00.56:097][  0]LogTemp:Display: Loaded TP WindowsClientTargetPlatform
[2016.03.28-13.00.56:107][  0]LogTemp:Display: Loaded TP WindowsNoEditorTargetPlatform
[2016.03.28-13.00.56:118][  0]LogTemp:Display: Loaded TP WindowsServerTargetPlatform
[2016.03.28-13.00.56:129][  0]LogTemp:Display: Loaded TP WindowsTargetPlatform
[2016.03.28-13.00.56:139][  0]LogTemp:Display: Loaded TP AndroidTargetPlatform
[2016.03.28-13.00.56:146][  0]LogTemp:Display: Loaded TP Android_ASTCTargetPlatform
[2016.03.28-13.00.56:153][  0]LogTemp:Display: Loaded TP Android_ATCTargetPlatform
[2016.03.28-13.00.56:159][  0]LogTemp:Display: Loaded TP Android_DXTTargetPlatform
[2016.03.28-13.00.56:166][  0]LogTemp:Display: Loaded TP Android_ETC1TargetPlatform
[2016.03.28-13.00.56:174][  0]LogTemp:Display: Loaded TP Android_ETC2TargetPlatform
[2016.03.28-13.00.56:187][  0]LogTemp:Display: Loaded TP Android_MultiTargetPlatform
[2016.03.28-13.00.56:188][  0]LogTemp:Display: Loaded TP Android_PVRTCTargetPlatform
[2016.03.28-13.00.56:191][  0]LogTemp:Display: Loaded TP HTML5TargetPlatform
[2016.03.28-13.00.56:220][  0]LogTemp:Display: Loaded TP IOSTargetPlatform
[2016.03.28-13.00.56:225][  0]LogTemp:Display: Loaded TP LinuxNoEditorTargetPlatform
[2016.03.28-13.00.56:232][  0]LogTemp:Display: Loaded TP LinuxServerTargetPlatform
[2016.03.28-13.00.56:239][  0]LogTemp:Display: Loaded TP LinuxTargetPlatform
[2016.03.28-13.00.56:239][  0]LogTargetPlatformManager:Display: Building Assets For Windows
[2016.03.28-13.00.56:415][  0]LogDerivedDataCache:Display: Max Cache Size: 512 MB
[2016.03.28-13.00.56:459][  0]LogDerivedDataCache: Loaded boot cache 0.04s 54MB C:/Users/bbailey/AppData/Local/UnrealEngine/4.10/DerivedDataCache/Boot.ddc.
[2016.03.28-13.00.56:459][  0]LogDerivedDataCache:Display: Loaded Boot cache: C:/Users/bbailey/AppData/Local/UnrealEngine/4.10/DerivedDataCache/Boot.ddc
[2016.03.28-13.00.56:459][  0]LogDerivedDataCache: FDerivedDataBackendGraph:  Pak pak cache file ../../../../../../Users/bbailey/Documents/Flat-Flight/Flight/DerivedDataCache/DDC.ddp not found, will not use a pak cache.
[2016.03.28-13.00.56:459][  0]LogDerivedDataCache: Unable to find inner node Pak for hierarchical cache Hierarchy.
[2016.03.28-13.00.56:460][  0]LogDerivedDataCache: FDerivedDataBackendGraph:  CompressedPak pak cache file ../../../../../../Users/bbailey/Documents/Flat-Flight/Flight/DerivedDataCache/Compressed.ddp not found, will not use a pak cache.
[2016.03.28-13.00.56:460][  0]LogDerivedDataCache: Unable to find inner node CompressedPak for hierarchical cache Hierarchy.
[2016.03.28-13.00.56:507][  0]LogDerivedDataCache:Display: Pak cache opened for reading ../../../Engine/DerivedDataCache/Compressed.ddp.
[2016.03.28-13.00.56:519][  0]LogDerivedDataCache: Using Local data cache path C:/Users/bbailey/AppData/Local/UnrealEngine/Common/DerivedDataCache: Writable
[2016.03.28-13.00.56:643][  0]LogCollisionProfile:Warning: Profile (Player) - Custom Channel Name = 'Bullet' hasn't been found
[2016.03.28-13.00.56:644][  0]LogCollisionProfile:Warning: Profile (Enemy) - Custom Channel Name = 'Bullet' hasn't been found
[2016.03.28-13.00.56:644][  0]LogCollisionProfile:Warning: Profile (Enemy) - Custom Channel Name = 'GameTraceChannel5' hasn't been found
[2016.03.28-13.00.56:644][  0]LogCollisionProfile:Warning: Profile (Enemy) - Custom Channel Name = 'GameTraceChannel6' hasn't been found
[2016.03.28-13.00.56:644][  0]LogCollisionProfile:Warning: Profile (PickUps) - Custom Channel Name = 'GameTraceChannel5' hasn't been found
[2016.03.28-13.00.56:644][  0]LogCollisionProfile:Warning: Profile (PickUps) - Custom Channel Name = 'GameTraceChannel6' hasn't been found
[2016.03.28-13.00.56:644][  0]LogCollisionProfile:Warning: Profile (PlayerBullets) - Custom Channel Name = 'GameTraceChannel6' hasn't been found
[2016.03.28-13.00.56:644][  0]LogCollisionProfile:Warning: Profile (EnemyBullets) - Custom Channel Name = 'GameTraceChannel6' hasn't been found
[2016.03.28-13.00.56:649][  0]LogInit: Selected Device Profile: [Windows]
[2016.03.28-13.00.56:649][  0]LogContentStreaming: Texture pool size is 0.000000MB
[2016.03.28-13.00.56:684][  0]LogMeshUtilities: No automatic mesh reduction module available
[2016.03.28-13.00.56:684][  0]LogMeshUtilities: No automatic mesh merging module available
[2016.03.28-13.00.56:957][  0]LogInit: WinSock: version 1.1 (2.2), MaxSocks=32767, MaxUdp=65467
[2016.03.28-13.00.57:829][  0]UdpMessaging: Initializing bridge on interface 0.0.0.0:0 to multicast group 230.0.0.1:6666.
[2016.03.28-13.00.58:461][  0]LogAssetRegistry: FAssetRegistry took 0.0105 seconds to start up
[2016.03.28-13.00.58:709][  0]SourceControl: Info Source control is disabled
[2016.03.28-13.00.58:734][  0]SourceControl: Info Source control is disabled
[2016.03.28-13.00.58:745][  0]SourceControl: Info Source control is disabled
[2016.03.28-13.00.58:759][  0]SourceControl: Info Source control is disabled
[2016.03.28-13.00.58:991][  0]LogObj: 30736 objects as part of root set at end of initial load.
[2016.03.28-13.00.58:991][  0]LogUObjectAllocator: 7143664 out of 0 bytes used by permanent object pool.
[2016.03.28-13.00.59:055][  0]LogEngine: Initializing Engine...
[2016.03.28-13.00.59:057][  0]OCULUS: Info: 03/28/16 13:00:59: [CAPI] LibOVR module is located at C:\Windows\system32\LibOVRRT64_0_8.dll

[2016.03.28-13.00.59:058][  0]OCULUS: Info: 03/28/16 13:00:59: [IPC] Call Stats for SetInitialState : x1: C2S=13.9692, S2C=3.70612, Runtime=33.6401 (microseconds) C2Ssize=80, S2Csize=81 (bytes)

[2016.03.28-13.00.59:058][  0]OCULUS: Info: 03/28/16 13:00:59: [IPC] Call Stats for IsLatencyTesterAvailable : x1: C2S=8.55258, S2C=2.56577, Runtime=0.855258 (microseconds) C2Ssize=33, S2Csize=18 (bytes)

[2016.03.28-13.00.59:076][  0]LogHMD: SteamVR failed to initialize.  Err: 110
[2016.03.28-13.00.59:236][  0]LogAIModule: Creating AISystem for world NewWorld
[2016.03.28-13.00.59:244][  0]LogInit: XAudio2 using 'Speakers / Headphones (Realtek High Definition Audio)' : 2 channels at 48 kHz using 32 bits per sample (channel mask 0x3)
[2016.03.28-13.00.59:328][  0]LogInit: FAudioDevice initialized.
[2016.03.28-13.00.59:363][  0]LogDerivedDataCache: Saved boot cache 0.03s 65MB C:/Users/bbailey/AppData/Local/UnrealEngine/4.10/DerivedDataCache/Boot.ddc.
[2016.03.28-13.00.59:370][  0]LogInit: Texture streaming: Enabled
[2016.03.28-13.00.59:383][  0]LogAnalytics: Creating configured Analytics provider AnalyticsET
[2016.03.28-13.00.59:383][  0]LogAnalytics: [UEEditor.Rocket.Release] APIServer = http://et2.epicgames.com/ET2/. AppVersion = 4.10.4-2872498+++depot+UE4-Releases+4.10
[2016.03.28-13.00.59:383][  0]LogAnalytics: [UEEditor.Rocket.Release] SetUserId 58709fb747ec5d3c40d8f3b51c8df47e|bccdf9c3033b4357bb93aaf6cd9ec9c0|b399840a-6214-4cdc-89af-39f57a6d8d1f
[2016.03.28-13.00.59:384][  0]LogAnalytics: [UEEditor.Rocket.Release] AnalyticsET::StartSession
[2016.03.28-13.00.59:398][  0]LogInit: Transaction tracking system initialized
[2016.03.28-13.00.59:481][  0]BlueprintLog: New page: Editor Load
[2016.03.28-13.00.59:711][  0]LocalizationService: Info Localization service is disabled
[2016.03.28-13.00.59:835][  0]LogConsoleResponse:Display: 
[2016.03.28-13.00.59:931][  0]LogCook:Display: Done creating registry. It took  0.00s.
[2016.03.28-13.01.00:035][  0]LogFileCache: Scanning file cache for directory 'C:/Users/bbailey/Documents/Flat-Flight/Flight/Content/' took 0.01s
[2016.03.28-13.01.00:035][  0]SourceControl: Info Source control is disabled
[2016.03.28-13.01.00:035][  0]Cmd: MAP LOAD FILE="../../../../../../Users/bbailey/Documents/Flat-Flight/Flight/Content/Maps/MapWithPowerUps.umap" TEMPLATE=0 SHOWPROGRESS=1 FEATURELEVEL=3
[2016.03.28-13.01.00:035][  0]LightingResults: New page: Lighting Build
[2016.03.28-13.01.00:042][  0]MapCheck: New page: Map Check
[2016.03.28-13.01.00:042][  0]LightingResults: New page: Lighting Build
[2016.03.28-13.01.00:052][  0]LogParticles: Destroying 0 GPU particle simulations for FXSystem 0x000000002870B6A0
[2016.03.28-13.01.00:280][  0]LogAIModule: Creating AISystem for world MapWithPowerUps
[2016.03.28-13.01.00:285][  0]LogEditorServer: Finished looking for orphan Actors (0.000 secs)
[2016.03.28-13.01.00:286][  0]Cmd: MAP CHECKDEP NOCLEARLOG
[2016.03.28-13.01.00:335][  0]MapCheck: Info Map check complete: 0 Error(s), 0 Warning(s), took 48.753ms to complete.
[2016.03.28-13.01.00:335][  0]LogFileHelpers: Loading map 'MapWithPowerUps' took 0.300
[2016.03.28-13.01.00:417][  0]LogCollectionManager: Loaded 0 collections in 0.001857 seconds
[2016.03.28-13.01.00:459][  0]LogFileCache: Scanning file cache for directory 'C:/Users/bbailey/Documents/Flat-Flight/Flight/Saved/Collections/' took 0.01s
[2016.03.28-13.01.00:459][  0]LogFileCache: Scanning file cache for directory 'C:/Users/bbailey/Documents/Flat-Flight/Flight/Content/Developers/bbailey/Collections/' took 0.01s
[2016.03.28-13.01.00:459][  0]LogFileCache: Scanning file cache for directory 'C:/Users/bbailey/Documents/Flat-Flight/Flight/Content/Collections/' took 0.01s
[2016.03.28-13.01.00:459][  0]LogCollectionManager: Rebuilt the GUID cache for 0 collections in 0.000001 seconds
[2016.03.28-13.01.00:467][  0]LogContentBrowser: Native class hierarchy populated in 0.0079 seconds. Added 1921 classes and 343 folders.
[2016.03.28-13.01.00:478][  0]LogContentBrowser: Native class hierarchy updated for 'WidgetCarousel' in 0.0021 seconds. Added 0 classes and 0 folders.
[2016.03.28-13.01.00:512][  0]LogContentBrowser: Native class hierarchy updated for 'AddContentDialog' in 0.0022 seconds. Added 0 classes and 0 folders.
[2016.03.28-13.01.00:525][  0]LogContentBrowser: Native class hierarchy updated for 'SceneOutliner' in 0.0022 seconds. Added 1 classes and 2 folders.
[2016.03.28-13.01.00:543][  0]LogCrashTracker: Crashtracker disabled due to settings.
[2016.03.28-13.01.00:579][  0]LogLoad: Full Startup: 6.58 seconds (BP compile: 0.06 seconds)
[2016.03.28-13.01.00:588][  0]LogOcInput: OculusInput is initialized. Init status 0. Runtime version: 0.8.0.0
[2016.03.28-13.01.00:632][  0]LogContentStreaming: Texture pool size now 1000 MB
[2016.03.28-13.01.00:783][  0]LogRenderer: Reallocating scene render targets to support 1208x572 (Frame:2).
[2016.03.28-13.01.00:929][  1]LogFileCache: Retrieving MD5 hashes for directory 'C:/Users/bbailey/Documents/Flat-Flight/Flight/Content/' took 0.33s
[2016.03.28-13.01.01:024][  4]LogAssetRegistry: Asset discovery search completed in 2.5723 seconds
[2016.03.28-13.01.01:024][  4]LogCollectionManager: Rebuilt the object cache for 0 collections in 0.000001 seconds (found 0 objects)
[2016.03.28-13.01.01:024][  4]LogCollectionManager: Fixed up redirectors for 0 collections in 0.000171 seconds (updated 0 objects)
[2016.03.28-13.01.02:526][112]LogPlayLevel: PlayLevel: No blueprints needed recompiling
[2016.03.28-13.01.02:527][112]PIE: New page: PIE session: MapWithPowerUps (Mar 28, 2016, 5:01:02 AM)
[2016.03.28-13.01.02:527][112]LogPlayLevel: Creating play world package: /Game/Maps/UEDPIE_0_MapWithPowerUps
[2016.03.28-13.01.02:531][112]LogPlayLevel: PIE: StaticDuplicateObject took: (0.004390s)
[2016.03.28-13.01.02:532][112]LogAIModule: Creating AISystem for world MapWithPowerUps
[2016.03.28-13.01.02:532][112]LogPlayLevel: PIE: World Init took: (0.000899s)
[2016.03.28-13.01.02:533][112]LogPlayLevel: PIE: Created PIE world by copying editor world from /Game/Maps/MapWithPowerUps.MapWithPowerUps to /Game/Maps/UEDPIE_0_MapWithPowerUps.MapWithPowerUps (0.005817s)
[2016.03.28-13.01.02:557][112]LogInit: XAudio2 using 'Speakers / Headphones (Realtek High Definition Audio)' : 2 channels at 48 kHz using 32 bits per sample (channel mask 0x3)
[2016.03.28-13.01.02:569][112]LogInit: FAudioDevice initialized.
[2016.03.28-13.01.02:627][112]LogWorld: Game class is 'FlightGameMode'
[2016.03.28-13.01.02:629][112]LogWorld: Bringing World /Game/Maps/UEDPIE_0_MapWithPowerUps.MapWithPowerUps up for play (max tick rate 0) at 2016.03.28-09.01.02
[2016.03.28-13.01.02:629][112]LogActor:Warning: GameSession /Game/Maps/UEDPIE_0_MapWithPowerUps.MapWithPowerUps:PersistentLevel.GameSession_0 has natively added scene component(s), but none of them were set as the actor's RootComponent - picking one arbitrarily
[2016.03.28-13.01.02:630][112]LogActor:Warning: GameNetworkManager /Game/Maps/UEDPIE_0_MapWithPowerUps.MapWithPowerUps:PersistentLevel.GameNetworkManager_0 has natively added scene component(s), but none of them were set as the actor's RootComponent - picking one arbitrarily
[2016.03.28-13.01.02:630][112]LogWorld: Bringing up level for play took: 0.001908
[2016.03.28-13.01.02:632][112]PIE: Info Play in editor start time for /Game/Maps/UEDPIE_0_MapWithPowerUps -0.264
[2016.03.28-13.01.10:381][857]LogParticles: Destroying 0 GPU particle simulations for FXSystem 0x000000002C687E20
[2016.03.28-13.01.33:099][116]LogPlayLevel: PlayLevel: No blueprints needed recompiling
[2016.03.28-13.01.33:100][116]PIE: New page: PIE session: MapWithPowerUps (Mar 28, 2016, 5:01:33 AM)
[2016.03.28-13.01.33:100][116]LogPlayLevel: Creating play world package: /Game/Maps/UEDPIE_0_MapWithPowerUps
[2016.03.28-13.01.33:103][116]LogPlayLevel: PIE: StaticDuplicateObject took: (0.002970s)
[2016.03.28-13.01.33:104][116]LogAIModule: Creating AISystem for world MapWithPowerUps
[2016.03.28-13.01.33:104][116]LogPlayLevel: PIE: World Init took: (0.000612s)
[2016.03.28-13.01.33:104][116]LogPlayLevel: PIE: Created PIE world by copying editor world from /Game/Maps/MapWithPowerUps.MapWithPowerUps to /Game/Maps/UEDPIE_0_MapWithPowerUps.MapWithPowerUps (0.004215s)
[2016.03.28-13.01.33:116][116]LogInit: XAudio2 using 'Speakers / Headphones (Realtek High Definition Audio)' : 2 channels at 48 kHz using 32 bits per sample (channel mask 0x3)
[2016.03.28-13.01.33:124][116]LogInit: FAudioDevice initialized.
[2016.03.28-13.01.33:162][116]LogWorld: Game class is 'FlightGameMode'
[2016.03.28-13.01.33:164][116]LogWorld: Bringing World /Game/Maps/UEDPIE_0_MapWithPowerUps.MapWithPowerUps up for play (max tick rate 0) at 2016.03.28-09.01.33
[2016.03.28-13.01.33:164][116]LogActor:Warning: GameSession /Game/Maps/UEDPIE_0_MapWithPowerUps.MapWithPowerUps:PersistentLevel.GameSession_1 has natively added scene component(s), but none of them were set as the actor's RootComponent - picking one arbitrarily
[2016.03.28-13.01.33:164][116]LogActor:Warning: GameNetworkManager /Game/Maps/UEDPIE_0_MapWithPowerUps.MapWithPowerUps:PersistentLevel.GameNetworkManager_1 has natively added scene component(s), but none of them were set as the actor's RootComponent - picking one arbitrarily
[2016.03.28-13.01.33:164][116]LogWorld: Bringing up level for play took: 0.001696
[2016.03.28-13.01.33:166][116]PIE: Info Play in editor start time for /Game/Maps/UEDPIE_0_MapWithPowerUps 0.267
[2016.03.28-13.01.35:191][305]LogParticles: Destroying 0 GPU particle simulations for FXSystem 0x000000000FCA9260
[2016.03.28-13.01.36:192][376]Recompiling Flight...
[2016.03.28-13.01.36:192][376]Launching UnrealBuildTool... [C:/Program Files/Epic Games/4.10/Engine/Binaries/DotNET/UnrealBuildTool.exe Flight -ModuleWithSuffix Flight 841 Win64 Development -editorrecompile -canskiplink "C:/Users/bbailey/Documents/Flat-Flight/Flight/Flight.uproject" -rocket  -rocket -2015]
[2016.03.28-13.01.36:193][376]Warning: Starting HotReload took  0.0s.
[2016.03.28-13.01.39:083][583]CompilerResultsLog: New page: Compilation - Mar 28, 2016, 5:01:39 AM
[2016.03.28-13.01.39:084][583]CompilerResultsLog: Info Compiling game modules for hot reload
[2016.03.28-13.01.39:084][583]CompilerResultsLog: Info Performing 2 actions (4 in parallel)
[2016.03.28-13.01.39:084][583]CompilerResultsLog: Info PlayerHUD.cpp
[2016.03.28-13.01.39:084][583]CompilerResultsLog: Info [2/2] Link UE4Editor-Flight-841.dll
[2016.03.28-13.01.39:084][583]CompilerResultsLog:Error: Error LINK : fatal error LNK1181: cannot open input file 'delayimp.lib'
[2016.03.28-13.01.39:084][583]CompilerResultsLog: Info -------- End Detailed Actions Stats -----------------------------------------------------------
[2016.03.28-13.01.39:084][583]CompilerResultsLog: Info ERROR: UBT ERROR: Failed to produce item: C:\Users\bbailey\Documents\Flat-Flight\Flight\Binaries\Win64\UE4Editor-Flight-841.dll
[2016.03.28-13.01.39:084][583]CompilerResultsLog: Info Total build time: 2.86 seconds
[2016.03.28-13.01.39:084][583]LogMainFrame: MainFrame: Module compiling took 2.895 seconds
[2016.03.28-13.01.39:085][583]Warning: HotReload failed, recompile failed
[2016.03.28-13.01.40:530][687]Recompiling Flight...
[2016.03.28-13.01.40:530][687]Launching UnrealBuildTool... [C:/Program Files/Epic Games/4.10/Engine/Binaries/DotNET/UnrealBuildTool.exe Flight -ModuleWithSuffix Flight 743 Win64 Development -editorrecompile -canskiplink "C:/Users/bbailey/Documents/Flat-Flight/Flight/Flight.uproject" -rocket  -rocket -2015]
[2016.03.28-13.01.40:531][687]Warning: Starting HotReload took  0.0s.
[2016.03.28-13.01.41:239][733]CompilerResultsLog: New page: Compilation - Mar 28, 2016, 5:01:41 AM
[2016.03.28-13.01.41:239][733]CompilerResultsLog: Info Compiling game modules for hot reload
[2016.03.28-13.01.41:239][733]CompilerResultsLog: Info Target is up to date.
[2016.03.28-13.01.41:239][733]LogMainFrame: MainFrame: Module compiling took 0.719 seconds
[2016.03.28-13.01.41:981][781]LogPlayLevel: PlayLevel: No blueprints needed recompiling
[2016.03.28-13.01.41:981][781]PIE: New page: PIE session: MapWithPowerUps (Mar 28, 2016, 5:01:41 AM)
[2016.03.28-13.01.41:981][781]LogPlayLevel: Creating play world package: /Game/Maps/UEDPIE_0_MapWithPowerUps
[2016.03.28-13.01.41:983][781]LogPlayLevel: PIE: StaticDuplicateObject took: (0.002272s)
[2016.03.28-13.01.41:984][781]LogAIModule: Creating AISystem for world MapWithPowerUps
[2016.03.28-13.01.41:984][781]LogPlayLevel: PIE: World Init took: (0.000711s)
[2016.03.28-13.01.41:984][781]LogPlayLevel: PIE: Created PIE world by copying editor world from /Game/Maps/MapWithPowerUps.MapWithPowerUps to /Game/Maps/UEDPIE_0_MapWithPowerUps.MapWithPowerUps (0.003469s)
[2016.03.28-13.01.41:996][781]LogInit: XAudio2 using 'Speakers / Headphones (Realtek High Definition Audio)' : 2 channels at 48 kHz using 32 bits per sample (channel mask 0x3)
[2016.03.28-13.01.42:005][781]LogInit: FAudioDevice initialized.
[2016.03.28-13.01.42:039][781]LogWorld: Game class is 'FlightGameMode'
[2016.03.28-13.01.42:041][781]LogWorld: Bringing World /Game/Maps/UEDPIE_0_MapWithPowerUps.MapWithPowerUps up for play (max tick rate 0) at 2016.03.28-09.01.42
[2016.03.28-13.01.42:041][781]LogActor:Warning: GameSession /Game/Maps/UEDPIE_0_MapWithPowerUps.MapWithPowerUps:PersistentLevel.GameSession_2 has natively added scene component(s), but none of them were set as the actor's RootComponent - picking one arbitrarily
[2016.03.28-13.01.42:041][781]LogActor:Warning: GameNetworkManager /Game/Maps/UEDPIE_0_MapWithPowerUps.MapWithPowerUps:PersistentLevel.GameNetworkManager_2 has natively added scene component(s), but none of them were set as the actor's RootComponent - picking one arbitrarily
[2016.03.28-13.01.42:042][781]LogWorld: Bringing up level for play took: 0.001743
[2016.03.28-13.01.42:043][781]PIE: Info Play in editor start time for /Game/Maps/UEDPIE_0_MapWithPowerUps -0.857
[2016.03.28-13.01.44:014][949]LogParticles: Destroying 0 GPU particle simulations for FXSystem 0x000000003481D440
[2016.03.28-13.01.44:717][986]Cmd: QUIT_EDITOR
[2016.03.28-13.01.44:831][986]LogExit: Preparing to exit.
[2016.03.28-13.01.45:898][986]LogExit: Editor shut down
[2016.03.28-13.01.45:898][986]LogExit: Transaction tracking system shut down
[2016.03.28-13.01.45:900][986]LogParticles: De