[2016.03.28-13.14.32:418][  0]Log file open, 03/28/16 09:14:32
[2016.03.28-13.14.32:418][  0]LogInit:Display: Running engine for game: Flight
[2016.03.28-13.14.32:418][  0]LogPlatformFile: Not using cached read wrapper
[2016.03.28-13.14.32:418][  0]LogInit:Display: RandInit(-495368988) SRandInit(-495368986).
[2016.03.28-13.14.32:418][  0]LogTaskGraph: Started task graph with 4 named threads and 7 total threads.
[2016.03.28-13.14.32:418][  0]LogStats: Stats thread started at 0.152039
[2016.03.28-13.14.32:418][  0]LogInit: Version: 4.10.4-2872498+++depot+UE4-Releases+4.10
[2016.03.28-13.14.32:418][  0]LogInit: API Version: 2758231
[2016.03.28-13.14.32:418][  0]LogInit: Compiled (64-bit): Feb 18 2016 15:47:04
[2016.03.28-13.14.32:418][  0]LogInit: Compiled with Visual C++: 19.00.23026.00
[2016.03.28-13.14.32:418][  0]LogInit: Build Configuration: Development
[2016.03.28-13.14.32:418][  0]LogInit: Branch Name: ++depot+UE4-Releases+4.10
[2016.03.28-13.14.32:418][  0]LogInit: Command line: 
[2016.03.28-13.14.32:418][  0]LogInit: Base directory: C:/Program Files/Epic Games/4.10/Engine/Binaries/Win64/
[2016.03.28-13.14.32:418][  0]LogInit: Rocket: 1
[2016.03.28-13.14.32:434][  0]LogInit: Using libcurl 7.41.0
[2016.03.28-13.14.32:434][  0]LogInit:  - built for x86_64-pc-win32
[2016.03.28-13.14.32:434][  0]LogInit:  - supports SSL with WinSSL
[2016.03.28-13.14.32:434][  0]LogInit:  - other features:
[2016.03.28-13.14.32:434][  0]LogInit:      CURL_VERSION_SSL
[2016.03.28-13.14.32:434][  0]LogInit:      CURL_VERSION_IPV6
[2016.03.28-13.14.32:434][  0]LogInit:      CURL_VERSION_ASYNCHDNS
[2016.03.28-13.14.32:434][  0]LogInit:      CURL_VERSION_LARGEFILE
[2016.03.28-13.14.32:434][  0]LogInit:      CURL_VERSION_IDN
[2016.03.28-13.14.32:434][  0]LogInit:  CurlRequestOptions (configurable via config and command line):
[2016.03.28-13.14.32:434][  0]LogInit:  - bVerifyPeer = true  - Libcurl will verify peer certificate
[2016.03.28-13.14.32:434][  0]LogInit:  - bUseHttpProxy = false  - Libcurl will NOT use HTTP proxy
[2016.03.28-13.14.32:434][  0]LogInit:  - bDontReuseConnections = false  - Libcurl will reuse connections
[2016.03.28-13.14.32:434][  0]LogInit:  - CertBundlePath = nullptr  - Libcurl will use whatever was configured at build time.
[2016.03.28-13.14.32:449][  0]LogInit: Presizing for 0 objects not considered by GC, pre-allocating 0 bytes.
[2016.03.28-13.14.32:449][  0]LogInit: Object subsystem initialized
[2016.03.28-13.14.32:465][  0]LogInit: Selected Device Profile: [Windows]
[2016.03.28-13.14.32:465][  0]LogInit: Applying CVar settings loaded from the selected device profile: [Windows]
[2016.03.28-13.14.32:465][  0]LogInit: Computer: C401IT33
[2016.03.28-13.14.32:465][  0]LogInit: User: bbailey
[2016.03.28-13.14.32:465][  0]LogInit: CPU Page size=4096, Cores=4
[2016.03.28-13.14.32:465][  0]LogInit: High frequency timer resolution =3.507714 MHz
[2016.03.28-13.14.32:465][  0]LogMemory: Memory total: Physical=15.9GB (16GB approx)
[2016.03.28-13.14.32:465][  0]LogMemory: Platform Memory Stats for Windows
[2016.03.28-13.14.32:465][  0]LogMemory: Process Physical Memory: 58.39 MB used, 58.39 MB peak
[2016.03.28-13.14.32:465][  0]LogMemory: Process Virtual Memory: 58.05 MB used, 58.05 MB peak
[2016.03.28-13.14.32:465][  0]LogMemory: Physical Memory: 5624.34 MB used, 16326.03 MB total
[2016.03.28-13.14.32:465][  0]LogMemory: Virtual Memory: 350.84 MB used, 8388608.00 MB total
[2016.03.28-13.14.32:501][  0]LogTextLocalizationManager: No specific translations for ('en-CA') exist, so ('en') translations will be used.
[2016.03.28-13.14.32:850][  0]LogD3D11RHI: Found D3D11 adapter 0: NVIDIA Quadro K620 (Feature Level 11_0)
[2016.03.28-13.14.32:850][  0]LogD3D11RHI: Adapter has 1993MB of dedicated video memory, 0MB of dedicated system memory, and 7907MB of shared system memory, 1 output[s]
[2016.03.28-13.14.32:850][  0]LogD3D11RHI: Chosen D3D11 Adapter Id = 0
[2016.03.28-13.14.32:853][  0]LogD3D11RHI: !Direct3DDevice
[2016.03.28-13.14.32:854][  0]LogRHI: Texture pool is 1361 MB (70% of 1945 MB)
[2016.03.28-13.14.32:863][  0]LogD3D11RHI: Async texture creation enabled
[2016.03.28-13.14.32:878][  0]LogShaderCompilers: Guid format shader working directory is -12 characters bigger than the processId version (../../../../../../Users/bbailey/Documents/Flat-Flight/Flight/Intermediate/Shaders/WorkingDirectory/6940/).
[2016.03.28-13.14.32:878][  0]LogShaderCompilers: Cleaned the shader compiler working directory 'C:/Users/bbailey/AppData/Local/Temp/UnrealShaderWorkingDir/73D5E9B442EA9716CF907CA6E399A329/'.
[2016.03.28-13.14.32:878][  0]LogShaderCompilers:Display: Using Local Shader Compiler.
[2016.03.28-13.14.33:462][  0]LogTemp:Display: Loaded TP AllDesktopTargetPlatform
[2016.03.28-13.14.33:470][  0]LogTemp:Display: Loaded TP WindowsClientTargetPlatform
[2016.03.28-13.14.33:479][  0]LogTemp:Display: Loaded TP WindowsNoEditorTargetPlatform
[2016.03.28-13.14.33:487][  0]LogTemp:Display: Loaded TP WindowsServerTargetPlatform
[2016.03.28-13.14.33:496][  0]LogTemp:Display: Loaded TP WindowsTargetPlatform
[2016.03.28-13.14.33:500][  0]LogTemp:Display: Loaded TP AndroidTargetPlatform
[2016.03.28-13.14.33:505][  0]LogTemp:Display: Loaded TP Android_ASTCTargetPlatform
[2016.03.28-13.14.33:510][  0]LogTemp:Display: Loaded TP Android_ATCTargetPlatform
[2016.03.28-13.14.33:514][  0]LogTemp:Display: Loaded TP Android_DXTTargetPlatform
[2016.03.28-13.14.33:519][  0]LogTemp:Display: Loaded TP Android_ETC1TargetPlatform
[2016.03.28-13.14.33:523][  0]LogTemp:Display: Loaded TP Android_ETC2TargetPlatform
[2016.03.28-13.14.33:534][  0]LogTemp:Display: Loaded TP Android_MultiTargetPlatform
[2016.03.28-13.14.33:534][  0]LogTemp:Display: Loaded TP Android_PVRTCTargetPlatform
[2016.03.28-13.14.33:537][  0]LogTemp:Display: Loaded TP HTML5TargetPlatform
[2016.03.28-13.14.33:560][  0]LogTemp:Display: Loaded TP IOSTargetPlatform
[2016.03.28-13.14.33:564][  0]LogTemp:Display: Loaded TP LinuxNoEditorTargetPlatform
[2016.03.28-13.14.33:569][  0]LogTemp:Display: Loaded TP LinuxServerTargetPlatform
[2016.03.28-13.14.33:573][  0]LogTemp:Display: Loaded TP LinuxTargetPlatform
[2016.03.28-13.14.33:573][  0]LogTargetPlatformManager:Display: Building Assets For Windows
[2016.03.28-13.14.33:710][  0]LogDerivedDataCache:Display: Max Cache Size: 512 MB
[2016.03.28-13.14.33:762][  0]LogDerivedDataCache: Loaded boot cache 0.05s 64MB C:/Users/bbailey/AppData/Local/UnrealEngine/4.10/DerivedDataCache/Boot.ddc.
[2016.03.28-13.14.33:762][  0]LogDerivedDataCache:Display: Loaded Boot cache: C:/Users/bbailey/AppData/Local/UnrealEngine/4.10/DerivedDataCache/Boot.ddc
[2016.03.28-13.14.33:762][  0]LogDerivedDataCache: FDerivedDataBackendGraph:  Pak pak cache file ../../../../../../Users/bbailey/Documents/Flat-Flight/Flight/DerivedDataCache/DDC.ddp not found, will not use a pak cache.
[2016.03.28-13.14.33:762][  0]LogDerivedDataCache: Unable to find inner node Pak for hierarchical cache Hierarchy.
[2016.03.28-13.14.33:762][  0]LogDerivedDataCache: FDerivedDataBackendGraph:  CompressedPak pak cache file ../../../../../../Users/bbailey/Documents/Flat-Flight/Flight/DerivedDataCache/Compressed.ddp not found, will not use a pak cache.
[2016.03.28-13.14.33:762][  0]LogDerivedDataCache: Unable to find inner node CompressedPak for hierarchical cache Hierarchy.
[2016.03.28-13.14.33:810][  0]LogDerivedDataCache:Display: Pak cache opened for reading ../../../Engine/DerivedDataCache/Compressed.ddp.
[2016.03.28-13.14.33:821][  0]LogDerivedDataCache: Using Local data cache path C:/Users/bbailey/AppData/Local/UnrealEngine/Common/DerivedDataCache: Writable
[2016.03.28-13.14.33:935][  0]LogCollisionProfile:Warning: Profile (Player) - Custom Channel Name = 'Bullet' hasn't been found
[2016.03.28-13.14.33:935][  0]LogCollisionProfile:Warning: Profile (Enemy) - Custom Channel Name = 'Bullet' hasn't been found
[2016.03.28-13.14.33:935][  0]LogCollisionProfile:Warning: Profile (Enemy) - Custom Channel Name = 'GameTraceChannel5' hasn't been found
[2016.03.28-13.14.33:935][  0]LogCollisionProfile:Warning: Profile (Enemy) - Custom Channel Name = 'GameTraceChannel6' hasn't been found
[2016.03.28-13.14.33:935][  0]LogCollisionProfile:Warning: Profile (PickUps) - Custom Channel Name = 'GameTraceChannel5' hasn't been found
[2016.03.28-13.14.33:935][  0]LogCollisionProfile:Warning: Profile (PickUps) - Custom Channel Name = 'GameTraceChannel6' hasn't been found
[2016.03.28-13.14.33:935][  0]LogCollisionProfile:Warning: Profile (PlayerBullets) - Custom Channel Name = 'GameTraceChannel6' hasn't been found
[2016.03.28-13.14.33:936][  0]LogCollisionProfile:Warning: Profile (EnemyBullets) - Custom Channel Name = 'GameTraceChannel6' hasn't been found
[2016.03.28-13.14.33:939][  0]LogInit: Selected Device Profile: [Windows]
[2016.03.28-13.14.33:940][  0]LogContentStreaming: Texture pool size is 0.000000MB
[2016.03.28-13.14.33:972][  0]LogMeshUtilities: No automatic mesh reduction module available
[2016.03.28-13.14.33:972][  0]LogMeshUtilities: No automatic mesh merging module available
[2016.03.28-13.14.34:231][  0]LogInit: WinSock: version 1.1 (2.2), MaxSocks=32767, MaxUdp=65467
[2016.03.28-13.14.34:980][  0]UdpMessaging: Initializing bridge on interface 0.0.0.0:0 to multicast group 230.0.0.1:6666.
[2016.03.28-13.14.35:550][  0]LogAssetRegistry: FAssetRegistry took 0.0108 seconds to start up
[2016.03.28-13.14.35:775][  0]SourceControl: Info Source control is disabled
[2016.03.28-13.14.35:802][  0]SourceControl: Info Source control is disabled
[2016.03.28-13.14.35:813][  0]SourceControl: Info Source control is disabled
[2016.03.28-13.14.35:825][  0]SourceControl: Info Source control is disabled
[2016.03.28-13.14.36:049][  0]LogObj: 30737 objects as part of root set at end of initial load.
[2016.03.28-13.14.36:049][  0]LogUObjectAllocator: 7143808 out of 0 bytes used by permanent object pool.
[2016.03.28-13.14.36:113][  0]LogEngine: Initializing Engine...
[2016.03.28-13.14.36:115][  0]OCULUS: Info: 03/28/16 13:14:36: [CAPI] LibOVR module is located at C:\Windows\system32\LibOVRRT64_0_8.dll

[2016.03.28-13.14.36:115][  0]OCULUS: Info: 03/28/16 13:14:36: [IPC] Call Stats for SetInitialState : x1: C2S=15.3946, S2C=3.42103, Runtime=35.3507 (microseconds) C2Ssize=80, S2Csize=81 (bytes)

[2016.03.28-13.14.36:115][  0]OCULUS: Info: 03/28/16 13:14:36: [IPC] Call Stats for IsLatencyTesterAvailable : x1: C2S=7.12715, S2C=2.28069, Runtime=0.855258 (microseconds) C2Ssize=33, S2Csize=18 (bytes)

[2016.03.28-13.14.36:128][  0]LogHMD: SteamVR failed to initialize.  Err: 110
[2016.03.28-13.14.36:237][  0]LogAIModule: Creating AISystem for world NewWorld
[2016.03.28-13.14.36:243][  0]LogInit: XAudio2 using 'Speakers / Headphones (Realtek High Definition Audio)' : 2 channels at 48 kHz using 32 bits per sample (channel mask 0x3)
[2016.03.28-13.14.36:314][  0]LogInit: FAudioDevice initialized.
[2016.03.28-13.14.36:343][  0]LogDerivedDataCache: Saved boot cache 0.03s 64MB C:/Users/bbailey/AppData/Local/UnrealEngine/4.10/DerivedDataCache/Boot.ddc.
[2016.03.28-13.14.36:349][  0]LogInit: Texture streaming: Enabled
[2016.03.28-13.14.36:360][  0]LogAnalytics: Creating configured Analytics provider AnalyticsET
[2016.03.28-13.14.36:360][  0]LogAnalytics: [UEEditor.Rocket.Release] APIServer = http://et2.epicgames.com/ET2/. AppVersion = 4.10.4-2872498+++depot+UE4-Releases+4.10
[2016.03.28-13.14.36:360][  0]LogAnalytics: [UEEditor.Rocket.Release] SetUserId 58709fb747ec5d3c40d8f3b51c8df47e|bccdf9c3033b4357bb93aaf6cd9ec9c0|b399840a-6214-4cdc-89af-39f57a6d8d1f
[2016.03.28-13.14.36:360][  0]LogAnalytics: [UEEditor.Rocket.Release] AnalyticsET::StartSession
[2016.03.28-13.14.36:371][  0]LogInit: Transaction tracking system initialized
[2016.03.28-13.14.36:431][  0]BlueprintLog: New page: Editor Load
[2016.03.28-13.14.36:640][  0]LocalizationService: Info Localization service is disabled
[2016.03.28-13.14.36:759][  0]LogConsoleResponse:Display: 
[2016.03.28-13.14.36:850][  0]LogCook:Display: Done creating registry. It took  0.00s.
[2016.03.28-13.14.36:945][  0]LogFileCache: Scanning file cache for directory 'C:/Users/bbailey/Documents/Flat-Flight/Flight/Content/' took 0.01s
[2016.03.28-13.14.36:945][  0]SourceControl: Info Source control is disabled
[2016.03.28-13.14.36:945][  0]Cmd: MAP LOAD FILE="../../../../../../Users/bbailey/Documents/Flat-Flight/Flight/Content/Maps/MapWithPowerUps.umap" TEMPLATE=0 SHOWPROGRESS=1 FEATURELEVEL=3
[2016.03.28-13.14.36:946][  0]LightingResults: New page: Lighting Build
[2016.03.28-13.14.36:950][  0]MapCheck: New page: Map Check
[2016.03.28-13.14.36:950][  0]LightingResults: New page: Lighting Build
[2016.03.28-13.14.36:959][  0]LogParticles: Destroying 0 GPU particle simulations for FXSystem 0x00000000281D36A0
[2016.03.28-13.14.37:167][  0]LogAIModule: Creating AISystem for world MapWithPowerUps
[2016.03.28-13.14.37:172][  0]LogEditorServer: Finished looking for orphan Actors (0.000 secs)
[2016.03.28-13.14.37:173][  0]Cmd: MAP CHECKDEP NOCLEARLOG
[2016.03.28-13.14.37:218][  0]MapCheck: Info Map check complete: 0 Error(s), 0 Warning(s), took 44.78ms to complete.
[2016.03.28-13.14.37:218][  0]LogFileHelpers: Loading map 'MapWithPowerUps' took 0.273
[2016.03.28-13.14.37:298][  0]LogCollectionManager: Loaded 0 collections in 0.001711 seconds
[2016.03.28-13.14.37:338][  0]LogFileCache: Scanning file cache for directory 'C:/Users/bbailey/Documents/Flat-Flight/Flight/Saved/Collections/' took 0.01s
[2016.03.28-13.14.37:338][  0]LogFileCache: Scanning file cache for directory 'C:/Users/bbailey/Documents/Flat-Flight/Flight/Content/Developers/bbailey/Collections/' took 0.01s
[2016.03.28-13.14.37:338][  0]LogFileCache: Scanning file cache for directory 'C:/Users/bbailey/Documents/Flat-Flight/Flight/Content/Collections/' took 0.01s
[2016.03.28-13.14.37:338][  0]LogCollectionManager: Rebuilt the GUID cache for 0 collections in 0.000001 seconds
[2016.03.28-13.14.37:345][  0]LogContentBrowser: Native class hierarchy populated in 0.0074 seconds. Added 1921 classes and 343 folders.
[2016.03.28-13.14.37:356][  0]LogContentBrowser: Native class hierarchy updated for 'WidgetCarousel' in 0.0021 seconds. Added 0 classes and 0 folders.
[2016.03.28-13.14.37:391][  0]LogContentBrowser: Native class hierarchy updated for 'AddContentDialog' in 0.0022 seconds. Added 0 classes and 0 folders.
[2016.03.28-13.14.37:404][  0]LogContentBrowser: Native class hierarchy updated for 'SceneOutliner' in 0.0021 seconds. Added 1 classes and 2 folders.
[2016.03.28-13.14.37:422][  0]LogCrashTracker: Crashtracker disabled due to settings.
[2016.03.28-13.14.37:425][  0]LogUObjectGlobals:Warning: Failed to find object 'Class None.'
[2016.03.28-13.14.37:447][  0]LogLoad: Full Startup: 5.77 seconds (BP compile: 0.05 seconds)
[2016.03.28-13.14.37:456][  0]LogOcInput: OculusInput is initialized. Init status 0. Runtime version: 0.8.0.0
[2016.03.28-13.14.37:499][  0]LogContentStreaming: Texture pool size now 1000 MB
[2016.03.28-13.14.37:620][  0]LogRenderer: Reallocating scene render targets to support 1208x572 (Frame:2).
[2016.03.28-13.14.37:752][  1]LogFileCache: Retrieving MD5 hashes for directory 'C:/Users/bbailey/Documents/Flat-Flight/Flight/Content/' took 0.28s
[2016.03.28-13.14.37:851][  4]LogAssetRegistry: Asset discovery search completed in 2.3110 seconds
[2016.03.28-13.14.37:851][  4]LogCollectionManager: Rebuilt the object cache for 0 collections in 0.000001 seconds (found 0 objects)
[2016.03.28-13.14.37:851][  4]LogCollectionManager: Fixed up redirectors for 0 collections in 0.000063 seconds (updated 0 objects)
[2016.03.28-13.14.39:738][144]LogPlayLevel: PlayLevel: No blueprints needed recompiling
[2016.03.28-13.14.39:738][144]PIE: New page: PIE session: MapWithPowerUps (Mar 28, 2016, 5:14:39 AM)
[2016.03.28-13.14.39:738][144]LogPlayLevel: Creating play world package: /Game/Maps/UEDPIE_0_MapWithPowerUps
[2016.03.28-13.14.39:741][144]LogPlayLevel: PIE: StaticDuplicateObject took: (0.003003s)
[2016.03.28-13.14.39:743][144]LogAIModule: Creating AISystem for world MapWithPowerUps
[2016.03.28-13.14.39:743][144]LogPlayLevel: PIE: World Init took: (0.001573s)
[2016.03.28-13.14.39:743][144]LogPlayLevel: PIE: Created PIE world by copying editor world from /Game/Maps/MapWithPowerUps.MapWithPowerUps to /Game/Maps/UEDPIE_0_MapWithPowerUps.MapWithPowerUps (0.004977s)
[2016.03.28-13.14.39:760][144]LogInit: XAudio2 using 'Speakers / Headphones (Realtek High Definition Audio)' : 2 channels at 48 kHz using 32 bits per sample (channel mask 0x3)
[2016.03.28-13.14.39:769][144]LogInit: FAudioDevice initialized.
[2016.03.28-13.14.39:811][144]LogWorld: Game class is 'FlightGameMode'
[2016.03.28-13.14.39:814][144]LogWorld: Bringing World /Game/Maps/UEDPIE_0_MapWithPowerUps.MapWithPowerUps up for play (max tick rate 0) at 2016.03.28-09.14.39
[2016.03.28-13.14.39:814][144]LogActor:Warning: GameSession /Game/Maps/UEDPIE_0_MapWithPowerUps.MapWithPowerUps:PersistentLevel.GameSession_0 has natively added scene component(s), but none of them were set as the actor's RootComponent - picking one arbitrarily
[2016.03.28-13.14.39:814][144]LogActor:Warning: GameNetworkManager /Game/Maps/UEDPIE_0_MapWithPowerUps.MapWithPowerUps:PersistentLevel.GameNetworkManager_0 has natively added scene component(s), but none of them were set as the actor's RootComponent - picking one arbitrarily
[2016.03.28-13.14.39:814][144]LogWorld: Bringing up level for play took: 0.002512
[2016.03.28-13.14.39:816][144]PIE: Info Play in editor start time for /Game/Maps/UEDPIE_0_MapWithPowerUps 0.836
[2016.03.28-13.14.43:973][549]LogSpawn:Warning: SpawnActor failed because the spawned actor IsPendingKill
[2016.03.28-13.14.52:182][350]LogParticles: Destroying 0 GPU particle simulations for FXSystem 0x0000000003ED0AE0
[2016.03.28-13.14.54:708][535]LogPlayLevel: PlayLevel: No blueprints needed recompiling
[2016.03.28-13.14.54:708][535]PIE: New page: PIE session: MapWithPowerUps (Mar 28, 2016, 5:14:54 AM)
[2016.03.28-13.14.54:708][535]LogPlayLevel: Creating play world package: /Game/Maps/UEDPIE_0_MapWithPowerUps
[2016.03.28-13.14.54:711][535]LogPlayLevel: PIE: StaticDuplicateObject took: (0.002824s)
[2016.03.28-13.14.54:711][535]LogAIModule: Creating AISystem for world MapWithPowerUps
[2016.03.28-13.14.54:712][535]LogPlayLevel: PIE: World Init took: (0.000577s)
[2016.03.28-13.14.54:712][535]LogPlayLevel: PIE: Created PIE world by copying editor world from /Game/Maps/MapWithPowerUps.MapWithPowerUps to /Game/Maps/UEDPIE_0_MapWithPowerUps.MapWithPowerUps (0.003808s)
[2016.03.28-13.14.54:725][535]LogInit: XAudio2 using 'Speakers / Headphones (Realtek High Definition Audio)' : 2 channels at 48 kHz using 32 bits per sample (channel mask 0x3)
[2016.03.28-13.14.54:734][535]LogInit: FAudioDevice initialized.
[2016.03.28-13.14.54:767][535]LogWorld: Game class is 'FlightGameMode'
[2016.03.28-13.14.54:769][535]LogWorld: Bringing World /Game/Maps/UEDPIE_0_MapWithPowerUps.MapWithPowerUps up for play (max tick rate 0) at 2016.03.28-09.14.54
[2016.03.28-13.14.54:769][535]LogActor:Warning: GameSession /Game/Maps/UEDPIE_0_MapWithPowerUps.MapWithPowerUps:PersistentLevel.GameSession_1 has natively added scene component(s), but none of them were set as the actor's RootComponent - picking one arbitrarily
[2016.03.28-13.14.54:769][535]LogActor:Warning: GameNetworkManager /Game/Maps/UEDPIE_0_MapWithPowerUps.MapWithPowerUps:PersistentLevel.GameNetworkManager_1 has natively added scene component(s), but none of them were set as the actor's RootComponent - picking one arbitrarily
[2016.03.28-13.14.54:769][535]LogWorld: Bringing up level for play took: 0.001703
[2016.03.28-13.14.54:771][535]PIE: Info Play in editor start time for /Game/Maps/UEDPIE_0_MapWithPowerUps -0.21
[2016.03.28-13.15.02:614][303]LogParticles: Destroying 0 GPU particle simulations for FXSystem 0x000000000F8602C0
[2016.03.28-13.15.03:544][371]LogPlayLevel: PlayLevel: No blueprints needed recompiling
[2016.03.28-13.15.03:544][371]PIE: New page: PIE session: MapWithPowerUps (Mar 28, 2016, 5:15:03 AM)
[2016.03.28-13.15.03:544][371]LogPlayLevel: Creating play world package: /Game/Maps/UEDPIE_0_MapWithPowerUps
[2016.03.28-13.15.03:547][371]LogPlayLevel: PIE: StaticDuplicateObject took: (0.002683s)
[2016.03.28-13.15.03:548][371]LogAIModule: Creating AISystem for world MapWithPowerUps
[20