[2016.03.28-13.08.54:117][  0]Log file open, 03/28/16 09:08:54
[2016.03.28-13.08.54:117][  0]LogInit:Display: Running engine for game: Flight
[2016.03.28-13.08.54:117][  0]LogPlatformFile: Not using cached read wrapper
[2016.03.28-13.08.54:117][  0]LogInit:Display: RandInit(-1681810170) SRandInit(-1681810169).
[2016.03.28-13.08.54:117][  0]LogTaskGraph: Started task graph with 4 named threads and 7 total threads.
[2016.03.28-13.08.54:117][  0]LogStats: Stats thread started at 0.130868
[2016.03.28-13.08.54:117][  0]LogInit: Version: 4.10.4-2872498+++depot+UE4-Releases+4.10
[2016.03.28-13.08.54:117][  0]LogInit: API Version: 2758231
[2016.03.28-13.08.54:117][  0]LogInit: Compiled (64-bit): Feb 18 2016 15:47:04
[2016.03.28-13.08.54:117][  0]LogInit: Compiled with Visual C++: 19.00.23026.00
[2016.03.28-13.08.54:117][  0]LogInit: Build Configuration: Development
[2016.03.28-13.08.54:117][  0]LogInit: Branch Name: ++depot+UE4-Releases+4.10
[2016.03.28-13.08.54:117][  0]LogInit: Command line: 
[2016.03.28-13.08.54:117][  0]LogInit: Base directory: C:/Program Files/Epic Games/4.10/Engine/Binaries/Win64/
[2016.03.28-13.08.54:117][  0]LogInit: Rocket: 1
[2016.03.28-13.08.54:131][  0]LogInit: Using libcurl 7.41.0
[2016.03.28-13.08.54:131][  0]LogInit:  - built for x86_64-pc-win32
[2016.03.28-13.08.54:131][  0]LogInit:  - supports SSL with WinSSL
[2016.03.28-13.08.54:131][  0]LogInit:  - other features:
[2016.03.28-13.08.54:131][  0]LogInit:      CURL_VERSION_SSL
[2016.03.28-13.08.54:132][  0]LogInit:      CURL_VERSION_IPV6
[2016.03.28-13.08.54:132][  0]LogInit:      CURL_VERSION_ASYNCHDNS
[2016.03.28-13.08.54:132][  0]LogInit:      CURL_VERSION_LARGEFILE
[2016.03.28-13.08.54:132][  0]LogInit:      CURL_VERSION_IDN
[2016.03.28-13.08.54:132][  0]LogInit:  CurlRequestOptions (configurable via config and command line):
[2016.03.28-13.08.54:132][  0]LogInit:  - bVerifyPeer = true  - Libcurl will verify peer certificate
[2016.03.28-13.08.54:132][  0]LogInit:  - bUseHttpProxy = false  - Libcurl will NOT use HTTP proxy
[2016.03.28-13.08.54:132][  0]LogInit:  - bDontReuseConnections = false  - Libcurl will reuse connections
[2016.03.28-13.08.54:132][  0]LogInit:  - CertBundlePath = nullptr  - Libcurl will use whatever was configured at build time.
[2016.03.28-13.08.54:154][  0]LogInit: Presizing for 0 objects not considered by GC, pre-allocating 0 bytes.
[2016.03.28-13.08.54:159][  0]LogInit: Object subsystem initialized
[2016.03.28-13.08.54:160][  0]LogInit: Selected Device Profile: [Windows]
[2016.03.28-13.08.54:160][  0]LogInit: Applying CVar settings loaded from the selected device profile: [Windows]
[2016.03.28-13.08.54:168][  0]LogInit: Computer: C401IT33
[2016.03.28-13.08.54:168][  0]LogInit: User: bbailey
[2016.03.28-13.08.54:168][  0]LogInit: CPU Page size=4096, Cores=4
[2016.03.28-13.08.54:168][  0]LogInit: High frequency timer resolution =3.507714 MHz
[2016.03.28-13.08.54:168][  0]LogMemory: Memory total: Physical=15.9GB (16GB approx)
[2016.03.28-13.08.54:168][  0]LogMemory: Platform Memory Stats for Windows
[2016.03.28-13.08.54:168][  0]LogMemory: Process Physical Memory: 58.42 MB used, 58.42 MB peak
[2016.03.28-13.08.54:168][  0]LogMemory: Process Virtual Memory: 58.06 MB used, 58.06 MB peak
[2016.03.28-13.08.54:168][  0]LogMemory: Physical Memory: 5809.50 MB used, 16326.03 MB total
[2016.03.28-13.08.54:169][  0]LogMemory: Virtual Memory: 350.84 MB used, 8388608.00 MB total
[2016.03.28-13.08.54:229][  0]LogTextLocalizationManager: No specific translations for ('en-CA') exist, so ('en') translations will be used.
[2016.03.28-13.08.54:556][  0]LogD3D11RHI: Found D3D11 adapter 0: NVIDIA Quadro K620 (Feature Level 11_0)
[2016.03.28-13.08.54:556][  0]LogD3D11RHI: Adapter has 1993MB of dedicated video memory, 0MB of dedicated system memory, and 7907MB of shared system memory, 1 output[s]
[2016.03.28-13.08.54:556][  0]LogD3D11RHI: Chosen D3D11 Adapter Id = 0
[2016.03.28-13.08.54:560][  0]LogD3D11RHI: !Direct3DDevice
[2016.03.28-13.08.54:560][  0]LogRHI: Texture pool is 1361 MB (70% of 1945 MB)
[2016.03.28-13.08.54:568][  0]LogD3D11RHI: Async texture creation enabled
[2016.03.28-13.08.54:582][  0]LogShaderCompilers: Guid format shader working directory is -12 characters bigger than the processId version (../../../../../../Users/bbailey/Documents/Flat-Flight/Flight/Intermediate/Shaders/WorkingDirectory/3168/).
[2016.03.28-13.08.54:582][  0]LogShaderCompilers: Cleaned the shader compiler working directory 'C:/Users/bbailey/AppData/Local/Temp/UnrealShaderWorkingDir/CAF8F43644420F7F60780788E3D4BC1E/'.
[2016.03.28-13.08.54:582][  0]LogShaderCompilers:Display: Using Local Shader Compiler.
[2016.03.28-13.08.55:203][  0]LogTemp:Display: Loaded TP AllDesktopTargetPlatform
[2016.03.28-13.08.55:212][  0]LogTemp:Display: Loaded TP WindowsClientTargetPlatform
[2016.03.28-13.08.55:221][  0]LogTemp:Display: Loaded TP WindowsNoEditorTargetPlatform
[2016.03.28-13.08.55:230][  0]LogTemp:Display: Loaded TP WindowsServerTargetPlatform
[2016.03.28-13.08.55:239][  0]LogTemp:Display: Loaded TP WindowsTargetPlatform
[2016.03.28-13.08.55:244][  0]LogTemp:Display: Loaded TP AndroidTargetPlatform
[2016.03.28-13.08.55:248][  0]LogTemp:Display: Loaded TP Android_ASTCTargetPlatform
[2016.03.28-13.08.55:253][  0]LogTemp:Display: Loaded TP Android_ATCTargetPlatform
[2016.03.28-13.08.55:258][  0]LogTemp:Display: Loaded TP Android_DXTTargetPlatform
[2016.03.28-13.08.55:262][  0]LogTemp:Display: Loaded TP Android_ETC1TargetPlatform
[2016.03.28-13.08.55:267][  0]LogTemp:Display: Loaded TP Android_ETC2TargetPlatform
[2016.03.28-13.08.55:277][  0]LogTemp:Display: Loaded TP Android_MultiTargetPlatform
[2016.03.28-13.08.55:277][  0]LogTemp:Display: Loaded TP Android_PVRTCTargetPlatform
[2016.03.28-13.08.55:279][  0]LogTemp:Display: Loaded TP HTML5TargetPlatform
[2016.03.28-13.08.55:304][  0]LogTemp:Display: Loaded TP IOSTargetPlatform
[2016.03.28-13.08.55:308][  0]LogTemp:Display: Loaded TP LinuxNoEditorTargetPlatform
[2016.03.28-13.08.55:313][  0]LogTemp:Display: Loaded TP LinuxServerTargetPlatform
[2016.03.28-13.08.55:317][  0]LogTemp:Display: Loaded TP LinuxTargetPlatform
[2016.03.28-13.08.55:317][  0]LogTargetPlatformManager:Display: Building Assets For Windows
[2016.03.28-13.08.55:452][  0]LogDerivedDataCache:Display: Max Cache Size: 512 MB
[2016.03.28-13.08.55:504][  0]LogDerivedDataCache: Loaded boot cache 0.05s 64MB C:/Users/bbailey/AppData/Local/UnrealEngine/4.10/DerivedDataCache/Boot.ddc.
[2016.03.28-13.08.55:504][  0]LogDerivedDataCache:Display: Loaded Boot cache: C:/Users/bbailey/AppData/Local/UnrealEngine/4.10/DerivedDataCache/Boot.ddc
[2016.03.28-13.08.55:504][  0]LogDerivedDataCache: FDerivedDataBackendGraph:  Pak pak cache file ../../../../../../Users/bbailey/Documents/Flat-Flight/Flight/DerivedDataCache/DDC.ddp not found, will not use a pak cache.
[2016.03.28-13.08.55:504][  0]LogDerivedDataCache: Unable to find inner node Pak for hierarchical cache Hierarchy.
[2016.03.28-13.08.55:504][  0]LogDerivedDataCache: FDerivedDataBackendGraph:  CompressedPak pak cache file ../../../../../../Users/bbailey/Documents/Flat-Flight/Flight/DerivedDataCache/Compressed.ddp not found, will not use a pak cache.
[2016.03.28-13.08.55:504][  0]LogDerivedDataCache: Unable to find inner node CompressedPak for hierarchical cache Hierarchy.
[2016.03.28-13.08.55:549][  0]LogDerivedDataCache:Display: Pak cache opened for reading ../../../Engine/DerivedDataCache/Compressed.ddp.
[2016.03.28-13.08.55:561][  0]LogDerivedDataCache: Using Local data cache path C:/Users/bbailey/AppData/Local/UnrealEngine/Common/DerivedDataCache: Writable
[2016.03.28-13.08.55:686][  0]LogCollisionProfile:Warning: Profile (Player) - Custom Channel Name = 'Bullet' hasn't been found
[2016.03.28-13.08.55:686][  0]LogCollisionProfile:Warning: Profile (Enemy) - Custom Channel Name = 'Bullet' hasn't been found
[2016.03.28-13.08.55:686][  0]LogCollisionProfile:Warning: Profile (Enemy) - Custom Channel Name = 'GameTraceChannel5' hasn't been found
[2016.03.28-13.08.55:686][  0]LogCollisionProfile:Warning: Profile (Enemy) - Custom Channel Name = 'GameTraceChannel6' hasn't been found
[2016.03.28-13.08.55:686][  0]LogCollisionProfile:Warning: Profile (PickUps) - Custom Channel Name = 'GameTraceChannel5' hasn't been found
[2016.03.28-13.08.55:686][  0]LogCollisionProfile:Warning: Profile (PickUps) - Custom Channel Name = 'GameTraceChannel6' hasn't been found
[2016.03.28-13.08.55:686][  0]LogCollisionProfile:Warning: Profile (PlayerBullets) - Custom Channel Name = 'GameTraceChannel6' hasn't been found
[2016.03.28-13.08.55:686][  0]LogCollisionProfile:Warning: Profile (EnemyBullets) - Custom Channel Name = 'GameTraceChannel6' hasn't been found
[2016.03.28-13.08.55:690][  0]LogInit: Selected Device Profile: [Windows]
[2016.03.28-13.08.55:690][  0]LogContentStreaming: Texture pool size is 0.000000MB
[2016.03.28-13.08.55:724][  0]LogMeshUtilities: No automatic mesh reduction module available
[2016.03.28-13.08.55:724][  0]LogMeshUtilities: No automatic mesh merging module available
[2016.03.28-13.08.55:989][  0]LogInit: WinSock: version 1.1 (2.2), MaxSocks=32767, MaxUdp=65467
[2016.03.28-13.08.56:764][  0]UdpMessaging: Initializing bridge on interface 0.0.0.0:0 to multicast group 230.0.0.1:6666.
[2016.03.28-13.08.57:341][  0]LogAssetRegistry: FAssetRegistry took 0.0103 seconds to start up
[2016.03.28-13.08.57:571][  0]SourceControl: Info Source control is disabled
[2016.03.28-13.08.57:594][  0]SourceControl: Info Source control is disabled
[2016.03.28-13.08.57:605][  0]SourceControl: Info Source control is disabled
[2016.03.28-13.08.57:617][  0]SourceControl: Info Source control is disabled
[2016.03.28-13.08.57:839][  0]LogObj: 30737 objects as part of root set at end of initial load.
[2016.03.28-13.08.57:840][  0]LogUObjectAllocator: 7143808 out of 0 bytes used by permanent object pool.
[2016.03.28-13.08.57:906][  0]LogEngine: Initializing Engine...
[2016.03.28-13.08.57:908][  0]OCULUS: Info: 03/28/16 13:08:57: [CAPI] LibOVR module is located at C:\Windows\system32\LibOVRRT64_0_8.dll

[2016.03.28-13.08.57:909][  0]OCULUS: Info: 03/28/16 13:08:57: [IPC] Call Stats for SetInitialState : x1: C2S=13.399, S2C=3.70612, Runtime=35.3507 (microseconds) C2Ssize=80, S2Csize=81 (bytes)

[2016.03.28-13.08.57:909][  0]OCULUS: Info: 03/28/16 13:08:57: [IPC] Call Stats for IsLatencyTesterAvailable : x1: C2S=8.26749, S2C=2.56577, Runtime=0.570172 (microseconds) C2Ssize=33, S2Csize=18 (bytes)

[2016.03.28-13.08.57:921][  0]LogHMD: SteamVR failed to initialize.  Err: 110
[2016.03.28-13.08.58:029][  0]LogAIModule: Creating AISystem for world NewWorld
[2016.03.28-13.08.58:035][  0]LogInit: XAudio2 using 'Speakers / Headphones (Realtek High Definition Audio)' : 2 channels at 48 kHz using 32 bits per sample (channel mask 0x3)
[2016.03.28-13.08.58:104][  0]LogInit: FAudioDevice initialized.
[2016.03.28-13.08.58:134][  0]LogDerivedDataCache: Saved boot cache 0.03s 64MB C:/Users/bbailey/AppData/Local/UnrealEngine/4.10/DerivedDataCache/Boot.ddc.
[2016.03.28-13.08.58:141][  0]LogInit: Texture streaming: Enabled
[2016.03.28-13.08.58:152][  0]LogAnalytics: Creating configured Analytics provider AnalyticsET
[2016.03.28-13.08.58:152][  0]LogAnalytics: [UEEditor.Rocket.Release] APIServer = http://et2.epicgames.com/ET2/. AppVersion = 4.10.4-2872498+++depot+UE4-Releases+4.10
[2016.03.28-13.08.58:152][  0]LogAnalytics: [UEEditor.Rocket.Release] SetUserId 58709fb747ec5d3c40d8f3b51c8df47e|bccdf9c3033b4357bb93aaf6cd9ec9c0|b399840a-6214-4cdc-89af-39f57a6d8d1f
[2016.03.28-13.08.58:152][  0]LogAnalytics: [UEEditor.Rocket.Release] AnalyticsET::StartSession
[2016.03.28-13.08.58:163][  0]LogInit: Transaction tracking system initialized
[2016.03.28-13.08.58:224][  0]BlueprintLog: New page: Editor Load
[2016.03.28-13.08.58:444][  0]LocalizationService: Info Localization service is disabled
[2016.03.28-13.08.58:569][  0]LogConsoleResponse:Display: 
[2016.03.28-13.08.58:666][  0]LogCook:Display: Done creating registry. It took  0.00s.
[2016.03.28-13.08.58:767][  0]LogFileCache: Scanning file cache for directory 'C:/Users/bbailey/Documents/Flat-Flight/Flight/Content/' took 0.01s
[2016.03.28-13.08.58:767][  0]SourceControl: Info Source control is disabled
[2016.03.28-13.08.58:767][  0]Cmd: MAP LOAD FILE="../../../../../../Users/bbailey/Documents/Flat-Flight/Flight/Content/Maps/MapWithPowerUps.umap" TEMPLATE=0 SHOWPROGRESS=1 FEATURELEVEL=3
[2016.03.28-13.08.58:767][  0]LightingResults: New page: Lighting Build
[2016.03.28-13.08.58:772][  0]MapCheck: New page: Map Check
[2016.03.28-13.08.58:772][  0]LightingResults: New page: Lighting Build
[2016.03.28-13.08.58:781][  0]LogParticles: Destroying 0 GPU particle simulations for FXSystem 0x00000000283676A0
[2016.03.28-13.08.59:018][  0]LogAIModule: Creating AISystem for world MapWithPowerUps
[2016.03.28-13.08.59:023][  0]LogEditorServer: Finished looking for orphan Actors (0.000 secs)
[2016.03.28-13.08.59:024][  0]Cmd: MAP CHECKDEP NOCLEARLOG
[2016.03.28-13.08.59:071][  0]MapCheck: Info Map check complete: 0 Error(s), 0 Warning(s), took 46.861ms to complete.
[2016.03.28-13.08.59:071][  0]LogFileHelpers: Loading map 'MapWithPowerUps' took 0.304
[2016.03.28-13.08.59:153][  0]LogCollectionManager: Loaded 0 collections in 0.001811 seconds
[2016.03.28-13.08.59:193][  0]LogFileCache: Scanning file cache for directory 'C:/Users/bbailey/Documents/Flat-Flight/Flight/Saved/Collections/' took 0.01s
[2016.03.28-13.08.59:193][  0]LogFileCache: Scanning file cache for directory 'C:/Users/bbailey/Documents/Flat-Flight/Flight/Content/Developers/bbailey/Collections/' took 0.01s
[2016.03.28-13.08.59:194][  0]LogFileCache: Scanning file cache for directory 'C:/Users/bbailey/Documents/Flat-Flight/Flight/Content/Collections/' took 0.01s
[2016.03.28-13.08.59:194][  0]LogCollectionManager: Rebuilt the GUID cache for 0 collections in 0.000001 seconds
[2016.03.28-13.08.59:202][  0]LogContentBrowser: Native class hierarchy populated in 0.0079 seconds. Added 1921 classes and 343 folders.
[2016.03.28-13.08.59:213][  0]LogContentBrowser: Native class hierarchy updated for 'WidgetCarousel' in 0.0021 seconds. Added 0 classes and 0 folders.
[2016.03.28-13.08.59:248][  0]LogContentBrowser: Native class hierarchy updated for 'AddContentDialog' in 0.0022 seconds. Added 0 classes and 0 folders.
[2016.03.28-13.08.59:262][  0]LogContentBrowser: Native class hierarchy updated for 'SceneOutliner' in 0.0023 seconds. Added 1 classes and 2 folders.
[2016.03.28-13.08.59:279][  0]LogCrashTracker: Crashtracker disabled due to settings.
[2016.03.28-13.08.59:317][  0]LogLoad: Full Startup: 5.90 seconds (BP compile: 0.06 seconds)
[2016.03.28-13.08.59:326][  0]LogOcInput: OculusInput is initialized. Init status 0. Runtime version: 0.8.0.0
[2016.03.28-13.08.59:372][  0]LogContentStreaming: Texture pool size now 1000 MB
[2016.03.28-13.08.59:498][  0]LogRenderer: Reallocating scene render targets to support 1208x572 (Frame:2).
[2016.03.28-13.08.59:542][  1]LogFileCache: Retrieving MD5 hashes for directory 'C:/Users/bbailey/Documents/Flat-Flight/Flight/Content/' took 0.20s
[2016.03.28-13.08.59:638][  3]LogAssetRegistry: Asset discovery search completed in 2.3069 seconds
[2016.03.28-13.08.59:638][  3]LogCollectionManager: Rebuilt the object cache for 0 collections in 0.000001 seconds (found 0 objects)
[2016.03.28-13.08.59:638][  3]LogCollectionManager: Fixed up redirectors for 0 collections in 0.000074 seconds (updated 0 objects)
[2016.03.28-13.09.01:104][106]LogPlayLevel: PlayLevel: No blueprints needed recompiling
[2016.03.28-13.09.01:104][106]PIE: New page: PIE session: MapWithPowerUps (Mar 28, 2016, 5:09:01 AM)
[2016.03.28-13.09.01:104][106]LogPlayLevel: Creating play world package: /Game/Maps/UEDPIE_0_MapWithPowerUps
[2016.03.28-13.09.01:107][106]LogPlayLevel: PIE: StaticDuplicateObject took: (0.002985s)
[2016.03.28-13.09.01:109][106]LogAIModule: Creating AISystem for world MapWithPowerUps
[2016.03.28-13.09.01:109][106]LogPlayLevel: PIE: World Init took: (0.000824s)
[2016.03.28-13.09.01:109][106]LogPlayLevel: PIE: Created PIE world by copying editor world from /Game/Maps/MapWithPowerUps.MapWithPowerUps to /Game/Maps/UEDPIE_0_MapWithPowerUps.MapWithPowerUps (0.005090s)
[2016.03.28-13.09.01:131][106]LogInit: XAudio2 using 'Speakers / Headphones (Realtek High Definition Audio)' : 2 channels at 48 kHz using 32 bits per sample (channel mask 0x3)
[2016.03.28-13.09.01:139][106]LogInit: FAudioDevice initialized.
[2016.03.28-13.09.01:191][106]LogWorld: Game class is 'FlightGameMode'
[2016.03.28-13.09.01:194][106]LogWorld: Bringing World /Game/Maps/UEDPIE_0_MapWithPowerUps.MapWithPowerUps up for play (max tick rate 0) at 2016.03.28-09.09.01
[2016.03.28-13.09.01:194][106]LogActor:Warning: GameSession /Game/Maps/UEDPIE_0_MapWithPowerUps.MapWithPowerUps:PersistentLevel.GameSession_0 has natively added scene component(s), but none of them were set as the actor's RootComponent - picking one arbitrarily
[2016.03.28-13.09.01:194][106]LogActor:Warning: GameNetworkManager /Game/Maps/UEDPIE_0_MapWithPowerUps.MapWithPowerUps:PersistentLevel.GameNetworkManager_0 has natively added scene component(s), but none of them were set as the actor's RootComponent - picking one arbitrarily
[2016.03.28-13.09.01:194][106]LogWorld: Bringing up level for play took: 0.002404
[2016.03.28-13.09.01:196][106]PIE: Info Play in editor start time for /Game/Maps/UEDPIE_0_MapWithPowerUps 0.25
[2016.03.28-13.09.06:519][620]LogSpawn:Warning: SpawnActor failed because the spawned actor IsPendingKill
[2016.03.28-13.09.07:680][732]LogSpawn:Warning: SpawnActor failed because the spawned actor IsPendingKill
[2016.03.28-13.09.10:060][961]LogSpawn:Warning: SpawnActor failed because the spawned actor IsPendingKill
[2016.03.28-13.09.13:027][243]LogSpawn:Warning: SpawnActor failed because the spawned actor IsPendingKill
[2016.03.28-13.09.14:187][355]LogSpawn:Warning: SpawnActor failed because the spawned actor IsPendingKill
[2016.03.28-13.09.15:435][476]LogSpawn:Warning: SpawnActor failed because the spawned actor IsPendingKill
[2016.03.28-13.09.31:283][  1]LogSpawn:Warning: SpawnActor failed because the spawned actor IsPendingKill
[2016.03.28-13.09.33:669][232]LogSpawn:Warning: SpawnActor failed because the spawned actor IsPendingKill
[2016.03.28-13.09.34:736][335]LogSpawn:Warning: SpawnActor failed because the spawned actor IsPendingKill
[2016.03.28-13.09.40:754][917]LogSpawn:Warning: SpawnActor failed because the spawned actor IsPendingKill
[2016.03.28-13.09.45:270][350]LogSpawn:Warning: SpawnActor failed because the spawned actor IsPendingKill
[2016.03.28-13.09.46:418][461]LogSpawn:Warning: SpawnActor failed because the spawned actor IsPendingKill
[2016.03.28-13.09.55:139][304]LogSpawn:Warning: SpawnActor failed because the spawned actor IsPendingKill
[2016.03.28-13.10.00:788][839]LogSpawn:Warning: SpawnActor failed because the spawned actor IsPendingKill
[2016.03.28-13.10.01:890][946]LogSpawn:Warning: SpawnActor failed because the spawned actor IsPendingKill
[2016.03.28-13.10.03:030][ 57]LogSpawn:Warning: SpawnActor failed because the spawned actor IsPendingKill
[2016.03.28-13.10.04:221][173]LogSpawn:Warning: SpawnActor failed because the spawned actor IsPendingKill
[2016.03.28-13.10.05:462][294]LogSpawn:Warning: SpawnActor failed because the spawned actor IsPendingKill
[2016.03.28-13.10.06:583][401]LogSpawn:Warning: SpawnActor failed because the spawned actor IsPendingKill
[2016.03.28-13.10.06:823][421]LogParticles: Destroying 0 GPU particle simulations for FXSystem 0x0000000033B18720
[2016.03.28-13.10.11:964][800]LogPlayLevel: PlayLevel: No blueprints needed recompiling
[2016.03.28-13.10.11:965][800]PIE: New page: PIE session: MapWithPowerUps (Mar 28, 2016, 5:10:11 AM)
[2016.03.28-13.10.11:965][800]LogPlayLevel: Creating play world package: /Game/Maps/UEDPIE_0_MapWithPowerUps
[2016.03.28-13.10.11:968][800]LogPlayLevel: PIE: StaticDuplicateObject took: (0.002852s)
[2016.03.28-13.10.11:969][800]LogAIModule: Creating AISystem for world MapWithPowerUps
[2016.03.28-13.10.11:969][800]LogPlayLevel: PIE: World Init took: (0.000558s)
[2016.03.28-13.10.11:969][800]LogPlayLevel: PIE: Created PIE world by copying editor world from /Game/Maps/MapWithPowerUps.MapWithPowerUps to /Game/Maps/UEDPIE_0_MapWithPowerUps.MapWithPowerUps (0.003794s)
[2016.03.28-13.10.11:984][800]LogInit: XAudio2 using 'Speakers / Headphones (Realtek High Definition Audio)' : 2 channels at 48 kHz using 32 bits per sample (channel mask 0x3)
[2016.03.28-13.10.11:992][800]LogInit: FAudioDevice initialized.
[2016.03.28-13.10.12:026][800]LogWorld: Game class is 'FlightGameMode'
[2016.03.28-13.10.12:028][800]LogWorld: Bringing World /Game/Maps/UEDPIE_0_MapWithPowerUps.MapWithPowerUps up for play (max tick rate 0) at 2016.03.28-09.10.12
[2016.03.28-13.10.12:028][800]LogActor:Warning: GameSession /Game/Maps/UEDPIE_0_MapWithPowerUps.MapWithPowerUps:PersistentLevel.GameSession_1 has natively added scene component(s), but none of them were set as the actor's RootComponent - picking one arbitrarily
[2016.03.28-13.10.12:029][800]LogActor:Warning: GameNetworkManager /Game/Maps/UEDPIE_0_MapWithPowerUps.MapWithPowerUps:PersistentLevel.GameNetworkManager_1 has natively added scene component(s), but none of them were set as the actor's RootComponent - picking one arbitrarily
[2016.03.28-13.10.12:029][800]LogWorld: Bringing up level for play took: 0.001975
[2016.03.28-13.10.12:030][800]PIE: Info Play in editor start time for /Game/Maps/UEDPIE_0_MapWithPowerUps -0.922
[2016.03.28-13.10.17:520][327]LogSpawn:Warning: SpawnActor failed because the spawned actor IsPendingKill
[2016.03.28-13.10.17:704][340]LogParticles: Destroying 0 GPU particle simulations for FXSystem 0x000000000FC9DDA0
[2016.03.28-13.11.15:055][562]LogTexture:Display: Building textures: 2355193add148a6b1bf623720cb8e1c6 (AutoDXT)
[2016.03.28-13.11.16:120][562]LogLinker:Warning: Asset '../../../Engine/Content/ArtTools/RenderToTexture/Macros/RenderToTextureMacros.uasset' has been saved with empty engine version. The asset will be loaded but may be incompatible.
[2016.03.28-13.11.16:445][562]LogContentBrowser: Native class hierarchy updated for 'BlueprintGraph' in 0.0024 seconds. Added 107 classes and 0 folders.
[2016.03.28-13.12.08:581][622]LogPlayLevel: PlayLevel: No blueprints needed recompiling
[2016.03.28-13.12.08:581][622]PIE: New page: PIE session: MapWithPowerUps (Mar 28, 2016, 5:12:08 AM)
[2016.03.28-13.12.08:582][622]LogPlayLevel: Creating play world package: /Game/Maps/UEDPIE_0_MapWithPowerUps
[2016.03.28-13.12.08:586][622]LogPlayLevel: PIE: StaticDuplicateObject took: (0.003970s)
[2016.03.28-13.12.08:586][622]LogAIModule: Creating AISystem for world MapWithPowerUps
[2016.03.28-13.12.08:587][622]LogPlayLevel: PIE: World Init took: (0.000919s)
[2016.03.28-13.12.08:587][622]LogPlayLevel: PIE: Created PIE world by copying editor world from /Game/Maps/MapWithPowerUps.MapWithPowerUps to /Game/Maps/UEDPIE_0_MapWithPowerUps.MapWithPowerUps (0.005347s)
[2016.03.28-13.12.08:609][622]LogParticles: Destroying 0 GPU particle simulations for FXSystem 0x000000000FD1AAC0
[2016.03.28-13.12.08:609][622]LogParticles: Destroying 0 GPU particle simulations for FXSystem 0x000000000FD198A0
[2016.03.28-13.12.08:615][622]LogInit: XAudio2 using 'Speakers / Headphones (Realtek High Definition Audio)' : 2 channels at 48 kHz using 32 bits per sample (channel mask 0x3)
[2016.03.28-13.12.08:623][622]LogInit: FAudioDevice initialized.
[2016.03.28-13.12.08:657][622]LogWorld: Game class is 'FlightGameMode'
[2016.03.28-13.12.08:659][622]LogWorld: Bringing World /Game/Maps/UEDPIE_0_MapWithPowerUps.MapWithPowerUps up for play (max tick rate 0) at 2016.03.28-09.12.08
[2016.03.28-13.12.08:659][622]LogActor:Warning: GameSession /Game/Maps/UEDPIE_0_MapWithPowerUps.MapWithPowerUps:PersistentLevel.GameSession_2 has natively added scene component(s), but none of them were set as the actor's RootComponent - picking one arbitrarily
[2016.03.28-13.12.08:659][622]LogActor:Warning: GameNetworkManager /Game/Maps/UEDPIE_0_MapWithPowerUps.MapWithPowerUps:PersistentLevel.GameNetworkManager_2 has natively added scene component(s), but none of them were set as the actor's RootComponent - picking one arbitrarily
[2016.03.28-13.12.08:659][622]LogWorld: Bringing up level for play took: 0.001820
[2016.03.28-13.12.08:661][622]PIE: Info P