[2016.03.28-13.39.15:720][  0]Log file open, 03/28/16 09:39:15
[2016.03.28-13.39.15:720][  0]LogInit:Display: Running engine for game: Flight
[2016.03.28-13.39.15:720][  0]LogPlatformFile: Not using cached read wrapper
[2016.03.28-13.39.15:720][  0]LogInit:Display: RandInit(412059676) SRandInit(412059678).
[2016.03.28-13.39.15:720][  0]LogTaskGraph: Started task graph with 4 named threads and 7 total threads.
[2016.03.28-13.39.15:720][  0]LogStats: Stats thread started at 0.137704
[2016.03.28-13.39.15:720][  0]LogInit: Version: 4.10.4-2872498+++depot+UE4-Releases+4.10
[2016.03.28-13.39.15:720][  0]LogInit: API Version: 2758231
[2016.03.28-13.39.15:720][  0]LogInit: Compiled (64-bit): Feb 18 2016 15:47:04
[2016.03.28-13.39.15:720][  0]LogInit: Compiled with Visual C++: 19.00.23026.00
[2016.03.28-13.39.15:720][  0]LogInit: Build Configuration: Development
[2016.03.28-13.39.15:720][  0]LogInit: Branch Name: ++depot+UE4-Releases+4.10
[2016.03.28-13.39.15:720][  0]LogInit: Command line: 
[2016.03.28-13.39.15:720][  0]LogInit: Base directory: C:/Program Files/Epic Games/4.10/Engine/Binaries/Win64/
[2016.03.28-13.39.15:720][  0]LogInit: Rocket: 1
[2016.03.28-13.39.15:721][  0]LogInit: Using libcurl 7.41.0
[2016.03.28-13.39.15:721][  0]LogInit:  - built for x86_64-pc-win32
[2016.03.28-13.39.15:721][  0]LogInit:  - supports SSL with WinSSL
[2016.03.28-13.39.15:721][  0]LogInit:  - other features:
[2016.03.28-13.39.15:721][  0]LogInit:      CURL_VERSION_SSL
[2016.03.28-13.39.15:721][  0]LogInit:      CURL_VERSION_IPV6
[2016.03.28-13.39.15:721][  0]LogInit:      CURL_VERSION_ASYNCHDNS
[2016.03.28-13.39.15:721][  0]LogInit:      CURL_VERSION_LARGEFILE
[2016.03.28-13.39.15:721][  0]LogInit:      CURL_VERSION_IDN
[2016.03.28-13.39.15:721][  0]LogInit:  CurlRequestOptions (configurable via config and command line):
[2016.03.28-13.39.15:721][  0]LogInit:  - bVerifyPeer = true  - Libcurl will verify peer certificate
[2016.03.28-13.39.15:721][  0]LogInit:  - bUseHttpProxy = false  - Libcurl will NOT use HTTP proxy
[2016.03.28-13.39.15:721][  0]LogInit:  - bDontReuseConnections = false  - Libcurl will reuse connections
[2016.03.28-13.39.15:721][  0]LogInit:  - CertBundlePath = nullptr  - Libcurl will use whatever was configured at build time.
[2016.03.28-13.39.15:729][  0]LogInit: Presizing for 0 objects not considered by GC, pre-allocating 0 bytes.
[2016.03.28-13.39.15:733][  0]LogInit: Object subsystem initialized
[2016.03.28-13.39.15:734][  0]LogInit: Selected Device Profile: [Windows]
[2016.03.28-13.39.15:734][  0]LogInit: Applying CVar settings loaded from the selected device profile: [Windows]
[2016.03.28-13.39.15:742][  0]LogInit: Computer: C401IT33
[2016.03.28-13.39.15:742][  0]LogInit: User: bbailey
[2016.03.28-13.39.15:742][  0]LogInit: CPU Page size=4096, Cores=4
[2016.03.28-13.39.15:742][  0]LogInit: High frequency timer resolution =3.507714 MHz
[2016.03.28-13.39.15:742][  0]LogMemory: Memory total: Physical=15.9GB (16GB approx)
[2016.03.28-13.39.15:742][  0]LogMemory: Platform Memory Stats for Windows
[2016.03.28-13.39.15:742][  0]LogMemory: Process Physical Memory: 58.43 MB used, 58.43 MB peak
[2016.03.28-13.39.15:742][  0]LogMemory: Process Virtual Memory: 58.05 MB used, 58.05 MB peak
[2016.03.28-13.39.15:742][  0]LogMemory: Physical Memory: 5923.49 MB used, 16326.03 MB total
[2016.03.28-13.39.15:742][  0]LogMemory: Virtual Memory: 350.84 MB used, 8388608.00 MB total
[2016.03.28-13.39.15:796][  0]LogTextLocalizationManager: No specific translations for ('en-CA') exist, so ('en') translations will be used.
[2016.03.28-13.39.16:097][  0]LogD3D11RHI: Found D3D11 adapter 0: NVIDIA Quadro K620 (Feature Level 11_0)
[2016.03.28-13.39.16:097][  0]LogD3D11RHI: Adapter has 1993MB of dedicated video memory, 0MB of dedicated system memory, and 7907MB of shared system memory, 1 output[s]
[2016.03.28-13.39.16:097][  0]LogD3D11RHI: Chosen D3D11 Adapter Id = 0
[2016.03.28-13.39.16:100][  0]LogD3D11RHI: !Direct3DDevice
[2016.03.28-13.39.16:101][  0]LogRHI: Texture pool is 1361 MB (70% of 1945 MB)
[2016.03.28-13.39.16:109][  0]LogD3D11RHI: Async texture creation enabled
[2016.03.28-13.39.16:122][  0]LogShaderCompilers: Guid format shader working directory is -12 characters bigger than the processId version (../../../../../../Users/bbailey/Documents/Flat-Flight/Flight/Intermediate/Shaders/WorkingDirectory/5228/).
[2016.03.28-13.39.16:122][  0]LogShaderCompilers: Cleaned the shader compiler working directory 'C:/Users/bbailey/AppData/Local/Temp/UnrealShaderWorkingDir/A9E4CC4D4C86B463C1FD169B7C13A542/'.
[2016.03.28-13.39.16:122][  0]LogShaderCompilers:Display: Using Local Shader Compiler.
[2016.03.28-13.39.16:737][  0]LogTemp:Display: Loaded TP AllDesktopTargetPlatform
[2016.03.28-13.39.16:745][  0]LogTemp:Display: Loaded TP WindowsClientTargetPlatform
[2016.03.28-13.39.16:754][  0]LogTemp:Display: Loaded TP WindowsNoEditorTargetPlatform
[2016.03.28-13.39.16:763][  0]LogTemp:Display: Loaded TP WindowsServerTargetPlatform
[2016.03.28-13.39.16:771][  0]LogTemp:Display: Loaded TP WindowsTargetPlatform
[2016.03.28-13.39.16:776][  0]LogTemp:Display: Loaded TP AndroidTargetPlatform
[2016.03.28-13.39.16:781][  0]LogTemp:Display: Loaded TP Android_ASTCTargetPlatform
[2016.03.28-13.39.16:786][  0]LogTemp:Display: Loaded TP Android_ATCTargetPlatform
[2016.03.28-13.39.16:791][  0]LogTemp:Display: Loaded TP Android_DXTTargetPlatform
[2016.03.28-13.39.16:796][  0]LogTemp:Display: Loaded TP Android_ETC1TargetPlatform
[2016.03.28-13.39.16:801][  0]LogTemp:Display: Loaded TP Android_ETC2TargetPlatform
[2016.03.28-13.39.16:812][  0]LogTemp:Display: Loaded TP Android_MultiTargetPlatform
[2016.03.28-13.39.16:812][  0]LogTemp:Display: Loaded TP Android_PVRTCTargetPlatform
[2016.03.28-13.39.16:814][  0]LogTemp:Display: Loaded TP HTML5TargetPlatform
[2016.03.28-13.39.16:839][  0]LogTemp:Display: Loaded TP IOSTargetPlatform
[2016.03.28-13.39.16:844][  0]LogTemp:Display: Loaded TP LinuxNoEditorTargetPlatform
[2016.03.28-13.39.16:848][  0]LogTemp:Display: Loaded TP LinuxServerTargetPlatform
[2016.03.28-13.39.16:853][  0]LogTemp:Display: Loaded TP LinuxTargetPlatform
[2016.03.28-13.39.16:853][  0]LogTargetPlatformManager:Display: Building Assets For Windows
[2016.03.28-13.39.16:988][  0]LogDerivedDataCache:Display: Max Cache Size: 512 MB
[2016.03.28-13.39.17:041][  0]LogDerivedDataCache: Loaded boot cache 0.05s 64MB C:/Users/bbailey/AppData/Local/UnrealEngine/4.10/DerivedDataCache/Boot.ddc.
[2016.03.28-13.39.17:041][  0]LogDerivedDataCache:Display: Loaded Boot cache: C:/Users/bbailey/AppData/Local/UnrealEngine/4.10/DerivedDataCache/Boot.ddc
[2016.03.28-13.39.17:042][  0]LogDerivedDataCache: FDerivedDataBackendGraph:  Pak pak cache file ../../../../../../Users/bbailey/Documents/Flat-Flight/Flight/DerivedDataCache/DDC.ddp not found, will not use a pak cache.
[2016.03.28-13.39.17:042][  0]LogDerivedDataCache: Unable to find inner node Pak for hierarchical cache Hierarchy.
[2016.03.28-13.39.17:042][  0]LogDerivedDataCache: FDerivedDataBackendGraph:  CompressedPak pak cache file ../../../../../../Users/bbailey/Documents/Flat-Flight/Flight/DerivedDataCache/Compressed.ddp not found, will not use a pak cache.
[2016.03.28-13.39.17:042][  0]LogDerivedDataCache: Unable to find inner node CompressedPak for hierarchical cache Hierarchy.
[2016.03.28-13.39.17:086][  0]LogDerivedDataCache:Display: Pak cache opened for reading ../../../Engine/DerivedDataCache/Compressed.ddp.
[2016.03.28-13.39.17:098][  0]LogDerivedDataCache: Using Local data cache path C:/Users/bbailey/AppData/Local/UnrealEngine/Common/DerivedDataCache: Writable
[2016.03.28-13.39.17:214][  0]LogCollisionProfile:Warning: Profile (Player) - Custom Channel Name = 'Bullet' hasn't been found
[2016.03.28-13.39.17:214][  0]LogCollisionProfile:Warning: Profile (Enemy) - Custom Channel Name = 'Bullet' hasn't been found
[2016.03.28-13.39.17:214][  0]LogCollisionProfile:Warning: Profile (Enemy) - Custom Channel Name = 'GameTraceChannel5' hasn't been found
[2016.03.28-13.39.17:214][  0]LogCollisionProfile:Warning: Profile (Enemy) - Custom Channel Name = 'GameTraceChannel6' hasn't been found
[2016.03.28-13.39.17:214][  0]LogCollisionProfile:Warning: Profile (PickUps) - Custom Channel Name = 'GameTraceChannel5' hasn't been found
[2016.03.28-13.39.17:214][  0]LogCollisionProfile:Warning: Profile (PickUps) - Custom Channel Name = 'GameTraceChannel6' hasn't been found
[2016.03.28-13.39.17:215][  0]LogCollisionProfile:Warning: Profile (PlayerBullets) - Custom Channel Name = 'GameTraceChannel6' hasn't been found
[2016.03.28-13.39.17:215][  0]LogCollisionProfile:Warning: Profile (EnemyBullets) - Custom Channel Name = 'GameTraceChannel6' hasn't been found
[2016.03.28-13.39.17:218][  0]LogInit: Selected Device Profile: [Windows]
[2016.03.28-13.39.17:218][  0]LogContentStreaming: Texture pool size is 0.000000MB
[2016.03.28-13.39.17:251][  0]LogMeshUtilities: No automatic mesh reduction module available
[2016.03.28-13.39.17:251][  0]LogMeshUtilities: No automatic mesh merging module available
[2016.03.28-13.39.17:509][  0]LogInit: WinSock: version 1.1 (2.2), MaxSocks=32767, MaxUdp=65467
[2016.03.28-13.39.18:264][  0]UdpMessaging: Initializing bridge on interface 0.0.0.0:0 to multicast group 230.0.0.1:6666.
[2016.03.28-13.39.18:834][  0]LogAssetRegistry: FAssetRegistry took 0.0104 seconds to start up
[2016.03.28-13.39.19:086][  0]SourceControl: Info Source control is disabled
[2016.03.28-13.39.19:129][  0]SourceControl: Info Source control is disabled
[2016.03.28-13.39.19:146][  0]SourceControl: Info Source control is disabled
[2016.03.28-13.39.19:165][  0]SourceControl: Info Source control is disabled
[2016.03.28-13.39.19:415][  0]LogObj: 30745 objects as part of root set at end of initial load.
[2016.03.28-13.39.19:415][  0]LogUObjectAllocator: 7146128 out of 0 bytes used by permanent object pool.
[2016.03.28-13.39.19:477][  0]LogEngine: Initializing Engine...
[2016.03.28-13.39.19:479][  0]OCULUS: Info: 03/28/16 13:39:19: [CAPI] LibOVR module is located at C:\Windows\system32\LibOVRRT64_0_8.dll

[2016.03.28-13.39.19:479][  0]OCULUS: Info: 03/28/16 13:39:19: [IPC] Call Stats for SetInitialState : x1: C2S=14.5394, S2C=3.13595, Runtime=35.9208 (microseconds) C2Ssize=80, S2Csize=81 (bytes)

[2016.03.28-13.39.19:480][  0]OCULUS: Info: 03/28/16 13:39:19: [IPC] Call Stats for IsLatencyTesterAvailable : x1: C2S=7.69732, S2C=2.56577, Runtime=0.570172 (microseconds) C2Ssize=33, S2Csize=18 (bytes)

[2016.03.28-13.39.19:492][  0]LogHMD: SteamVR failed to initialize.  Err: 110
[2016.03.28-13.39.19:604][  0]LogAIModule: Creating AISystem for world NewWorld
[2016.03.28-13.39.19:610][  0]LogInit: XAudio2 using 'Speakers / Headphones (Realtek High Definition Audio)' : 2 channels at 48 kHz using 32 bits per sample (channel mask 0x3)
[2016.03.28-13.39.19:711][  0]LogInit: FAudioDevice initialized.
[2016.03.28-13.39.19:740][  0]LogDerivedDataCache: Saved boot cache 0.03s 64MB C:/Users/bbailey/AppData/Local/UnrealEngine/4.10/DerivedDataCache/Boot.ddc.
[2016.03.28-13.39.19:746][  0]LogInit: Texture streaming: Enabled
[2016.03.28-13.39.19:757][  0]LogAnalytics: Creating configured Analytics provider AnalyticsET
[2016.03.28-13.39.19:757][  0]LogAnalytics: [UEEditor.Rocket.Release] APIServer = http://et2.epicgames.com/ET2/. AppVersion = 4.10.4-2872498+++depot+UE4-Releases+4.10
[2016.03.28-13.39.19:757][  0]LogAnalytics: [UEEditor.Rocket.Release] SetUserId 58709fb747ec5d3c40d8f3b51c8df47e|bccdf9c3033b4357bb93aaf6cd9ec9c0|b399840a-6214-4cdc-89af-39f57a6d8d1f
[2016.03.28-13.39.19:757][  0]LogAnalytics: [UEEditor.Rocket.Release] AnalyticsET::StartSession
[2016.03.28-13.39.19:768][  0]LogInit: Transaction tracking system initialized
[2016.03.28-13.39.19:835][  0]BlueprintLog: New page: Editor Load
[2016.03.28-13.39.20:059][  0]LocalizationService: Info Localization service is disabled
[2016.03.28-13.39.20:179][  0]LogConsoleResponse:Display: 
[2016.03.28-13.39.20:270][  0]LogCook:Display: Done creating registry. It took  0.00s.
[2016.03.28-13.39.20:363][  0]LogFileCache: Scanning file cache for directory 'C:/Users/bbailey/Documents/Flat-Flight/Flight/Content/' took 0.01s
[2016.03.28-13.39.20:364][  0]SourceControl: Info Source control is disabled
[2016.03.28-13.39.20:364][  0]Cmd: MAP LOAD FILE="../../../../../../Users/bbailey/Documents/Flat-Flight/Flight/Content/Maps/MapWithPowerUps.umap" TEMPLATE=0 SHOWPROGRESS=1 FEATURELEVEL=3
[2016.03.28-13.39.20:364][  0]LightingResults: New page: Lighting Build
[2016.03.28-13.39.20:368][  0]MapCheck: New page: Map Check
[2016.03.28-13.39.20:368][  0]LightingResults: New page: Lighting Build
[2016.03.28-13.39.20:377][  0]LogParticles: Destroying 0 GPU particle simulations for FXSystem 0x0000000028A176A0
[2016.03.28-13.39.20:587][  0]LogAIModule: Creating AISystem for world MapWithPowerUps
[2016.03.28-13.39.20:592][  0]LogEditorServer: Finished looking for orphan Actors (0.000 secs)
[2016.03.28-13.39.20:593][  0]Cmd: MAP CHECKDEP NOCLEARLOG
[2016.03.28-13.39.20:641][  0]MapCheck: Info Map check complete: 0 Error(s), 0 Warning(s), took 47.752ms to complete.
[2016.03.28-13.39.20:641][  0]LogFileHelpers: Loading map 'MapWithPowerUps' took 0.277
[2016.03.28-13.39.20:729][  0]LogCollectionManager: Loaded 0 collections in 0.001815 seconds
[2016.03.28-13.39.20:769][  0]LogFileCache: Scanning file cache for directory 'C:/Users/bbailey/Documents/Flat-Flight/Flight/Saved/Collections/' took 0.01s
[2016.03.28-13.39.20:769][  0]LogFileCache: Scanning file cache for directory 'C:/Users/bbailey/Documents/Flat-Flight/Flight/Content/Developers/bbailey/Collections/' took 0.01s
[2016.03.28-13.39.20:769][  0]LogFileCache: Scanning file cache for directory 'C:/Users/bbailey/Documents/Flat-Flight/Flight/Content/Collections/' took 0.01s
[2016.03.28-13.39.20:769][  0]LogCollectionManager: Rebuilt the GUID cache for 0 collections in 0.000001 seconds
[2016.03.28-13.39.20:777][  0]LogContentBrowser: Native class hierarchy populated in 0.0076 seconds. Added 1921 classes and 343 folders.
[2016.03.28-13.39.20:787][  0]LogContentBrowser: Native class hierarchy updated for 'WidgetCarousel' in 0.0023 seconds. Added 0 classes and 0 folders.
[2016.03.28-13.39.20:822][  0]LogContentBrowser: Native class hierarchy updated for 'AddContentDialog' in 0.0021 seconds. Added 0 classes and 0 folders.
[2016.03.28-13.39.20:835][  0]LogContentBrowser: Native class hierarchy updated for 'SceneOutliner' in 0.0021 seconds. Added 1 classes and 2 folders.
[2016.03.28-13.39.20:854][  0]LogCrashTracker: Crashtracker disabled due to settings.
[2016.03.28-13.39.20:857][  0]LogUObjectGlobals:Warning: Failed to find object 'Class None.'
[2016.03.28-13.39.20:879][  0]LogLoad: Full Startup: 5.91 seconds (BP compile: 0.05 seconds)
[2016.03.28-13.39.21:218][  0]LogOcInput: OculusInput is initialized. Init status 0. Runtime version: 0.8.0.0
[2016.03.28-13.39.21:261][  0]LogContentStreaming: Texture pool size now 1000 MB
[2016.03.28-13.39.21:377][  0]LogRenderer: Reallocating scene render targets to support 1208x572 (Frame:2).
[2016.03.28-13.39.21:551][  1]LogFileCache: Retrieving MD5 hashes for directory 'C:/Users/bbailey/Documents/Flat-Flight/Flight/Content/' took 0.32s
[2016.03.28-13.39.22:223][  3]LogAssetRegistry: Asset discovery search completed in 3.3995 seconds
[2016.03.28-13.39.22:223][  3]LogCollectionManager: Rebuilt the object cache for 0 collections in 0.000001 seconds (found 0 objects)
[2016.03.28-13.39.22:223][  3]LogCollectionManager: Fixed up redirectors for 0 collections in 0.000111 seconds (updated 0 objects)
[2016.03.28-13.40.58:448][282]LogPlayLevel: PlayLevel: No blueprints needed recompiling
[2016.03.28-13.40.58:449][282]PIE: New page: PIE session: MapWithPowerUps (Mar 28, 2016, 5:40:58 AM)
[2016.03.28-13.40.58:449][282]LogPlayLevel: Creating play world package: /Game/Maps/UEDPIE_0_MapWithPowerUps
[2016.03.28-13.40.58:452][282]LogPlayLevel: PIE: StaticDuplicateObject took: (0.002922s)
[2016.03.28-13.40.58:453][282]LogAIModule: Creating AISystem for world MapWithPowerUps
[2016.03.28-13.40.58:453][282]LogPlayLevel: PIE: World Init took: (0.000666s)
[2016.03.28-13.40.58:453][282]LogPlayLevel: PIE: Created PIE world by copying editor world from /Game/Maps/MapWithPowerUps.MapWithPowerUps to /Game/Maps/UEDPIE_0_MapWithPowerUps.MapWithPowerUps (0.004163s)
[2016.03.28-13.40.58:470][282]LogInit: XAudio2 using 'Speakers / Headphones (Realtek High Definition Audio)' : 2 channels at 48 kHz using 32 bits per sample (channel mask 0x3)
[2016.03.28-13.40.58:479][282]LogInit: FAudioDevice initialized.
[2016.03.28-13.40.58:527][282]LogWorld: Game class is 'FlightGameMode'
[2016.03.28-13.40.58:529][282]LogWorld: Bringing World /Game/Maps/UEDPIE_0_MapWithPowerUps.MapWithPowerUps up for play (max tick rate 0) at 2016.03.28-09.40.58
[2016.03.28-13.40.58:529][282]LogActor:Warning: GameSession /Game/Maps/UEDPIE_0_MapWithPowerUps.MapWithPowerUps:PersistentLevel.GameSession_0 has natively added scene component(s), but none of them were set as the actor's RootComponent - picking one arbitrarily
[2016.03.28-13.40.58:529][282]LogActor:Warning: GameNetworkManager /Game/Maps/UEDPIE_0_MapWithPowerUps.MapWithPowerUps:PersistentLevel.GameNetworkManager_0 has natively added scene component(s), but none of them were set as the actor's RootComponent - picking one arbitrarily
[2016.03.28-13.40.58:530][282]LogWorld: Bringing up level for play took: 0.001843
[2016.03.28-13.40.58:532][282]PIE: Info Play in editor start time for /Game/Maps/UEDPIE_0_MapWithPowerUps -0.6
[2016.03.28-13.41.08:207][227]LogParticles: Destroying 0 GPU particle simulations for FXSystem 0x0000000012A4C7C0
[2016.03.28-13.41.09:972][356]LogPlayLevel: PlayLevel: No blueprints needed recompiling
[2016.03.28-13.41.09:973][356]PIE: New page: PIE session: MapWithPowerUps (Mar 28, 2016, 5:41:09 AM)
[2016.03.28-13.41.09:973][356]LogPlayLevel: Creating play world package: /Game/Maps/UEDPIE_0_MapWithPowerUps
[2016.03.28-13.41.09:976][356]LogPlayLevel: PIE: StaticDuplicateObject took: (0.003028s)
[2016.03.28-13.41.09:977][356]LogAIModule: Creating AISystem for world MapWithPowerUps
[2016.03.28-13.41.09:977][356]LogPlayLevel: PIE: World Init took: (0.000612s)
[2016.03.28-13.41.09:977][356]LogPlayLevel: PIE: Created PIE world by copying editor world from /Game/Maps/MapWithPowerUps.MapWithPowerUps to /Game/Maps/UEDPIE_0_MapWithPowerUps.MapWithPowerUps (0.004124s)
[2016.03.28-13.41.09:989][356]LogInit: XAudio2 using 'Speakers / Headphones (Realtek High Definition Audio)' : 2 channels at 48 kHz using 32 bits per sample (channel mask 0x3)
[2016.03.28-13.41.09:998][356]LogInit: FAudioDevice initialized.
[2016.03.28-13.41.10:035][356]LogWorld: Game class is 'FlightGameMode'
[2016.03.28-13.41.10:037][356]LogWorld: Bringing World /Game/Maps/UEDPIE_0_MapWithPowerUps.MapWithPowerUps up for play (max tick rate 0) at 2016.03.28-09.41.10
[2016.03.28-13.41.10:037][356]LogActor:Warning: GameSession /Game/Maps/UEDPIE_0_MapWithPowerUps.MapWithPowerUps:PersistentLevel.GameSession_1 has natively added scene component(s), but none of them were set as the actor's RootComponent - picking one arbitrarily
[2016.03.28-13.41.10:037][356]LogActor:Warning: GameNetworkManager /Game/Maps/UEDPIE_0_MapWithPowerUps.MapWithPowerUps:PersistentLevel.GameNetworkManager_1 has natively added scene component(s), but none of them were set as the actor's RootComponent - picking one arbitrarily
[2016.03.28-13.41.10:037][356]LogWorld: Bringing up level for play took: 0.002017
[2016.03.28-13.41.10:039][356]PIE: Info Play in editor start time for /Game/Maps/UEDPIE_0_MapWithPowerUps 0.906
[2016.03.28-13.41.12:183][564]LogParticles: Destroying 0 GPU particle simulations for FXSystem 0x000000000FB19300
[2016.03.28-13.51.13:289][619]LogPlayLevel: PlayLevel: No blueprints needed recompiling
[2016.03.28-13.51.13:289][619]PIE: New page: PIE session: MapWithPowerUps (Mar 28, 2016, 5:51:13 AM)
[2016.03.28-13.51.13:290][619]LogPlayLevel: Creating play world package: /Game/Maps/UEDPIE_0_MapWithPowerUps
[2016.03.28-13.51.13:293][619]LogPlayLevel: PIE: StaticDuplicateObject took: (0.002784s)
[2016.03.28-13.51.13:294][619]LogAIModule: Creating AISystem for world MapWithPowerUps
[2016.03.28-13.51.13:294][619]LogPlayLevel: PIE: World Init took: (0.000609s)
[2016.03.28-13.51.13:294][619]LogPlayLevel: PIE: Created PIE world by copying editor world from /Game/Maps/MapWithPowerUps.MapWithPowerUps to /Game/Maps/UEDPIE_0_MapWithPowerUps.MapWithPowerUps (0.004242s)
[2016.03.28-13.51.13:306][619]LogInit: XAudio2 using 'Speakers / Headphones (Realtek High Definition Audio)' : 2 channels at 48 kHz using 32 bits per sample (channel mask 0x3)
[2016.03.28-13.51.13:315][619]LogInit: FAudioDevice initialized.
[2016.03.28-13.51.13:348][619]LogWorld: Game class is 'FlightGameMode'
[2016.03.28-13.51.13:350][619]LogWorld: Bringing World /Game/Maps/UEDPIE_0_MapWithPowerUps.MapWithPowerUps up for play (max tick rate 0) at 2016.03.28-09.51.13
[2016.03.28-13.51.13:350][619]LogActor:Warning: GameSession /Game/Maps/UEDPIE_0_MapWithPowerUps.MapWithPowerUps:PersistentLevel.GameSession_2 has natively added scene component(s), but none of them were set as the actor's RootComponent - picking one arbitrarily
[2016.03.28-13.51.13:351][619]LogActor:Warning: GameNetworkManager /Game/Maps/UEDPIE_0_MapWithPowerUps.MapWithPowerUps:PersistentLevel.GameNetworkManager_2 has natively added scene component(s), but none of them were set as the actor's RootComponent - picking one arbitrarily
[2016.03.28-13.51.13:351][619]LogWorld: Bringing up level for play took: 0.001721
[2016.03.28-13.51.13:352][619]PIE: Info Play in editor start time for /Game/Maps/UEDPIE_0_MapWithPowerUps 0.158
[2016.03.28-13.51.17:390][ 11]LogParticles: Destroying 0 GPU particle simulations for FXSystem 0x00000000202CE520
[2016.03.28-13.51.28:292][317]LogPlayLevel: PlayLevel: No blueprints needed recompiling
[2016.03.28-13.51.28:293][317]PIE: New page: PIE session: MapWithPowerUps (Mar 28, 2016, 5:51:28 AM)
[2016.03.28-13.51.28:293][317]LogPlayLevel: Creating play world package: /Game/Maps/UEDPIE_0_MapWithPowerUps
[2016.03.28-13.51.28:297][317]LogPlayLevel: PIE: StaticDuplicateObject took: (0.003326s)
[2016.03.28-13.51.28:297][317]LogAIModule: Creating AISystem for world MapWithPowerUps
[2016.03.28-13.51.28:297][317]LogPlayLevel: PIE: World Init took: (0.000772s)
[2016.03.28-13.51.28:298][317]LogPlayLevel: PIE: Created PIE world by copying editor world from /Game/Maps/MapWithPowerUps.MapWithPowerUps to /Game/Maps/UEDPIE_0_MapWithPowerUps.MapWithPowerUps (0.004922s)
[2016.03.28-13.51.28:309][317]LogInit: XAudio2 using 'Speakers / Headphones (Realtek High Definition Audio)' : 2 channels at 48 kHz using 32 bits per sample (channel mask 0x3)
[2016.03.28-13.51.28:319][317]LogInit: FAudioDevice initialized.
[2016.03.28-13.51.28:351][317]LogWorld: Game class is 'FlightGameMode'
[2016.03.28-13.51.28:353][317]LogWorld: Bringing World /Game/Maps/UEDPIE_0_MapWithPowerUps.MapWithPowerUps up for play (max tick rate 0) at 2016.03.28-09.51.28
[2016.03.28-13.51.28:354][317]LogActor:Warning: GameSession /Game/Maps/UEDPIE_0_MapWithPowerUps.MapWithPowerUps:PersistentLevel.GameSession_3 has natively added scene component(s), but none of them were set as the actor's RootComponent - picking one arbitrarily
[2016.03.28-13.51.28:354][317]LogActor:Warning: GameNetworkManager /Game/Maps/UEDPIE_0_MapWithPowerUps.MapWithPowerUps:PersistentLevel.GameNetworkManager_3 has natively added scene component(s), but none of them were set as the actor's RootComponent - picking one arbitrarily
[2016.03.28-13.51.28:354][317]LogWorld: Bringing up level for play took: 0.001961
[2016.03.28-13.51.28:356][317]PIE: Info Play in editor start time for /Game/Maps/UEDPIE_0_MapWithPowerUps -0.841
[2016.03.28-13.51.30:148][488]LogParticles: Destroying 0 GPU particle simulations for FXSystem 0x00000000132A6480
[2016.03.28-13.51.33:551][557]Cmd: QUIT_EDITOR
[2016.03.28-13.51.33:669][557]LogExit: Preparing to exit.
[2016.03.28-13.51.34:431][557]LogExit: Editor shut down
[2016.03.28-13.51.34:431][557]LogExit: Transaction tracking system shut down
[2016.03.28-13.51.34:433][557]LogParticles: Destroying 0 GPU particle simulations for FXSystem 0x00000000135D0540
[2016.03.28-13.51.34:433][557]LogParticles: Destroying 0 GPU particle simulations for FXSystem 0x0000000033E07880
[2016.03.28-13.51.34:542][557]LogExit: Object subsystem successfully closed.
[2016.03.28-13.51.34:555][557]LogD3D11RHI: Shutdown
[2016.03.28-13.51.34:555][557]LogD3D11RHI: CleanupD3DDevice
[2016.03.28-13.51.34:589][557]LogD3D11RHI: ~FD3D11DynamicRHI
[2016.03.28-13.51.34:599][557]LogModuleManager: Shutting down and abandoning module CrashTracker (199)
[2016.03.28-13.51.34:599][557]LogModuleManager: Shutting down and abandoning module SceneOutliner (198)
[2016.03.28-13.51.34:599][557]LogModuleManager: Shutting down and abandoning module SuperSearch (197)
[2016.03.28-13.51.34:599][557]LogModuleManager: Shutting down and abandoning module WidgetCarousel (196)
[2016.03.28-13.51.34:599][557]LogModuleManager: Shutting down and abandoning module AddContentDialog (195)
[2016.03.28-13.51.34:600][557]LogModuleManager: Shutting down and abandoning module EditorWidgets (194)
[2016.03.28-13.51.34:600][557]LogModuleManager: Shutting down and abandoning module CollectionManager (193)
[2016.03.28-13.51.34:600][557]LogModuleManager: Shutting down and abandoning module StatsViewer (192)
[2016.03.28-13.51.34:600][557]LogModuleManager: Shutting down and abandoning module FoliageEdit (191)
[2016.03.28-13.51.34:601][557]LogModuleManager: Shutting down and abandoning module LandscapeEditor (190)
[2016.03.28-13.51.34:601][557]LogModuleManager: Shutting down and abandoning module ActorPickerMode (189)
[2016.03.28-13.51.34:601][557]LogModuleManager: Shutting down and abandoning module GeometryMode (188)
[2016.03.28-13.51.34:601][557]LogModuleManager: Shutting down and abandoning module TextureAlignMode (187)
[2016.03.28-13.51.34:601][557]LogModuleManager: Shutting down and abandoning module BspMode (186)
[2016.03.28-13.51.34:601][557]LogModuleManager: Shutting down and abandoning module PlacementMode (185)
[2016.03.28-13.51.34:601][557]LogModuleManager: Shutting down and abandoning module AutomationWorker (184)
[2016.03.28-13.51.34:601][557]LogModuleManager: Shutting down and abandoning module CharacterAI (183)
[2016.03.28-13.51.34:601][557]LogModuleManager: Shutting down and abandoning module SmartSnapping (182)
[2016.03.28-13.51.34:601][557]LogModuleManager: Shutting down and abandoning module ViewportSnapping (181)
[2016.03.28-13.51.34:601][557]LogModuleManager: Shutting down and abandoning module LogVisualizer (180)
[2016.03.28-13.51.34:601][557]LogModuleManager: Shutting down and abandoning module GameProjectGeneration (179)
[2016.03.28-13.51.34:601][557]LogModuleManager: Shutting down and abandoning module IntroTutorials (178)
[2016.03.28-13.51.34:601][557]LogModuleManager: Shutting down and abandoning module EditorLiveStreaming (177)
[2016.03.28-13.51.34:601][557]LogModuleManager: Shutting down and abandoning module IOSPlatformEditor (176)
[2016.03.28-13.51.34:602][557]LogModuleManager: Shutting down and abandoning module HTML5PlatformEditor (175)
[2016.03.28-13.51.34:602][557]LogModuleManager: Shutting down and abandoning module AndroidDeviceDetection (174)
[2016.03.28-13.51.35:200][557]LogModuleManager: Shutting down and abandoning module AndroidPlatformEditor (173)
[2016.03.28-13.51.35:200][557]LogModuleManager: Shutting down and abandoning module IOSRuntimeSettings (172)
[2016.03.28-13.51.35:200][557]LogModuleManager: Shutting down and abandoning module AndroidRuntimeSettings (171)
[2016.03.28-13.51.35:200][557]LogModuleManager: Shutting down and abandoning module MergeActors (170)
[2016.03.28-13.51.35:200][557]LogModuleManager: Shutting down and abandoning module SizeMap (169)
[2016.03.28-13.51.35:200][557]LogModuleManager: Shutting down and abandoning module TreeMap (168)
[2016.03.28-13.51.35:200][557]LogModuleManager: Shutting down and abandoning module ReferenceViewer (167)
[2016.03.28-13.51.35:200][557]LogModuleManager: Shutting down and abandoning module LocalizationService (166)
[2016.03.28-13.51.35:200][557]LogModuleManager: Shutting down and abandoning module LocalizationDashboard (165)
[2016.03.28-13.51.35:200][557]LogModuleManager: Shutting down and abandoning module HardwareTargeting (164)
[2016.03.28-13.51.35:200][557]LogModuleManager: Shutting down and abandoning module DeviceProfileEditor (163)
[2016.03.28-13.51.35:200][557]LogModuleManager: Shutting down and abandoning module UndoHistory (162)
[2016.03.28-13.51.35:200][557]LogModuleManager: Shutting down and abandoning module GameplayTagsEditor (161)
[2016.03.28-13.51.35:200][557]LogModuleManager: Shutting down and abandoning module UserFeedback (160)
[2016.03.28-13.51.35:200][557]LogModuleManager: Shutting down and abandoning module XmlParser (159)
[2016.03.28-13.51.35:200][557]LogModuleManager: Shutting down and abandoning module Blutility (158)
[2016.03.28-13.51.35:201][557]LogModuleManager: Shutting down and abandoning module ProjectTargetPlatformEditor (157)
[2016.03.28-13.51.35:201][557]LogModuleManager: Shutting down and abandoning module ProjectSettingsViewer (156)
[2016.03.28-13.51.35:201][557]LogModuleManager: Shutting down and abandoning module InputBindingEditor (155)
[2016.03.28-13.51.35:201][557]LogModuleManager: Shutting down and abandoning module EditorSettingsViewer (154)
[2016.03.28-13.51.35:201][557]LogModuleManager: Shutting down and abandoning module SettingsEditor (153)
[2016.03.28-13.51.35:201][557]LogModuleManager: Shutting down and abandoning module ProjectLauncher (152)
[2016.03.28-13.51.35:201][557]LogModuleManager: Shutting down and abandoning module SessionFrontend (151)
[2016.03.28-13.51.35:201][557]LogModuleManager: Shutting down and abandoning module ProfilerClient (150)
[2016.03.28-13.51.35:201][557]LogModuleManager: Shutting down and abandoning module TargetDeviceServices (149)
[2016.03.28-13.51.35:201][557]LogModuleManager: Shutting down and abandoning module DeviceManager (148)
[2016.03.28-13.51.35:201][557]LogModuleManager: Shutting down and abandoning module AutomationController (147)
[2016.03.28-13.51.35:201][557]LogModuleManager: Shutting down and abandoning module AutomationWindow (146)
[2016.03.28-13.51.35:202][557]LogModuleManager: Shutting down and abandoning module Layers (145)
[2016.03.28-13.51.35:202][557]LogModuleManager: Shutting down and abandoning module ComponentVisualizers (144)
[2016.03.28-13.51.35:202][557]LogModuleManager: Shutting down and abandoning module DetailCustomizations (143)
[2016.03.28-13.51.35:202][557]LogModuleManager: Shutting down and abandoning module PackagesDialog (142)
[2016.03.28-13.51.35:202][557]LogModuleManager: Shutting down and abandoning module Persona (141)
[2016.03.28-13.51.35:202][557]LogModuleManager: Shutting down and abandoning module Kismet (140)
[2016.03.28-13.51.35:202][557]LogModuleManager: Shutting down and abandoning module GraphEditor (139)
[2016.03.28-13.51.35:202][557]LogModuleManager: Shutting down and abandoning module ClassViewer (138)
[2016.03.28-13.51.35:202][557]LogModuleManager: Shutting down and abandoning module Toolbox (137)
[2016.03.28-13.51.35:202][557]LogModuleManager: Shutting down and abandoning module ModuleUI (136)
[2016.03.28-13.51.35:202][557]LogModuleManager: Shutting down and abandoning module MovieSceneTools (135)
[2016.03.28-13.51.35:202][557]LogModuleManager: Shutting down and abandoning module OutputLog (134)
[2016.03.28-13.51.35:202][557]LogModuleManager: Shutting down and abandoning module GammaUI (133)
[2016.03.28-13.51.35:202][557]LogModuleManager: Shutting down and abandoning module Documentation (132)
[2016.03.28-13.51.35:203][557]LogModuleManager: Shutting down and abandoning module GameLiveStreaming (131)
[2016.03.28-13.51.35:203][557]LogModuleManager: Shutting down and abandoning module StreamingPauseRendering (130)
[2016.03.28-13.51.35:203][557]LogModuleManager: Shutting down and abandoning module AnalyticsET (129)
[2016.03.28-13.51.35:203][557]LogModuleManager: Shutting down and abandoning module Analytics (128)
[2016.03.28-13.51.35:203][557]LogModuleManager: Shutting down and abandoning module AITestSuite (127)
[2016.03.28-13.51.35:203][557]LogModuleManager: Shutting down and abandoning module GameplayDebugger (126)
[2016.03.28-13.51.35:203][557]LogModuleManager: Shutting down and abandoning module AIModule (125)
[2016.03.28-13.51.35:203][557]LogModuleManager: Shutting down and abandoning module ProfilerService (124)
[2016.03.28-13.51.35:267][557]LogModuleManager: Shutting down and abandoning module TaskGraph (123)
[2016.03.28-13.51.35:267][557]LogModuleManager: Shutting down and abandoning module SlateRemote (122)
[2016.03.28-13.51.35:267][557]LogModuleManager: Shutting down and abandoning module SteamVRController (121)
[2016.03.28-13.51.35:267][557]LogModuleManager: Shutting down and abandoning module SteamVR (120)
[2016.03.28-13.51.35:267][557]LogModuleManager: Shutting down and abandoning module ProceduralMeshComponent (119)
[2016.03.28-13.51.35:267][557]LogModuleManager: Shutting down and abandoning module OculusLibrary (118)
[2016.03.28-13.51.35:267][557]LogModuleManager: Shutting down and abandoning module OculusInput (117)
[2016.03.28-13.51.35:267][557]LogModuleManager: Shutting down and abandoning module LeapMotionController (116)
[2016.03.28-13.51.35:275][557]LogModuleManager: Shutting down and abandoning module CustomMeshComponent (115)
[2016.03.28-13.51.35:275][557]LogModuleManager: Shutting down and abandoning module CableComponent (114)
[2016.03.28-13.51.35:275][557]LogModuleManager: Shutting down and abandoning module ArchVisCharacter (113)
[2016.03.28-13.51.35:276][557]LogModuleManager: Shutting down and abandoning module MessagingDebugger (112)
[2016.03.28-13.51.35:276][557]LogModuleManager: Shutting down and abandoning module MediaPlayerEditor (111)
[2016.03.28-13.51.35:277][557]LogModuleManager: Shutting down and abandoning module HTML5Networking (110)
[2016.03.28-13.51.35:277][557]LogModuleManager: Shutting down and abandoning module SpeedTreeImporter (109)
[2016.03.28-13.51.35:277][557]LogModuleManager: Shutting down and abandoning module PluginBrowser (108)
[2016.03.28-13.51.35:277][557]LogModuleManager: Shutting down and abandoning module EpicSurvey (107)
[2016.03.28-13.51.35:277][557]LogModuleManager: Shutting down and abandoning module DesktopPlatform (106)
[2016.03.28-13.51.35:277][557]LogModuleManager: Shutting down and abandoning module VisualStudioSourceCodeAccess (105)
[2016.03.28-13.51.35:277][557]LogModuleManager: Shutting down and abandoning module UObjectPlugin (104)
[2016.03.28-13.51.35:277][557]LogModuleManager: Shutting down and abandoning module SubversionSourceControl (103)
[2016.03.28-13.51.35:277][557]LogModuleManager: Shutting down and abandoning module PerforceSourceControl (102)
[2016.03.28-13.51.35:277][557]LogModuleManager: Shutting down and abandoning module SourceControl (101)
[2016.03.28-13.51.35:277][557]LogModuleManager: Shutting down and abandoning module GitSourceControl (100)
[2016.03.28-13.51.35:277][557]LogModuleManager: Shutting down and abandoning module LightPropagationVolumeEditor (99)
[2016.03.28-13.51.35:277][557]LogModuleManager: Shutting down and abandoning module PaperTiledImporter (98)
[2016.03.28-13.51.35:277][557]LogModuleManager: Shutting down and abandoning module PaperSpriteSheetImporter (97)
[2016.03.28-13.51.35:277][557]LogModuleManager: Shutting down and abandoning module MeshPaint (96)
[2016.03.28-13.51.35:278][557]LogModuleManager: Shutting down and abandoning module SlateReflector (95)
[2016.03.28-13.51.35:278][557]LogModuleManager: Shutting down and abandoning module HotReload (94)
[2016.03.28-13.51.35:278][557]LogModuleManager: Shutting down and abandoning module MainFrame (93)
[2016.03.28-13.51.35:278][557]LogModuleManager: Shutting down and abandoning module LevelEditor (92)
[2016.03.28-13.51.35:279][557]LogModuleManager: Shutting down and abandoning module DirectoryWatcher (91)
[2016.03.28-13.51.35:279][557]LogModuleManager: Shutting down and abandoning module AssetRegistry (90)
[2016.03.28-13.51.35:337][557]LogModuleManager: Shutting down and abandoning module ContentBrowser (89)
[2016.03.28-13.51.35:338][557]LogModuleManager: Shutting down and abandoning module Paper2DEditor (88)
[2016.03.28-13.51.35:338][557]LogModuleManager: Shutting down and abandoning module Flight (87)
[2016.03.28-13.51.35:338][557]LogModuleManager: Shutting down and abandoning module UdpMessaging (86)
[2016.03.28-13.51.35:438][557]LogModuleManager: Shutting down and abandoning module LightPropagationVolumeRuntime (85)
[2016.03.28-13.51.35:438][557]LogModuleManager: Shutting down and abandoning module Paper2D (84)
[2016.03.28-13.51.35:438][557]LogModuleManager: Shutting down and abandoning module WindowsMoviePlayer (83)
[2016.03.28-13.51.35:442][557]LogModuleManager: Shutting down and abandoning module Media (82)
[2016.03.28-13.51.35:442][557]LogModuleManager: Shutting down and abandoning module WmfMedia (81)
[2016.03.28-13.51.35:443][557]LogModuleManager: Shutting down and abandoning module OnlineBlueprintSupport (80)
[2016.03.28-13.51.35:443][557]LogModuleManager: Shutting down and abandoning module GameplayTasksEditor (79)
[2016.03.28-13.51.35:443][557]LogModuleManager: Shutting down and abandoning module PropertyEditor (78)
[2016.03.28-13.51.35:444][557]LogModuleManager: Shutting down and abandoning module BehaviorTreeEditor (77)
[2016.03.28-13.51.35:444][557]LogModuleManager: Shutting down and abandoning module FunctionalTesting (76)
[2016.03.28-13.51.35:444][557]LogModuleManager: Shutting down and abandoning module CollisionAnalyzer (75)
[2016.03.28-13.51.35:444][557]LogModuleManager: Shutting down and abandoning module WorkspaceMenuStructure (74)
[2016.03.28-13.51.35:444][557]LogModuleManager: Shutting down and abandoning module MessageLog (73)
[2016.03.28-13.51.35:445][557]LogModuleManager: Shutting down and abandoning module Sequencer (72)
[2016.03.28-13.51.35:445][557]LogModuleManager: Shutting down and abandoning module AssetTools (71)
[2016.03.28-13.51.35:445][557]LogModuleManager: Shutting down and abandoning module UMGEditor (70)
[2016.03.28-13.51.35:445][557]LogModuleManager: Shutting down and abandoning module UMG (69)
[2016.03.28-13.51.35:445][557]LogModuleManager: Shutting down and abandoning module Slate (68)
[2016.03.28-13.51.35:445][557]LogModuleManager: Shutting down and abandoning module EditorStyle (67)
[2016.03.28-13.51.35:447][557]LogModuleManager: Shutting down and abandoning module SessionServices (66)
[2016.03.28-13.51.35:447][557]LogModuleManager: Shutting down and abandoning module SourceCodeAccess (65)
[2016.03.28-13.51.35:447][557]LogModuleManager: Shutting down and abandoning module HeadMountedDisplay (64)
[2016.03.28-13.51.35:447][557]LogModuleManager: Shutting down and abandoning module XAudio2 (63)
[2016.03.28-13.51.35:448][557]LogModuleManager: Shutting down and abandoning module Networking (61)
[2016.03.28-13.51.35:448][557]LogModuleManager: Shutting down and abandoning module Core (60)
[2016.03.28-13.51.35:448][557]LogModuleManager: Shutting down and abandoning module KismetCompiler (59)
[2016.03.28-13.51.35:448][557]LogModuleManager: Shutting down and abandoning module PhysXFormats (58)
[2016.03.28-13.51.35:448][557]LogModuleManager: Shutting down and abandoning module MeshUtilities (57)
[2016.03.28-13.51.35:448][557]LogModuleManager: Shutting down and abandoning module DerivedDataCache (56)
[2016.03.28-13.51.35:488][557]LogDerivedDataCache: Shutdown
[2016.03.28-13.51.35:488][557]LogModuleManager: Shutting down and abandoning module ShaderFormatOpenGL (55)
[2016.03.28-13.51.35:488][557]LogModuleManager: Shutting down and abandoning module ShaderFormatD3D (54)
[2016.03.28-13.51.35:488][557]LogModuleManager: Shutting down and abandoning module MetalShaderFormat (53)
[2016.03.28-13.51.35:489][557]LogModuleManager: Shutting down and abandoning module TextureFormatUncompressed (52)
[2016.03.28-13.51.35:489][557]LogModuleManager: Shutting down and abandoning module TextureFormatPVR (51)
[2016.03.28-13.51.35:489][557]LogModuleManager: Shutting down and abandoning module TextureFormatIntelISPCTexComp (50)
[2016.03.28-13.51.35:489][557]LogModuleManager: Shutting down and abandoning module TextureFormatDXT (49)
[2016.03.28-13.51.35:489][557]LogModuleManager: Shutting down and abandoning module ImageWrapper (48)
[2016.03.28-13.51.35:489][557]LogModuleManager: Shutting down and ab